2024-06-09 18:40:18,559 [INFO] Activator:176 - 


2024-06-09 18:40:18,563 [INFO] Activator:177 - !SESSION log4j initialized
2024-06-09 18:40:23,052 [INFO] LogOutputStream:77 - [STDOUT_REDIRECT] 
2024-06-09 18:40:35,024 [INFO] ApplicationProperties:184 - Using Application install path: C:\ST\STM32CubeIDE_1.13.1\STM32CubeIDE\plugins\com.st.stm32cube.common.mx_6.9.1.202307191849
2024-06-09 18:40:35,036 [INFO] DbMcusXml:78 - Set database path to: C:\ST\STM32CubeIDE_1.13.1\STM32CubeIDE\plugins\com.st.stm32cube.common.mx_6.9.1.202307191849\\db\/mcu/
2024-06-09 18:40:35,037 [INFO] ApiDb:274 - Set plugin database path to: C:\ST\STM32CubeIDE_1.13.1\STM32CubeIDE\plugins\com.st.stm32cube.common.mx_6.9.1.202307191849\\db\/plugins/boardmanager/
2024-06-09 18:40:35,037 [WARN] ApiDb:259 - Overriding images path with different value:  => C:\ST\STM32CubeIDE_1.13.1\STM32CubeIDE\plugins\com.st.stm32cube.common.mx_6.9.1.202307191849\\db\/plugins/mcufinder/images/
2024-06-09 18:40:35,048 [INFO] ApiDb:250 - Set database path to: C:\Users\samue\.stmcufinder\plugins\mcufinder//mcu/
2024-06-09 18:40:35,049 [INFO] DbMcusAds:125 - Set database path to: C:\Users\samue\.stmcufinder\plugins\mcufinder//mcu/
2024-06-09 18:40:35,051 [INFO] CrossReferenceDbSqlite:203 - Set database path to: C:\Users\samue\.stmcufinder\plugins\mcufinder//mcu/cs/
2024-06-09 18:40:35,115 [INFO] RulesReader:64 - Compatibility file has been processed (293 Rules)
2024-06-09 18:40:35,176 [INFO] DbMcusXml:78 - Set database path to: C:\ST\STM32CubeIDE_1.13.1\STM32CubeIDE\plugins\com.st.stm32cube.common.mx_6.9.1.202307191849\\db\/mcu/
2024-06-09 18:40:35,176 [INFO] ApiDb:274 - Set plugin database path to: C:\ST\STM32CubeIDE_1.13.1\STM32CubeIDE\plugins\com.st.stm32cube.common.mx_6.9.1.202307191849\\db\/plugins/boardmanager/
2024-06-09 18:40:35,177 [INFO] ApiDb:261 - Set plugin images path to: C:\ST\STM32CubeIDE_1.13.1\STM32CubeIDE\plugins\com.st.stm32cube.common.mx_6.9.1.202307191849\\db\/plugins/mcufinder/images/
2024-06-09 18:40:35,177 [WARN] DbFile:41 - Overriding database path with different value: C:\Users\samue\.stmcufinder\plugins\mcufinder/ => C:\Users\samue\.stmcufinder\plugins\mcufinder
2024-06-09 18:40:35,177 [INFO] ApiDb:250 - Set database path to: C:\Users\samue\.stmcufinder\plugins\mcufinder//mcu/
2024-06-09 18:40:35,178 [WARN] DbFile:41 - Overriding database path with different value: C:\Users\samue\.stmcufinder\plugins\mcufinder/ => C:\Users\samue\.stmcufinder\plugins\mcufinder
2024-06-09 18:40:35,178 [INFO] DbMcusAds:125 - Set database path to: C:\Users\samue\.stmcufinder\plugins\mcufinder//mcu/
2024-06-09 18:40:35,178 [WARN] DbFile:41 - Overriding database path with different value: C:\Users\samue\.stmcufinder\plugins\mcufinder/ => C:\Users\samue\.stmcufinder\plugins\mcufinder
2024-06-09 18:40:35,178 [WARN] DbFile:41 - Overriding database path with different value: C:\Users\samue\.stmcufinder\plugins\mcufinder/ => C:\Users\samue\.stmcufinder\plugins\mcufinder
2024-06-09 18:40:35,178 [INFO] CrossReferenceDbSqlite:203 - Set database path to: C:\Users\samue\.stmcufinder\plugins\mcufinder//mcu/cs/
2024-06-09 18:40:35,232 [INFO] MainPanel:262 - HeapMemory: 268435456
2024-06-09 18:40:35,293 [INFO] DbMcusXml:78 - Set database path to: C:\ST\STM32CubeIDE_1.13.1\STM32CubeIDE\plugins\com.st.stm32cube.common.mx_6.9.1.202307191849\\db\/mcu/
2024-06-09 18:40:35,293 [INFO] ApiDb:274 - Set plugin database path to: C:\ST\STM32CubeIDE_1.13.1\STM32CubeIDE\plugins\com.st.stm32cube.common.mx_6.9.1.202307191849\\db\/plugins/boardmanager/
2024-06-09 18:40:35,293 [INFO] ApiDb:261 - Set plugin images path to: C:\ST\STM32CubeIDE_1.13.1\STM32CubeIDE\plugins\com.st.stm32cube.common.mx_6.9.1.202307191849\\db\/plugins/mcufinder/images/
2024-06-09 18:40:35,294 [WARN] DbFile:41 - Overriding database path with different value: C:\Users\samue\.stmcufinder\plugins\mcufinder/ => C:\Users\samue\.stmcufinder\plugins\mcufinder
2024-06-09 18:40:35,294 [INFO] ApiDb:250 - Set database path to: C:\Users\samue\.stmcufinder\plugins\mcufinder//mcu/
2024-06-09 18:40:35,294 [WARN] DbFile:41 - Overriding database path with different value: C:\Users\samue\.stmcufinder\plugins\mcufinder/ => C:\Users\samue\.stmcufinder\plugins\mcufinder
2024-06-09 18:40:35,294 [INFO] DbMcusAds:125 - Set database path to: C:\Users\samue\.stmcufinder\plugins\mcufinder//mcu/
2024-06-09 18:40:35,294 [WARN] DbFile:41 - Overriding database path with different value: C:\Users\samue\.stmcufinder\plugins\mcufinder/ => C:\Users\samue\.stmcufinder\plugins\mcufinder
2024-06-09 18:40:35,295 [WARN] DbFile:41 - Overriding database path with different value: C:\Users\samue\.stmcufinder\plugins\mcufinder/ => C:\Users\samue\.stmcufinder\plugins\mcufinder
2024-06-09 18:40:35,295 [INFO] CrossReferenceDbSqlite:203 - Set database path to: C:\Users\samue\.stmcufinder\plugins\mcufinder//mcu/cs/
2024-06-09 18:40:35,309 [INFO] ApplicationProperties:184 - Using Application install path: C:\ST\STM32CubeIDE_1.13.1\STM32CubeIDE\plugins\com.st.stm32cube.common.mx_6.9.1.202307191849
2024-06-09 18:40:35,310 [INFO] PluginManage:196 - Search for loadable plugins [exclusion list=, ]
2024-06-09 18:40:35,311 [INFO] PluginManage:310 - Check plugin analytics
2024-06-09 18:40:35,419 [INFO] AnalyticsPlugin:253 - Accepted Software Licenses: 
2024-06-09 18:40:35,419 [INFO] AnalyticsPlugin:255 - Accepted CMSIS Pack Licenses: 
2024-06-09 18:40:35,419 [INFO] AnalyticsPlugin:257 - Accepted Firmware Licenses: FW.L4.1.18.0
2024-06-09 18:40:35,421 [INFO] PluginManage:359 - Loaded plugin analytics (category:tool,tabindex:-1)
2024-06-09 18:40:35,422 [INFO] PluginManage:310 - Check plugin cadmodel
2024-06-09 18:40:35,427 [INFO] CADModel:105 - Init CAD model plugin
2024-06-09 18:40:35,427 [INFO] PluginManage:359 - Loaded plugin cadmodel (category:power,tabindex:5)
2024-06-09 18:40:35,427 [INFO] PluginManage:310 - Check plugin clock
2024-06-09 18:40:35,435 [INFO] PluginManage:359 - Loaded plugin clock (category:base,tabindex:2)
2024-06-09 18:40:35,435 [INFO] PluginManage:310 - Check plugin ddr
2024-06-09 18:40:35,437 [INFO] PluginManage:359 - Loaded plugin ddr (category:tool,tabindex:6)
2024-06-09 18:40:35,438 [INFO] PluginManage:310 - Check plugin filemanager
2024-06-09 18:40:35,536 [INFO] PluginManage:359 - Loaded plugin filemanager (category:base,tabindex:10)
2024-06-09 18:40:35,536 [INFO] PluginManage:310 - Check plugin ipmanager
2024-06-09 18:40:35,542 [INFO] PluginManage:359 - Loaded plugin ipmanager (category:base,tabindex:5)
2024-06-09 18:40:35,542 [INFO] PluginManage:310 - Check plugin lpbam
2024-06-09 18:40:35,549 [INFO] PluginManage:359 - Loaded plugin lpbam (category:base,tabindex:0)
2024-06-09 18:40:35,549 [INFO] PluginManage:310 - Check plugin memorymap
2024-06-09 18:40:35,559 [INFO] PluginManage:359 - Loaded plugin memorymap (category:base,tabindex:4)
2024-06-09 18:40:35,561 [INFO] PluginManage:310 - Check plugin pinoutandconfiguration
2024-06-09 18:40:35,565 [INFO] PluginManage:359 - Loaded plugin pinoutandconfiguration (category:base,tabindex:1)
2024-06-09 18:40:35,566 [INFO] PluginManage:310 - Check plugin pinoutconfig
2024-06-09 18:40:35,628 [WARN] SupportedApi:132 - Cannot load RTOS API schema: s4s-elt-must-match.1: The content of 'definitions' must match (annotation?, (simpleType | complexType)?, (unique | key | keyref)*)). A problem was found starting at: attribute.
2024-06-09 18:40:35,715 [INFO] PluginManage:359 - Loaded plugin pinoutconfig (category:base,tabindex:0)
2024-06-09 18:40:35,716 [INFO] PluginManage:310 - Check plugin power
2024-06-09 18:40:35,724 [INFO] PluginManage:359 - Loaded plugin power (category:power,tabindex:4)
2024-06-09 18:40:35,724 [INFO] PluginManage:310 - Check plugin projectmanager
2024-06-09 18:40:35,735 [INFO] PluginManage:359 - Loaded plugin projectmanager (category:projectmanager,tabindex:3)
2024-06-09 18:40:35,735 [INFO] PluginManage:310 - Check plugin thirdparty
2024-06-09 18:40:35,825 [INFO] PluginManage:359 - Loaded plugin thirdparty (category:base,tabindex:-1)
2024-06-09 18:40:35,825 [WARN] IntegrityCheckThread:84 - waiting for thirdparty lock release [integrity check]
2024-06-09 18:40:35,825 [INFO] PluginManage:310 - Check plugin tools
2024-06-09 18:40:35,825 [INFO] IntegrityCheckThread:86 - entering critical section [integrity check]
2024-06-09 18:40:35,826 [INFO] ThirdPartyUpdaterWithRetryManager:70 - Updater plugin not ready yet. [1/15]
2024-06-09 18:40:35,828 [INFO] PluginManage:359 - Loaded plugin tools (category:base,tabindex:7)
2024-06-09 18:40:35,828 [INFO] PluginManage:310 - Check plugin tutovideos
2024-06-09 18:40:35,949 [INFO] PluginManage:359 - Loaded plugin tutovideos (category:base,tabindex:-1)
2024-06-09 18:40:35,949 [INFO] PluginManage:310 - Check plugin updater
2024-06-09 18:40:35,956 [INFO] PluginManage:359 - Loaded plugin updater (category:base,tabindex:12)
2024-06-09 18:40:35,957 [INFO] PluginManage:310 - Check plugin userauth
2024-06-09 18:40:35,960 [INFO] UserAuth:113 - Init User Auth plugin
2024-06-09 18:40:35,960 [INFO] PluginManage:359 - Loaded plugin userauth (category:base,tabindex:14)
2024-06-09 18:40:35,960 [INFO] PluginManage:283 - PluginManage : Loaded plugins [17]
2024-06-09 18:40:36,117 [INFO] PinOutPanel:1499 - setPackage(No Configuration,No Configuration)
2024-06-09 18:40:36,194 [INFO] CADModel:165 - CPN selected for project level
2024-06-09 18:40:36,194 [INFO] CADModel:114 - Register for checkConnection events
2024-06-09 18:40:36,207 [INFO] IPUIPlugin:80 - create IPUIPlugin
2024-06-09 18:40:36,207 [INFO] PluginManager:220 - loadIPPluginJar : add adc
2024-06-09 18:40:36,209 [INFO] IPUIPlugin:80 - create IPUIPlugin
2024-06-09 18:40:36,209 [INFO] PluginManager:220 - loadIPPluginJar : add aes
2024-06-09 18:40:36,211 [INFO] IPUIPlugin:80 - create IPUIPlugin
2024-06-09 18:40:36,212 [INFO] PluginManager:220 - loadIPPluginJar : add can
2024-06-09 18:40:36,213 [INFO] IPUIPlugin:80 - create IPUIPlugin
2024-06-09 18:40:36,213 [INFO] PluginManager:220 - loadIPPluginJar : add comp
2024-06-09 18:40:36,215 [INFO] IPUIPlugin:80 - create IPUIPlugin
2024-06-09 18:40:36,215 [INFO] PluginManager:220 - loadIPPluginJar : add cryp
2024-06-09 18:40:36,217 [INFO] IPUIPlugin:80 - create IPUIPlugin
2024-06-09 18:40:36,217 [INFO] PluginManager:220 - loadIPPluginJar : add dfsdm
2024-06-09 18:40:36,221 [INFO] IPUIPlugin:80 - create IPUIPlugin
2024-06-09 18:40:36,221 [INFO] PluginManager:220 - loadIPPluginJar : add dma
2024-06-09 18:40:36,223 [INFO] IPUIPlugin:80 - create IPUIPlugin
2024-06-09 18:40:36,223 [INFO] PluginManager:220 - loadIPPluginJar : add dma3
2024-06-09 18:40:36,224 [INFO] IPUIPlugin:80 - create IPUIPlugin
2024-06-09 18:40:36,225 [INFO] PluginManager:220 - loadIPPluginJar : add fatfs
2024-06-09 18:40:36,227 [INFO] IPUIPlugin:80 - create IPUIPlugin
2024-06-09 18:40:36,227 [INFO] PluginManager:220 - loadIPPluginJar : add fmc
2024-06-09 18:40:36,230 [INFO] IPUIPlugin:80 - create IPUIPlugin
2024-06-09 18:40:36,230 [INFO] PluginManager:220 - loadIPPluginJar : add freertos
2024-06-09 18:40:36,232 [INFO] IPUIPlugin:80 - create IPUIPlugin
2024-06-09 18:40:36,232 [INFO] PluginManager:220 - loadIPPluginJar : add genericplugin
2024-06-09 18:40:36,234 [INFO] IPUIPlugin:80 - create IPUIPlugin
2024-06-09 18:40:36,234 [INFO] PluginManager:220 - loadIPPluginJar : add gfxmmu
2024-06-09 18:40:36,237 [INFO] IPUIPlugin:80 - create IPUIPlugin
2024-06-09 18:40:36,237 [INFO] PluginManager:220 - loadIPPluginJar : add gic
2024-06-09 18:40:36,239 [INFO] IPUIPlugin:80 - create IPUIPlugin
2024-06-09 18:40:36,239 [INFO] PluginManager:220 - loadIPPluginJar : add gpio
2024-06-09 18:40:36,242 [INFO] IPUIPlugin:80 - create IPUIPlugin
2024-06-09 18:40:36,242 [INFO] PluginManager:220 - loadIPPluginJar : add gtzc
2024-06-09 18:40:36,244 [INFO] IPUIPlugin:80 - create IPUIPlugin
2024-06-09 18:40:36,244 [INFO] PluginManager:220 - loadIPPluginJar : add hash
2024-06-09 18:40:36,246 [INFO] IPUIPlugin:80 - create IPUIPlugin
2024-06-09 18:40:36,246 [INFO] PluginManager:220 - loadIPPluginJar : add i2c
2024-06-09 18:40:36,248 [INFO] IPUIPlugin:80 - create IPUIPlugin
2024-06-09 18:40:36,248 [INFO] PluginManager:220 - loadIPPluginJar : add i2s
2024-06-09 18:40:36,250 [INFO] IPUIPlugin:80 - create IPUIPlugin
2024-06-09 18:40:36,250 [INFO] PluginManager:220 - loadIPPluginJar : add i3c
2024-06-09 18:40:36,252 [INFO] IPUIPlugin:80 - create IPUIPlugin
2024-06-09 18:40:36,252 [INFO] PluginManager:220 - loadIPPluginJar : add ipddr
2024-06-09 18:40:36,258 [INFO] IPUIPlugin:80 - create IPUIPlugin
2024-06-09 18:40:36,258 [INFO] PluginManager:220 - loadIPPluginJar : add linkedlist
2024-06-09 18:40:36,260 [INFO] IPUIPlugin:80 - create IPUIPlugin
2024-06-09 18:40:36,260 [INFO] PluginManager:220 - loadIPPluginJar : add lorawan
2024-06-09 18:40:36,261 [INFO] IPUIPlugin:80 - create IPUIPlugin
2024-06-09 18:40:36,262 [INFO] PluginManager:220 - loadIPPluginJar : add ltdc
2024-06-09 18:40:36,266 [INFO] IPUIPlugin:80 - create IPUIPlugin
2024-06-09 18:40:36,266 [INFO] PluginManager:220 - loadIPPluginJar : add mdma
2024-06-09 18:40:36,269 [INFO] IPUIPlugin:80 - create IPUIPlugin
2024-06-09 18:40:36,269 [INFO] PluginManager:220 - loadIPPluginJar : add nvic
2024-06-09 18:40:36,271 [INFO] IPUIPlugin:80 - create IPUIPlugin
2024-06-09 18:40:36,271 [INFO] PluginManager:220 - loadIPPluginJar : add opamp
2024-06-09 18:40:36,273 [INFO] IPUIPlugin:80 - create IPUIPlugin
2024-06-09 18:40:36,273 [INFO] PluginManager:220 - loadIPPluginJar : add openamp
2024-06-09 18:40:36,276 [INFO] IPUIPlugin:80 - create IPUIPlugin
2024-06-09 18:40:36,276 [INFO] PluginManager:220 - loadIPPluginJar : add pdm2pcm
2024-06-09 18:40:36,280 [INFO] IPUIPlugin:80 - create IPUIPlugin
2024-06-09 18:40:36,281 [INFO] PluginManager:220 - loadIPPluginJar : add plateformsettings
2024-06-09 18:40:36,282 [INFO] IPUIPlugin:80 - create IPUIPlugin
2024-06-09 18:40:36,282 [INFO] PluginManager:220 - loadIPPluginJar : add quadspi
2024-06-09 18:40:36,285 [INFO] IPUIPlugin:80 - create IPUIPlugin
2024-06-09 18:40:36,285 [INFO] PluginManager:220 - loadIPPluginJar : add resmgrutility
2024-06-09 18:40:36,287 [INFO] IPUIPlugin:80 - create IPUIPlugin
2024-06-09 18:40:36,287 [INFO] PluginManager:220 - loadIPPluginJar : add sai
2024-06-09 18:40:36,289 [INFO] IPUIPlugin:80 - create IPUIPlugin
2024-06-09 18:40:36,289 [INFO] PluginManager:220 - loadIPPluginJar : add spi
2024-06-09 18:40:36,292 [INFO] IPUIPlugin:80 - create IPUIPlugin
2024-06-09 18:40:36,292 [INFO] PluginManager:220 - loadIPPluginJar : add stm32_wpan
2024-06-09 18:40:36,293 [INFO] IPUIPlugin:80 - create IPUIPlugin
2024-06-09 18:40:36,294 [INFO] PluginManager:220 - loadIPPluginJar : add tim
2024-06-09 18:40:36,296 [INFO] IPUIPlugin:80 - create IPUIPlugin
2024-06-09 18:40:36,296 [INFO] PluginManager:220 - loadIPPluginJar : add touchsensing
2024-06-09 18:40:36,298 [INFO] IPUIPlugin:80 - create IPUIPlugin
2024-06-09 18:40:36,298 [INFO] PluginManager:220 - loadIPPluginJar : add tracer_emb
2024-06-09 18:40:36,299 [INFO] IPUIPlugin:80 - create IPUIPlugin
2024-06-09 18:40:36,299 [INFO] PluginManager:220 - loadIPPluginJar : add ts
2024-06-09 18:40:36,301 [INFO] IPUIPlugin:80 - create IPUIPlugin
2024-06-09 18:40:36,301 [INFO] PluginManager:220 - loadIPPluginJar : add tsc
2024-06-09 18:40:36,303 [INFO] IPUIPlugin:80 - create IPUIPlugin
2024-06-09 18:40:36,303 [INFO] PluginManager:220 - loadIPPluginJar : add ucpd
2024-06-09 18:40:36,305 [INFO] IPUIPlugin:80 - create IPUIPlugin
2024-06-09 18:40:36,306 [INFO] PluginManager:220 - loadIPPluginJar : add usart
2024-06-09 18:40:36,308 [INFO] IPUIPlugin:80 - create IPUIPlugin
2024-06-09 18:40:36,308 [INFO] PluginManager:220 - loadIPPluginJar : add usbx
2024-06-09 18:40:36,412 [INFO] CADModel:165 - CPN selected for project level
2024-06-09 18:40:36,412 [INFO] CADModel:114 - Register for checkConnection events
2024-06-09 18:40:36,413 [FATAL] Updater:308 - Updater called before beeing initialized
2024-06-09 18:40:36,413 [ERROR] CADModel:125 - Updater not yet initialized, retry later 
2024-06-09 18:40:36,504 [INFO] CADModel:165 - CPN selected for project level
2024-06-09 18:40:36,504 [INFO] CADModel:114 - Register for checkConnection events
2024-06-09 18:40:36,504 [FATAL] Updater:308 - Updater called before beeing initialized
2024-06-09 18:40:36,505 [ERROR] CADModel:125 - Updater not yet initialized, retry later 
2024-06-09 18:40:36,508 [FATAL] Updater:308 - Updater called before beeing initialized
2024-06-09 18:40:36,573 [FATAL] Updater:308 - Updater called before beeing initialized
2024-06-09 18:40:36,578 [INFO] DbMcusAds:53 - JSON generation date=Thu May 16 11:22:00 CEST 2024 (1715851320852)
2024-06-09 18:40:36,578 [FATAL] Updater:308 - Updater called before beeing initialized
2024-06-09 18:40:36,613 [WARN] DetailPanel:346 - Failed to get advertising image, set to default
2024-06-09 18:40:36,673 [FATAL] Updater:308 - Updater called before beeing initialized
2024-06-09 18:40:36,674 [FATAL] Updater:308 - Updater called before beeing initialized
2024-06-09 18:40:36,674 [FATAL] Updater:308 - Updater called before beeing initialized
2024-06-09 18:40:36,674 [WARN] DetailPanel:346 - Failed to get advertising image, set to default
2024-06-09 18:40:36,675 [FATAL] Updater:308 - Updater called before beeing initialized
2024-06-09 18:40:36,703 [ERROR] Updater:1120 - MainUpdater not yet initialized. External WinMGr cannot be set.
2024-06-09 18:40:36,705 [INFO] Updater:1056 - Updater Version found : 6.9.1
2024-06-09 18:40:36,716 [INFO] ApplicationProperties:184 - Using Application install path: C:\ST\STM32CubeIDE_1.13.1\STM32CubeIDE\plugins\com.st.stm32cube.common.mx_6.9.1.202307191849
2024-06-09 18:40:36,947 [INFO] MainUpdater:2868 - connection check result : 10
2024-06-09 18:40:36,948 [INFO] MainUpdater:3562 - Updater definition file requires update
2024-06-09 18:40:36,948 [INFO] MainUpdater:285 - Updater Check For Update Now.
2024-06-09 18:40:36,949 [INFO] MicroXplorer:498 - Change Database Version : DB.6.0.91
2024-06-09 18:40:36,953 [INFO] McuFinderGlobals:63 - Set McuFinder mode to 2 (CubeIDE integrated)
2024-06-09 18:40:36,953 [INFO] UserAuth:179 - activating auth plugin
2024-06-09 18:40:36,956 [INFO] UserAuth:393 - Internet connection configuration mode: 1
2024-06-09 18:40:36,966 [INFO] JxBrowserEngine:151 - Initiate JxBrowser Engine with user profile folder
2024-06-09 18:40:37,047 [INFO] ServerAccessManage:473 - Download File updaters.zip
2024-06-09 18:40:37,225 [INFO] FileExtend:240 - Unzip File : updaters.zip
2024-06-09 18:40:37,225 [INFO] FileExtend:255 - Standard Zip Deflate
2024-06-09 18:40:37,592 [INFO] ServerAccessManage:473 - Download File PacksControlFlags.xml
2024-06-09 18:40:37,715 [INFO] ServerAccessManage:473 - Download File cubemx.pidx
2024-06-09 18:40:37,734 [INFO] WebApp:157 - Instantiating new browser for Auth
2024-06-09 18:40:37,796 [INFO] LoadServerUpdatesThread:373 - End of LoadServerUpdate Thread
2024-06-09 18:40:37,941 [INFO] CheckServerUpdateThread:120 - End of CheckServer Thread
2024-06-09 18:40:38,235 [INFO] WebApp:753 - Register for checkConnection events
2024-06-09 18:40:38,235 [INFO] WebApp:390 - Apply proxy settings
2024-06-09 18:40:38,235 [INFO] WebApp:475 - Chromium requires no authentication
2024-06-09 18:40:38,241 [INFO] WebApp:418 - Direct internet connection detected
2024-06-09 18:40:38,359 [INFO] WebApp:188 - Starting web application
2024-06-09 18:40:38,360 [INFO] WebApp:520 - Web application path used C:\ST\STM32CubeIDE_1.13.1\STM32CubeIDE\plugins\com.st.stm32cube.common.mx_6.9.1.202307191849\db\plugins\mcufinder\reactClient1\index.html
2024-06-09 18:40:39,128 [WARN] PackLoader:240 - Cannot read IP mode file for STMicroelectronics.FP-SNS-MOTENVWB1.1.4.0
2024-06-09 18:40:39,137 [WARN] PackLoader:240 - Cannot read IP mode file for STMicroelectronics.X-CUBE-SMBUS.2.1.0
2024-06-09 18:40:39,142 [WARN] PackLoader:240 - Cannot read IP mode file for STMicroelectronics.X-CUBE-TOUCHGFX.4.23.0
2024-06-09 18:40:39,145 [WARN] PackLoader:240 - Cannot read IP mode file for STMicroelectronics.X-CUBE-TOUCHGFX.4.23.2
2024-06-09 18:40:39,163 [WARN] PackLoader:240 - Cannot read IP mode file for STMicroelectronics.X-CUBE-AZRTOS-F7.1.1.0
2024-06-09 18:40:39,171 [WARN] PackLoader:240 - Cannot read IP mode file for STMicroelectronics.FP-SNS-MOTENV1.4.3.2
2024-06-09 18:40:39,177 [WARN] PackLoader:240 - Cannot read IP mode file for STMicroelectronics.FP-SNS-FLIGHT1.5.0.2
2024-06-09 18:40:39,184 [WARN] PackLoader:240 - Cannot read IP mode file for STMicroelectronics.X-CUBE-DISPLAY.3.0.0
2024-06-09 18:40:39,194 [WARN] PackLoader:240 - Cannot read IP mode file for STMicroelectronics.X-CUBE-BLE1.7.0.0
2024-06-09 18:40:39,199 [WARN] PackLoader:240 - Cannot read IP mode file for emotas.I-CUBE-CANOPEN.1.3.0
2024-06-09 18:40:39,207 [WARN] PackLoader:240 - Cannot read IP mode file for STMicroelectronics.X-CUBE-BLEMGR.3.1.0
2024-06-09 18:40:39,212 [WARN] PackLoader:240 - Cannot read IP mode file for STMicroelectronics.FP-SNS-SMARTAG2.1.2.0
2024-06-09 18:40:39,219 [INFO] LogOutputStream:77 - [STDOUT_REDIRECT] 1 : Invalid condition id : UX_CORESTACK_Condition cause : null
2024-06-09 18:40:39,219 [INFO] LogOutputStream:77 - [STDOUT_REDIRECT] 1 : Invalid condition id : UX_CORESTACK_Condition cause : null
2024-06-09 18:40:39,220 [INFO] LogOutputStream:77 - [STDOUT_REDIRECT] 1 : Invalid condition id : UX_CORESTACK_Condition cause : null
2024-06-09 18:40:39,220 [INFO] LogOutputStream:77 - [STDOUT_REDIRECT] 1 : Invalid condition id : UX_CORESTACK_Condition cause : null
2024-06-09 18:40:39,221 [INFO] LogOutputStream:77 - [STDOUT_REDIRECT] 1 : Invalid condition id : UX_CORESTACK_Condition cause : null
2024-06-09 18:40:39,223 [WARN] PackLoader:240 - Cannot read IP mode file for STMicroelectronics.X-CUBE-AZRTOS-WL.2.0.0
2024-06-09 18:40:39,227 [WARN] PackLoader:240 - Cannot read IP mode file for STMicroelectronics.FP-SNS-MOTENV1.5.0.0
2024-06-09 18:40:39,233 [WARN] PackLoader:240 - Cannot read IP mode file for WES.I-CUBE-Cesium.1.3.0
2024-06-09 18:40:39,237 [WARN] PackLoader:240 - Cannot read IP mode file for STMicroelectronics.X-CUBE-BLE2.3.3.0
2024-06-09 18:40:39,242 [WARN] PackLoader:240 - Cannot read IP mode file for STMicroelectronics.X-CUBE-TCPP.4.1.0
2024-06-09 18:40:39,248 [WARN] PackLoader:240 - Cannot read IP mode file for STMicroelectronics.X-CUBE-ALGOBUILD.1.3.0
2024-06-09 18:40:39,260 [WARN] PackLoader:240 - Cannot read IP mode file for STMicroelectronics.X-CUBE-AZRTOS-G0.1.1.0
2024-06-09 18:40:39,266 [WARN] PackLoader:240 - Cannot read IP mode file for STMicroelectronics.X-CUBE-SAFEA1.1.2.2
2024-06-09 18:40:39,272 [WARN] PackLoader:240 - Cannot read IP mode file for STMicroelectronics.X-CUBE-NFC4.3.0.0
2024-06-09 18:40:39,276 [WARN] PackLoader:240 - Cannot read IP mode file for wolfSSL.I-CUBE-wolfMQTT.1.18.0
2024-06-09 18:40:39,283 [WARN] PackLoader:240 - Cannot read IP mode file for STMicroelectronics.X-CUBE-BLEMGR.3.0.0
2024-06-09 18:40:39,288 [WARN] PackLoader:240 - Cannot read IP mode file for STMicroelectronics.FP-ATR-SIGFOX1.3.2.0
2024-06-09 18:40:39,294 [WARN] PackLoader:240 - Cannot read IP mode file for STMicroelectronics.X-CUBE-EEPRMA1.5.1.0
2024-06-09 18:40:39,322 [WARN] PackLoader:240 - Cannot read IP mode file for SEGGER.I-CUBE-embOS.1.3.1
2024-06-09 18:40:39,353 [WARN] PackLoader:240 - Cannot read IP mode file for STMicroelectronics.X-CUBE-ALGOBUILD.1.4.0
2024-06-09 18:40:39,358 [WARN] PackLoader:240 - Cannot read IP mode file for STMicroelectronics.X-CUBE-GNSS1.6.0.0
2024-06-09 18:40:39,374 [WARN] PackLoader:240 - Cannot read IP mode file for STMicroelectronics.X-CUBE-AZRTOS-F4.1.1.0
2024-06-09 18:40:39,383 [WARN] PackLoader:240 - Cannot read IP mode file for STMicroelectronics.X-CUBE-FREERTOS.1.2.0
2024-06-09 18:40:39,389 [WARN] PackLoader:240 - Cannot read IP mode file for wolfSSL.I-CUBE-wolfSSL.5.6.6
2024-06-09 18:40:39,403 [WARN] PackLoader:240 - Cannot read IP mode file for STMicroelectronics.X-CUBE-AZRTOS-L5.2.0.0
2024-06-09 18:40:39,409 [WARN] PackLoader:240 - Cannot read IP mode file for STMicroelectronics.X-CUBE-EEPRMA1.4.2.0
2024-06-09 18:40:39,415 [WARN] PackLoader:240 - Cannot read IP mode file for STMicroelectronics.X-CUBE-NFC6.3.1.0
2024-06-09 18:40:39,422 [WARN] PackLoader:240 - Cannot read IP mode file for ITTIA_DB.I-CUBE-ITTIADB.8.8.0
2024-06-09 18:40:39,426 [WARN] PackLoader:240 - Cannot read IP mode file for STMicroelectronics.X-CUBE-AI.9.0.0
2024-06-09 18:40:39,432 [WARN] PackLoader:240 - Cannot read IP mode file for STMicroelectronics.X-CUBE-NFC7.1.0.1
2024-06-09 18:40:39,438 [WARN] PackLoader:240 - Cannot read IP mode file for STMicroelectronics.X-CUBE-NFC6.3.0.0
2024-06-09 18:40:39,443 [WARN] PackLoader:240 - Cannot read IP mode file for STMicroelectronics.X-CUBE-AI.8.1.0
2024-06-09 18:40:39,458 [WARN] ConditionMgr:438 - getConditionDescription Invalid condition id : LAN8742 Phy interface Condition cause : null
2024-06-09 18:40:39,460 [WARN] PackLoader:240 - Cannot read IP mode file for STMicroelectronics.X-CUBE-AZRTOS-L4.2.0.0
2024-06-09 18:40:39,461 [WARN] ConditionMgr:1039 - genDependencies : Invalid condition id : LAN8742 Phy interface Condition cause : null
2024-06-09 18:40:39,462 [WARN] ConditionMgr:1039 - genDependencies : Invalid condition id : LAN8742 Phy interface Condition cause : null
2024-06-09 18:40:39,462 [WARN] ConditionMgr:1039 - genDependencies : Invalid condition id : LAN8742 Phy interface Condition cause : null
2024-06-09 18:40:39,470 [WARN] PackLoader:240 - Cannot read IP mode file for STMicroelectronics.X-CUBE-SFXS2LP1.4.0.0
2024-06-09 18:40:39,481 [WARN] ConditionMgr:438 - getConditionDescription Invalid condition id : UX DEVICE CLASS RTOS Condition cause : null
2024-06-09 18:40:39,481 [WARN] ConditionMgr:438 - getConditionDescription Invalid condition id : UX DEVICE CLASS RTOS Condition cause : null
2024-06-09 18:40:39,483 [WARN] PackLoader:240 - Cannot read IP mode file for STMicroelectronics.X-CUBE-AZRTOS-WB.2.0.0
2024-06-09 18:40:39,484 [WARN] ConditionMgr:1039 - genDependencies : Invalid condition id : UX DEVICE CLASS RTOS Condition cause : null
2024-06-09 18:40:39,484 [WARN] ConditionMgr:1039 - genDependencies : Invalid condition id : UX DEVICE CLASS RTOS Condition cause : null
2024-06-09 18:40:39,485 [WARN] ConditionMgr:1039 - genDependencies : Invalid condition id : UX DEVICE CLASS RTOS Condition cause : null
2024-06-09 18:40:39,485 [WARN] ConditionMgr:1039 - genDependencies : Invalid condition id : UX DEVICE CLASS RTOS Condition cause : null
2024-06-09 18:40:39,486 [WARN] ConditionMgr:1039 - genDependencies : Invalid condition id : UX DEVICE CLASS RTOS Condition cause : null
2024-06-09 18:40:39,494 [WARN] PackLoader:240 - Cannot read IP mode file for STMicroelectronics.X-CUBE-SUBG2.5.0.0
2024-06-09 18:40:39,511 [WARN] PackLoader:240 - Cannot read IP mode file for STMicroelectronics.X-CUBE-AZRTOS-G4.2.0.0
2024-06-09 18:40:39,523 [WARN] PackLoader:240 - Cannot read IP mode file for Infineon.AIROC-Wi-Fi-Bluetooth-STM32.1.5.1
2024-06-09 18:40:39,529 [WARN] PackLoader:240 - Cannot read IP mode file for STMicroelectronics.FP-SNS-MOTENVWB1.1.3.1
2024-06-09 18:40:39,536 [WARN] PackLoader:240 - Cannot read IP mode file for STMicroelectronics.X-CUBE-ISPU.2.0.0
2024-06-09 18:40:39,541 [WARN] PackLoader:240 - Cannot read IP mode file for STMicroelectronics.X-CUBE-ALS.1.0.2
2024-06-09 18:40:39,572 [WARN] PackLoader:240 - Cannot read IP mode file for STMicroelectronics.X-CUBE-MEMS1.10.0.0
2024-06-09 18:40:39,652 [WARN] PackLoader:240 - Cannot read IP mode file for STMicroelectronics.X-CUBE-FREERTOS.1.1.0
2024-06-09 18:40:39,657 [WARN] PackLoader:240 - Cannot read IP mode file for portGmbH.I-Cube-SoM-uGOAL.1.1.0
2024-06-09 18:40:39,661 [WARN] PackLoader:240 - Cannot read IP mode file for STMicroelectronics.X-CUBE-ALS.1.0.1
2024-06-09 18:40:39,673 [WARN] PackLoader:240 - Cannot read IP mode file for STMicroelectronics.X-CUBE-AZRTOS-H7RS.1.0.0
2024-06-09 18:40:39,678 [WARN] PackLoader:240 - Cannot read IP mode file for STMicroelectronics.FP-ATR-ASTRA1.2.0.0
2024-06-09 18:40:39,691 [WARN] PackLoader:240 - Cannot read IP mode file for STMicroelectronics.X-CUBE-TOF1.3.4.0
2024-06-09 18:40:39,702 [WARN] PackLoader:240 - Cannot read IP mode file for STMicroelectronics.X-CUBE-TOF1.3.4.1
2024-06-09 18:40:39,717 [WARN] PackLoader:240 - Cannot read IP mode file for STMicroelectronics.X-CUBE-AZRTOS-H7.3.2.0
2024-06-09 18:40:39,720 [INFO] ThirdParty:978 - Integrity check success = true
2024-06-09 18:40:39,721 [INFO] IntegrityCheckThread:100 - exiting critical section [integrity check]
2024-06-09 18:40:39,721 [INFO] IntegrityCheckThread:103 - End integrity checks thread
2024-06-09 18:40:58,794 [ERROR] LogOutputStream:75 - [STDERR_REDIRECT] SLF4J: Failed to load class "org.slf4j.impl.StaticLoggerBinder".
2024-06-09 18:40:58,795 [ERROR] LogOutputStream:75 - [STDERR_REDIRECT] SLF4J: Defaulting to no-operation (NOP) logger implementation
2024-06-09 18:40:58,796 [ERROR] LogOutputStream:75 - [STDERR_REDIRECT] SLF4J: See http://www.slf4j.org/codes.html#StaticLoggerBinder for further details.
2024-06-09 20:09:51,028 [INFO] McuFinderGlobals:63 - Set McuFinder mode to 2 (CubeIDE integrated)
2024-06-09 20:09:51,033 [INFO] MainUpdater:2868 - connection check result : 10
2024-06-09 20:09:51,034 [INFO] MainUpdater:2868 - connection check result : 10
2024-06-09 20:09:51,078 [INFO] MicroXplorer:468 - Change Database Path : 
2024-06-09 20:09:51,078 [INFO] MicroXplorer:498 - Change Database Version : DB.6.0.91
2024-06-09 20:09:51,080 [WARN] ThirdParty:871 - waiting for thirdparty lock release [close project]
2024-06-09 20:09:51,081 [INFO] ThirdParty:873 - entering critical section [close project]
2024-06-09 20:09:51,082 [INFO] ThirdParty:883 - exiting critical section [close project]
2024-06-09 20:09:51,084 [INFO] PinOutPanel:1499 - setPackage(No Configuration,No Configuration)
2024-06-09 20:09:51,090 [INFO] UtilMem:75 - Begin LoadConfig() Used Memory: 592454968 Bytes (1066401792)
2024-06-09 20:09:51,093 [INFO] MicroXplorer:468 - Change Database Path : 
2024-06-09 20:09:51,093 [INFO] MicroXplorer:498 - Change Database Version : DB.6.0.91
2024-06-09 20:09:51,093 [INFO] OpenFileManager:308 - Change cursor
2024-06-09 20:09:51,116 [INFO] Mcu:1946 - Initializing MCU STM32L432K(B-C)Ux STM32L432KCUx STM32L432KCU3
2024-06-09 20:09:51,918 [INFO] Context:659 - Trying to add GPIOservice into a context  which must be forbidden
2024-06-09 20:09:52,375 [INFO] RtosManager:555 - Registered RTOS mode: class=CMSIS, group=RTOS, mode=CMSIS_V1, owner=FREERTOS
2024-06-09 20:09:52,375 [INFO] RtosManager:555 - Registered RTOS mode: class=CMSIS, group=RTOS2, mode=CMSIS_V2, owner=FREERTOS
2024-06-09 20:09:52,376 [INFO] RtosManager:555 - Registered RTOS mode: class=RTOS, group=Core, mode=CMSIS_V1, owner=FREERTOS
2024-06-09 20:09:52,376 [INFO] RtosManager:555 - Registered RTOS mode: class=RTOS, group=Core, mode=CMSIS_V2, owner=FREERTOS
2024-06-09 20:09:52,376 [WARN] ModelIntegratedComponent:184 - Missing modes for component STMicroelectronics:FreeRTOS:0.0.1:STMicroelectronics:RTOS:FreeRTOS:Core:::10.2.0:
2024-06-09 20:09:52,387 [WARN] ModelIntegratedComponent:63 - No mode defined for component null
2024-06-09 20:09:52,387 [WARN] ModelIntegratedComponent:63 - No mode defined for component null
2024-06-09 20:09:52,387 [WARN] ModelIntegratedComponent:63 - No mode defined for component null
2024-06-09 20:09:52,387 [WARN] ModelIntegratedComponent:63 - No mode defined for component null
2024-06-09 20:09:52,388 [WARN] ModelIntegratedComponent:63 - No mode defined for component null
2024-06-09 20:09:52,388 [WARN] ModelIntegratedComponent:63 - No mode defined for component null
2024-06-09 20:09:52,388 [WARN] ModelIntegratedComponent:63 - No mode defined for component null
2024-06-09 20:09:52,388 [WARN] ModelIntegratedComponent:63 - No mode defined for component null
2024-06-09 20:09:52,388 [WARN] ModelIntegratedComponent:63 - No mode defined for component null
2024-06-09 20:09:52,388 [WARN] ModelIntegratedComponent:63 - No mode defined for component null
2024-06-09 20:09:52,388 [WARN] ModelIntegratedComponent:63 - No mode defined for component null
2024-06-09 20:09:52,389 [WARN] ModelIntegratedComponent:63 - No mode defined for component null
2024-06-09 20:09:52,389 [WARN] ModelIntegratedComponent:63 - No mode defined for component null
2024-06-09 20:09:52,389 [WARN] ModelIntegratedComponent:63 - No mode defined for component null
2024-06-09 20:09:52,389 [WARN] ModelIntegratedComponent:63 - No mode defined for component null
2024-06-09 20:09:52,389 [WARN] ModelIntegratedComponent:63 - No mode defined for component null
2024-06-09 20:09:52,390 [WARN] ModelIntegratedComponent:63 - No mode defined for component null
2024-06-09 20:09:52,390 [WARN] ModelIntegratedComponent:63 - No mode defined for component null
2024-06-09 20:09:52,390 [WARN] ModelIntegratedComponent:63 - No mode defined for component null
2024-06-09 20:09:52,390 [WARN] ModelIntegratedComponent:63 - No mode defined for component null
2024-06-09 20:09:52,390 [WARN] ModelIntegratedComponent:63 - No mode defined for component null
2024-06-09 20:09:52,391 [WARN] ModelIntegratedComponent:63 - No mode defined for component null
2024-06-09 20:09:52,391 [WARN] ModelIntegratedComponent:63 - No mode defined for component null
2024-06-09 20:09:52,391 [WARN] ModelIntegratedComponent:63 - No mode defined for component null
2024-06-09 20:09:52,391 [WARN] ModelIntegratedComponent:63 - No mode defined for component null
2024-06-09 20:09:52,391 [WARN] ModelIntegratedComponent:63 - No mode defined for component null
2024-06-09 20:09:52,391 [WARN] ModelIntegratedComponent:63 - No mode defined for component null
2024-06-09 20:09:52,391 [WARN] ModelIntegratedComponent:63 - No mode defined for component null
2024-06-09 20:09:52,391 [WARN] ModelIntegratedComponent:63 - No mode defined for component null
2024-06-09 20:09:52,392 [WARN] ModelIntegratedComponent:63 - No mode defined for component null
2024-06-09 20:09:52,392 [WARN] ModelIntegratedComponent:63 - No mode defined for component null
2024-06-09 20:09:52,392 [WARN] ModelIntegratedComponent:63 - No mode defined for component null
2024-06-09 20:09:52,392 [WARN] ModelIntegratedComponent:63 - No mode defined for component null
2024-06-09 20:09:52,496 [INFO] ThirdPartyModel:298 - Start build external matchings
2024-06-09 20:09:52,799 [INFO] ThirdPartyModel:316 - End build external matchings
2024-06-09 20:09:52,810 [INFO] RtosManager:919 - Current active RTOS is FREERTOS [Cortex-M4NS]
2024-06-09 20:09:52,817 [INFO] ImportTextPane:194 - (OptionalMessage_ERROR) IP (RCC) : Invalid parameter (48CLKFreq_Value)
2024-06-09 20:09:52,817 [INFO] ImportTextPane:194 - (OptionalMessage_ERROR) IP (RCC) : Invalid parameter (FamilyName)
2024-06-09 20:09:52,817 [INFO] ImportTextPane:194 - (OptionalMessage_ERROR) IP (RCC) : Invalid parameter (HSI16_VALUE)
2024-06-09 20:09:52,817 [INFO] ImportTextPane:194 - (OptionalMessage_ERROR) IP (RCC) : Invalid parameter (LPTIMFreq_Value)
2024-06-09 20:09:52,817 [INFO] ImportTextPane:194 - (OptionalMessage_ERROR) IP (RCC) : Invalid parameter (LPUARTFreq_Value)
2024-06-09 20:09:52,818 [INFO] ImportTextPane:194 - (OptionalMessage_ERROR) IP (RCC) : Invalid parameter (MCOPinFreq_Value)
2024-06-09 20:09:52,818 [INFO] ImportTextPane:194 - (OptionalMessage_ERROR) IP (RCC) : Invalid parameter (PLLCLKFreq_Value)
2024-06-09 20:09:52,818 [INFO] ImportTextPane:194 - (OptionalMessage_ERROR) IP (RCC) : Invalid parameter (PLLMUL)
2024-06-09 20:09:52,818 [INFO] ImportTextPane:194 - (OptionalMessage_ERROR) IP (RCC) : Invalid parameter (RTCHSEDivFreq_Value)
2024-06-09 20:09:52,818 [INFO] ImportTextPane:194 - (OptionalMessage_ERROR) IP (RCC) : Invalid parameter (TIMFreq_Value)
2024-06-09 20:09:52,818 [INFO] ImportTextPane:194 - (OptionalMessage_ERROR) IP (RCC) : Invalid parameter (TimerFreq_Value)
2024-06-09 20:09:52,957 [INFO] UtilMem:75 - End LoadConfig() Used Memory: 801560936 Bytes (1073741824)
2024-06-09 20:09:53,044 [INFO] ApiDb:581 - Connected to CubeFinder SQLite database (C:\Users\samue\.stmcufinder\plugins\mcufinder\mcu\cube-finder-db.db)
2024-06-09 20:09:53,113 [INFO] ApiDb:668 - CubeFinder database Data Model version=2.1
2024-06-09 20:09:53,114 [INFO] ApiDb:669 - CubeFinder database Configuration version=3.0.39
2024-06-09 20:09:53,114 [INFO] ApiDb:670 - CubeFinder database generation date=2024-05-16 (1715872938)
2024-06-09 20:09:53,114 [INFO] ApiDb:671 - CubeFinder database FW Pack versions=[FP-ATR-ASTRA1_V2.0.0, FP-SNS-FLIGHT1_V5.0.1, FP-SNS-FLIGHT1_V5.0.2, FP-SNS-MOTENV1_V4.3.1, FP-SNS-MOTENV1_V4.3.2, FP-SNS-MOTENV1_V5.0.0, FP-SNS-MOTENVWB1_V1.4.0, FP-SNS-SMARTAG2_V1.2.0, STM32Cube_FW_C0_V1.1.0, STM32Cube_FW_F4_V1.28.0, STM32Cube_FW_F7_V1.17.0, STM32Cube_FW_G0_V1.6.2, STM32Cube_FW_G4_V1.5.2, STM32Cube_FW_H5_V0.5.1, STM32Cube_FW_H5_V1.1.1, STM32Cube_FW_H5_V1.2.0, STM32Cube_FW_H5_V1.2.0RC4, STM32Cube_FW_H7RS_V1.0.0, STM32Cube_FW_H7RS_V1.0.0RC4, STM32Cube_FW_H7_V1.11.0, STM32Cube_FW_L0_V1.12.2, STM32Cube_FW_L5_V1.5.1, STM32Cube_FW_U0_V1.0.0, STM32Cube_FW_U0_V1.0.0RC1, STM32Cube_FW_U5_V1.3.0RC4, STM32Cube_FW_U5_V1.5.0, STM32Cube_FW_U5_V1.5.0RC1, STM32Cube_FW_WBA_V1.0.0RC1, STM32Cube_FW_WBA_V1.2.0, STM32Cube_FW_WBA_V1.2.0RC2, STM32Cube_FW_WBA_V1.3.0, STM32Cube_FW_WBA_V1.3.0RC1, STM32Cube_FW_WB_V1.15.0RC1, STM32Cube_FW_WB_V1.16.0, STM32Cube_FW_WB_V1.16.0RC2, STM32Cube_FW_WB_V1.18.0, STM32Cube_FW_WB_V1.19.0, STM32Cube_FW_WL_V1.3.0, X-CUBE-ALGOBUILD_V1.4.0, X-CUBE-ALS_V1.0.1, X-CUBE-AZRTOS-F4_V1.1.0, X-CUBE-AZRTOS-F7_V1.1.0, X-CUBE-AZRTOS-G0_V1.1.0, X-CUBE-AZRTOS-G4_V2.0.0, X-CUBE-AZRTOS-H7_V3.2.0, X-CUBE-AZRTOS-L4_V1.0.0, X-CUBE-AZRTOS-L4_V2.0.0, X-CUBE-AZRTOS-L5_V1.1.0, X-CUBE-AZRTOS-WB_V2.0.0, X-CUBE-AZRTOS-WL_V2.0.0, X-CUBE-BLE1_V7.0.0, X-CUBE-BLE2_V3.3.0, X-CUBE-BLEMGR_V3.1.0, X-CUBE-EEPRMA1_V4.1.0, X-CUBE-EEPRMA1_V5.1.0, X-CUBE-FREERTOS_V1.1.0, X-CUBE-GNSS1_V6.0.0, X-CUBE-MEMS1_V10.0.0, X-CUBE-MEMS1_V9.1.0, X-CUBE-MEMS1_V9.4.0, X-CUBE-MEMS1_V9.6.0, X-CUBE-NFC4_V3.0.0, X-CUBE-NFC7_V1.0.1, X-CUBE-SFXS2LP1_V4.0.0, X-CUBE-SUBG2_V5.0.0, X-CUBE-TOF1_V3.4.0]
2024-06-09 20:09:54,687 [INFO] ApiDb:240 - Found 323 in-development CPN: [B-G473E-ZEST1S, B-WB1M-WPAN1, B-WL5M-SUBG1, NUCLEO-C031C6, NUCLEO-H503RB, NUCLEO-H563ZI, NUCLEO-U545RE-Q, NUCLEO-U5A5ZJ-Q, NUCLEO-WBA52CG, STEVAL-PROTEUS1, STEVAL-SMARTAG2, STEVAL-STWINBX1, STM320518-EVAL, STM32C0116-DK, STM32C011D6Y3TR, STM32C011D6Y6TR, STM32C011F4P3, STM32C011F4P6, STM32C011F4U3, STM32C011F4U6TR, STM32C011F6P3, STM32C011F6P6, STM32C011F6U3, STM32C011F6U6TR, STM32C011J4M3, STM32C011J4M6, STM32C011J6M3, STM32C011J6M6, STM32C0316-DK, STM32C031C4T3, STM32C031C4T6, STM32C031C4U3, STM32C031C4U6, STM32C031C6T3, STM32C031C6T6, STM32C031C6U3, STM32C031C6U6, STM32C031F4P3, STM32C031F4P6, STM32C031F6P3, STM32C031F6P6, STM32C031G4U3, STM32C031G4U6, STM32C031G6U3, STM32C031G6U6, STM32C031K4T3, STM32C031K4T6, STM32C031K4U3, STM32C031K4U6, STM32C031K6T3, STM32C031K6T6, STM32C031K6U3, STM32C031K6U6, STM32G071K8TXN, STM32G071K8UXN, STM32G081GBU6N, STM32G081KBT6N, STM32G081KBUXN, STM32G0B1CCT6N, STM32G0B1KCT6, STM32G0B1NEY6TR, STM32G0B1RCT6N, STM32G0C1CCT6, STM32G0C1CCT6N, STM32G0C1CCU6N, STM32G0C1CET6N, STM32G0C1CEU6N, STM32G0C1KCT6, STM32G0C1NEY6TR, STM32G0C1RCI6N, STM32G0C1RCT6N, STM32G0C1REI6N, STM32G0C1RET6N, STM32G0C1VCI6, STM32G0C1VEI6, STM32G471CCT6, STM32G471CCU6, STM32G471CET3, STM32G471CET6, STM32G471CEU3, STM32G471CEU6, STM32G471MCT6, STM32G471MET3, STM32G471MET6, STM32G471MEY6TR, STM32G471QCT6, STM32G471QET3, STM32G471RCT6, STM32G471RET3, STM32G471RET6, STM32G471VCH6, STM32G471VCI6, STM32G471VCT6, STM32G471VEH3, STM32G471VEH6, STM32G471VEI3, STM32G471VEI6, STM32G471VET3, STM32G471VET6, STM32G474CCT6, STM32H503CBT6, STM32H503CBU6, STM32H503EBY6TR, STM32H503KBU6, STM32H503RBT6, STM32H562AGI6, STM32H562AII6, STM32H562IGK6, STM32H562IGT6, STM32H562IIK6, STM32H562IIT6, STM32H562RGT6, STM32H562RGV6, STM32H562RIT6, STM32H562RIV6, STM32H562VGT6, STM32H562VIT6, STM32H562ZGT6, STM32H562ZIT6, STM32H563AGI6, STM32H563AII3Q, STM32H563AII6, STM32H563IGK6, STM32H563IGT6, STM32H563IIK3Q, STM32H563IIK6, STM32H563IIT3Q, STM32H563IIT6, STM32H563MIY3QTR, STM32H563RGT6, STM32H563RGV6, STM32H563RIT6, STM32H563RIV6, STM32H563VGT6, STM32H563VIT3Q, STM32H563VIT6, STM32H563ZGT6, STM32H563ZIT3Q, STM32H563ZIT6, STM32H573AII3Q, STM32H573AII6, STM32H573I-DK, STM32H573IIK3Q, STM32H573IIK6, STM32H573IIT3Q, STM32H573IIT6, STM32H573MIY3QTR, STM32H573RIT6, STM32H573RIV6, STM32H573VIT3Q, STM32H573VIT6, STM32H573ZIT3Q, STM32H573ZIT6, STM32L4R5QGI6STR, STM32MP131AAE3, STM32MP131AAF3, STM32MP131AAG3, STM32MP131CAE3, STM32MP131CAF3, STM32MP131CAG3, STM32MP131DAE7, STM32MP131DAF7, STM32MP131DAG7, STM32MP131FAE7, STM32MP131FAF7, STM32MP131FAG7, STM32MP133AAE3, STM32MP133AAF3, STM32MP133AAG3, STM32MP133CAE3, STM32MP133CAF3, STM32MP133CAG3, STM32MP133DAE7, STM32MP133DAF7, STM32MP133DAG7, STM32MP133FAE7, STM32MP133FAF7, STM32MP133FAG7, STM32MP135AAE3, STM32MP135AAF3, STM32MP135AAG3, STM32MP135CAE3, STM32MP135CAF3, STM32MP135CAG3, STM32MP135DAE7, STM32MP135DAF7, STM32MP135DAG7, STM32MP135F-DK, STM32MP135FAE7, STM32MP135FAF7, STM32MP135FAF7T, STM32MP135FAF7U, STM32MP135FAG7, STM32U535CBT6, STM32U535CBT6Q, STM32U535CBU6, STM32U535CBU6Q, STM32U535CCT6, STM32U535CCT6Q, STM32U535CCU6, STM32U535CCU6Q, STM32U535CET6, STM32U535CET6Q, STM32U535CEU6, STM32U535CEU6Q, STM32U535JEY6QTR, STM32U535NCY6QTR, STM32U535NEY6QTR, STM32U535RBI6, STM32U535RBI6Q, STM32U535RBT6, STM32U535RBT6Q, STM32U535RCI6, STM32U535RCI6Q, STM32U535RCT6, STM32U535RCT6Q, STM32U535REI6, STM32U535REI6Q, STM32U535RET6, STM32U535RET6Q, STM32U535VCI6, STM32U535VCI6Q, STM32U535VCT6, STM32U535VCT6Q, STM32U535VEI6, STM32U535VEI6Q, STM32U535VET6, STM32U535VET6Q, STM32U545CET6, STM32U545CET6Q, STM32U545CEU6, STM32U545CEU6Q, STM32U545JEY6QTR, STM32U545NEY6QTR, STM32U545REI6, STM32U545REI6Q, STM32U545RET6, STM32U545RET6Q, STM32U545VEI6, STM32U545VEI6Q, STM32U545VET6, STM32U545VET6Q, STM32U595AIH6, STM32U595AIH6Q, STM32U595AJH6, STM32U595AJH6Q, STM32U595QII6, STM32U595QII6Q, STM32U595QJI6, STM32U595QJI6Q, STM32U595RIT6, STM32U595RIT6Q, STM32U595RJT6, STM32U595RJT6Q, STM32U595VIT6, STM32U595VIT6Q, STM32U595VJT6, STM32U595VJT6Q, STM32U595ZIT6, STM32U595ZIT6Q, STM32U595ZIY6QTR, STM32U595ZJT6, STM32U595ZJT6Q, STM32U595ZJY6QTR, STM32U599BJY6QTR, STM32U599NIH6Q, STM32U599NJH6Q, STM32U599VIT6Q, STM32U599VJT6, STM32U599VJT6Q, STM32U599ZIT6Q, STM32U599ZIY6QTR, STM32U599ZJT6Q, STM32U599ZJY6QTR, STM32U5A5AJH6, STM32U5A5AJH6Q, STM32U5A5QJI6, STM32U5A5QJI6Q, STM32U5A5RJT6, STM32U5A5RJT6Q, STM32U5A5VJT6, STM32U5A5VJT6Q, STM32U5A5ZJT6, STM32U5A5ZJT6Q, STM32U5A5ZJY6QTR, STM32U5A9BJY6QTR, STM32U5A9J-DK, STM32U5A9NJH6Q, STM32U5A9VJT6Q, STM32U5A9ZJT6Q, STM32U5A9ZJY6QTR, STM32U5F7VIT6, STM32U5F7VIT6Q, STM32U5F7VJT6, STM32U5F7VJT6Q, STM32U5F9BJY6QTR, STM32U5F9NJH6Q, STM32U5F9VIT6Q, STM32U5F9VJT6Q, STM32U5F9ZIJ6QTR, STM32U5F9ZIT6Q, STM32U5F9ZJJ6QTR, STM32U5F9ZJT6Q, STM32U5G7VJT6, STM32U5G7VJT6Q, STM32U5G9BJY6QTR, STM32U5G9J-DK1, STM32U5G9J-DK2, STM32U5G9NJH6Q, STM32U5G9VJT6Q, STM32U5G9ZJJ6QTR, STM32U5G9ZJT6Q, STM32WB1MMCH6, STM32WBA52CEU6, STM32WBA52CEU6T, STM32WBA52CGU6, STM32WBA52CGU6T, STM32WBA52KEU6, STM32WBA52KEU6T, STM32WBA52KGU6, STM32WBA52KGU6T, STM32WL5MOCH6, STM32WL5MOCH6TR]
2024-06-09 20:09:54,689 [INFO] DbMcus:217 - Found 4073 MCUs, 4073 are supported
2024-06-09 20:09:54,690 [INFO] ApiDb:423 - Load user favorites file C:\Users\samue/.stm32cubeide/favorites.mcus.txt: 1 item(s)
2024-06-09 20:09:54,691 [INFO] ApiDb:427 - User favorites MCUs=[STM32L432KCU3]
2024-06-09 20:09:54,691 [INFO] DbMcus:223 - Set 1 / 1 favorites MCUs
2024-06-09 20:09:54,978 [WARN] ThirdParty:833 - waiting for thirdparty lock release [change project]
2024-06-09 20:09:54,978 [INFO] ThirdParty:835 - entering critical section [change project]
2024-06-09 20:09:54,978 [INFO] ThirdParty:1030 - CMSIS Pack Vendor :STMicroelectronics USBPD 4.1
2024-06-09 20:09:54,979 [INFO] ThirdParty:1030 - CMSIS Pack Vendor :STMicroelectronics X-CUBE-GNSS1 6.0.0
2024-06-09 20:09:54,979 [INFO] ThirdParty:1030 - CMSIS Pack Vendor :STMicroelectronics USB_HOST 2.0.0
2024-06-09 20:09:54,979 [INFO] ThirdParty:1030 - CMSIS Pack Vendor :STMicroelectronics FP-SNS-MOTENVWB1 1.4.0
2024-06-09 20:09:54,979 [INFO] ThirdParty:1030 - CMSIS Pack Vendor :STMicroelectronics X-CUBE-AZRTOS-F4 1.1.0
2024-06-09 20:09:54,979 [INFO] ThirdParty:1030 - CMSIS Pack Vendor :STMicroelectronics LIBJPEG 8.0.0
2024-06-09 20:09:54,979 [INFO] ThirdParty:1030 - CMSIS Pack Vendor :STMicroelectronics X-CUBE-SMBUS 2.1.0
2024-06-09 20:09:54,979 [INFO] ThirdParty:1030 - CMSIS Pack Vendor :STMicroelectronics USB_DEVICE 3.0.0
2024-06-09 20:09:54,979 [INFO] ThirdParty:1030 - CMSIS Pack Vendor :STMicroelectronics X-CUBE-TCPP 4.1.0
2024-06-09 20:09:54,979 [INFO] ThirdParty:1030 - CMSIS Pack Vendor :STMicroelectronics X-CUBE-FREERTOS 1.2.0
2024-06-09 20:09:54,979 [INFO] ThirdParty:1030 - CMSIS Pack Vendor :STMicroelectronics X-CUBE-AZRTOS-WB 2.0.0
2024-06-09 20:09:54,979 [INFO] ThirdParty:1030 - CMSIS Pack Vendor :wolfSSL I-CUBE-wolfSSL 5.6.6
2024-06-09 20:09:54,979 [INFO] ThirdParty:1030 - CMSIS Pack Vendor :STMicroelectronics X-CUBE-TOUCHGFX 4.23.0
2024-06-09 20:09:54,979 [INFO] ThirdParty:1030 - CMSIS Pack Vendor :STMicroelectronics X-CUBE-TOUCHGFX 4.23.2
2024-06-09 20:09:54,979 [INFO] ThirdParty:1030 - CMSIS Pack Vendor :STMicroelectronics X-CUBE-AZRTOS-F7 1.1.0
2024-06-09 20:09:54,979 [INFO] ThirdParty:1030 - CMSIS Pack Vendor :STMicroelectronics X-CUBE-AZRTOS-L5 2.0.0
2024-06-09 20:09:54,980 [INFO] ThirdParty:1030 - CMSIS Pack Vendor :STMicroelectronics USB_DEVICE 2.0.0
2024-06-09 20:09:54,980 [INFO] ThirdParty:1030 - CMSIS Pack Vendor :STMicroelectronics X-CUBE-EEPRMA1 4.2.0
2024-06-09 20:09:54,980 [INFO] ThirdParty:1030 - CMSIS Pack Vendor :STMicroelectronics X-CUBE-NFC6 3.1.0
2024-06-09 20:09:54,980 [INFO] ThirdParty:1030 - CMSIS Pack Vendor :ITTIA_DB I-CUBE-ITTIADB 8.8.0
2024-06-09 20:09:54,980 [INFO] ThirdParty:1030 - CMSIS Pack Vendor :STMicroelectronics FP-SNS-MOTENV1 4.3.2
2024-06-09 20:09:54,980 [INFO] ThirdParty:1030 - CMSIS Pack Vendor :STMicroelectronics X-CUBE-ALGOBUILD 1.3.0
2024-06-09 20:09:54,980 [INFO] ThirdParty:1030 - CMSIS Pack Vendor :STMicroelectronics FreeRTOS 0.0.1
2024-06-09 20:09:54,980 [INFO] ThirdParty:1030 - CMSIS Pack Vendor :STMicroelectronics X-CUBE-AZRTOS-G0 1.1.0
2024-06-09 20:09:54,980 [INFO] ThirdParty:1030 - CMSIS Pack Vendor :STMicroelectronics X-CUBE-SAFEA1 1.2.2
2024-06-09 20:09:54,980 [INFO] ThirdParty:1030 - CMSIS Pack Vendor :STMicroelectronics X-CUBE-NFC4 3.0.0
2024-06-09 20:09:54,980 [INFO] ThirdParty:1030 - CMSIS Pack Vendor :STMicroelectronics X-CUBE-SUBG2 5.0.0
2024-06-09 20:09:54,980 [INFO] ThirdParty:1030 - CMSIS Pack Vendor :STMicroelectronics STM32_WPAN 1.0.0
2024-06-09 20:09:54,981 [INFO] ThirdParty:1030 - CMSIS Pack Vendor :wolfSSL I-CUBE-wolfMQTT 1.18.0
2024-06-09 20:09:54,981 [INFO] ThirdParty:1030 - CMSIS Pack Vendor :STMicroelectronics lwIP 2.0.3
2024-06-09 20:09:54,981 [INFO] ThirdParty:1030 - CMSIS Pack Vendor :STMicroelectronics FP-SNS-FLIGHT1 5.0.2
2024-06-09 20:09:54,981 [INFO] ThirdParty:1030 - CMSIS Pack Vendor :STMicroelectronics USB_HOST 1.0.0
2024-06-09 20:09:54,981 [INFO] ThirdParty:1030 - CMSIS Pack Vendor :STMicroelectronics X-CUBE-AI 9.0.0
2024-06-09 20:09:54,981 [INFO] ThirdParty:1030 - CMSIS Pack Vendor :STMicroelectronics X-CUBE-AZRTOS-G4 2.0.0
2024-06-09 20:09:54,981 [INFO] ThirdParty:1030 - CMSIS Pack Vendor :STMicroelectronics PDM2PCM 3.1.0
2024-06-09 20:09:54,982 [INFO] ThirdParty:1030 - CMSIS Pack Vendor :Infineon AIROC-Wi-Fi-Bluetooth-STM32 1.5.1
2024-06-09 20:09:54,982 [INFO] ThirdParty:1030 - CMSIS Pack Vendor :STMicroelectronics X-CUBE-BLEMGR 3.0.0
2024-06-09 20:09:54,982 [INFO] ThirdParty:1030 - CMSIS Pack Vendor :STMicroelectronics PDM2PCM 3.3.0
2024-06-09 20:09:54,982 [INFO] ThirdParty:1030 - CMSIS Pack Vendor :STMicroelectronics X-CUBE-DISPLAY 3.0.0
2024-06-09 20:09:54,982 [INFO] ThirdParty:1030 - CMSIS Pack Vendor :STMicroelectronics FP-SNS-MOTENVWB1 1.3.1
2024-06-09 20:09:54,982 [INFO] ThirdParty:1030 - CMSIS Pack Vendor :STMicroelectronics X-CUBE-BLE1 7.0.0
2024-06-09 20:09:54,982 [INFO] ThirdParty:1030 - CMSIS Pack Vendor :STMicroelectronics FP-ATR-SIGFOX1 3.2.0
2024-06-09 20:09:54,982 [INFO] ThirdParty:1030 - CMSIS Pack Vendor :STMicroelectronics X-CUBE-ISPU 2.0.0
2024-06-09 20:09:54,982 [INFO] ThirdParty:1030 - CMSIS Pack Vendor :STMicroelectronics X-CUBE-EEPRMA1 5.1.0
2024-06-09 20:09:54,982 [INFO] ThirdParty:1030 - CMSIS Pack Vendor :STMicroelectronics HAL Drivers 0.0.0
2024-06-09 20:09:54,983 [INFO] ThirdParty:1030 - CMSIS Pack Vendor :STMicroelectronics MBEDTLS 2.16.2
2024-06-09 20:09:54,983 [INFO] ThirdParty:1030 - CMSIS Pack Vendor :STMicroelectronics X-CUBE-ALS 1.0.2
2024-06-09 20:09:54,983 [INFO] ThirdParty:1030 - CMSIS Pack Vendor :emotas I-CUBE-CANOPEN 1.3.0
2024-06-09 20:09:54,983 [INFO] ThirdParty:1030 - CMSIS Pack Vendor :STMicroelectronics X-CUBE-MEMS1 10.0.0
2024-06-09 20:09:54,983 [INFO] ThirdParty:1030 - CMSIS Pack Vendor :STMicroelectronics X-CUBE-FREERTOS 1.1.0
2024-06-09 20:09:54,983 [INFO] ThirdParty:1030 - CMSIS Pack Vendor :STMicroelectronics X-CUBE-NFC7 1.0.1
2024-06-09 20:09:54,983 [INFO] ThirdParty:1030 - CMSIS Pack Vendor :STMicroelectronics MBEDTLS 2.14.1
2024-06-09 20:09:54,983 [INFO] ThirdParty:1030 - CMSIS Pack Vendor :STMicroelectronics X-CUBE-NFC6 3.0.0
2024-06-09 20:09:54,983 [INFO] ThirdParty:1030 - CMSIS Pack Vendor :portGmbH I-Cube-SoM-uGOAL 1.1.0
2024-06-09 20:09:54,983 [INFO] ThirdParty:1030 - CMSIS Pack Vendor :STMicroelectronics X-CUBE-ALS 1.0.1
2024-06-09 20:09:54,983 [INFO] ThirdParty:1030 - CMSIS Pack Vendor :STMicroelectronics X-CUBE-BLEMGR 3.1.0
2024-06-09 20:09:54,983 [INFO] ThirdParty:1030 - CMSIS Pack Vendor :STMicroelectronics ThreadX 1.0.0
2024-06-09 20:09:54,983 [INFO] ThirdParty:1030 - CMSIS Pack Vendor :STMicroelectronics FP-SNS-SMARTAG2 1.2.0
2024-06-09 20:09:54,984 [INFO] ThirdParty:1030 - CMSIS Pack Vendor :STMicroelectronics X-CUBE-AZRTOS-WL 2.0.0
2024-06-09 20:09:54,984 [INFO] ThirdParty:1030 - CMSIS Pack Vendor :SEGGER I-CUBE-embOS 1.3.1
2024-06-09 20:09:54,984 [INFO] ThirdParty:1030 - CMSIS Pack Vendor :STMicroelectronics X-CUBE-ALGOBUILD 1.4.0
2024-06-09 20:09:54,984 [INFO] ThirdParty:1030 - CMSIS Pack Vendor :STMicroelectronics FP-SNS-MOTENV1 5.0.0
2024-06-09 20:09:54,984 [INFO] ThirdParty:1030 - CMSIS Pack Vendor :STMicroelectronics USB_DEVICE 1.0.0
2024-06-09 20:09:54,984 [INFO] ThirdParty:1030 - CMSIS Pack Vendor :STMicroelectronics X-CUBE-AI 8.1.0
2024-06-09 20:09:54,984 [INFO] ThirdParty:1030 - CMSIS Pack Vendor :STMicroelectronics X-CUBE-AZRTOS-H7RS 1.0.0
2024-06-09 20:09:54,984 [INFO] ThirdParty:1030 - CMSIS Pack Vendor :STMicroelectronics X-CUBE-AZRTOS-L4 2.0.0
2024-06-09 20:09:54,984 [INFO] ThirdParty:1030 - CMSIS Pack Vendor :STMicroelectronics ThreadX 0.0.2
2024-06-09 20:09:54,984 [INFO] ThirdParty:1030 - CMSIS Pack Vendor :WES I-CUBE-Cesium 1.3.0
2024-06-09 20:09:54,984 [INFO] ThirdParty:1030 - CMSIS Pack Vendor :STMicroelectronics FP-ATR-ASTRA1 2.0.0
2024-06-09 20:09:54,984 [INFO] ThirdParty:1030 - CMSIS Pack Vendor :STMicroelectronics lwIP 2.1.2
2024-06-09 20:09:54,984 [INFO] ThirdParty:1030 - CMSIS Pack Vendor :STMicroelectronics X-CUBE-SFXS2LP1 4.0.0
2024-06-09 20:09:54,984 [INFO] ThirdParty:1030 - CMSIS Pack Vendor :STMicroelectronics X-CUBE-BLE2 3.3.0
2024-06-09 20:09:54,984 [INFO] ThirdParty:1030 - CMSIS Pack Vendor :STMicroelectronics X-CUBE-TOF1 3.4.0
2024-06-09 20:09:54,985 [INFO] ThirdParty:1030 - CMSIS Pack Vendor :STMicroelectronics X-CUBE-TOF1 3.4.1
2024-06-09 20:09:54,985 [INFO] ThirdParty:1030 - CMSIS Pack Vendor :STMicroelectronics X-CUBE-AZRTOS-H7 3.2.0
2024-06-09 20:09:54,985 [INFO] ThirdParty:1030 - CMSIS Pack Vendor :STMicroelectronics PDM2PCM 3.2.0
2024-06-09 20:09:54,985 [INFO] ThirdParty:841 - exiting critical section [change project]
2024-06-09 20:09:55,191 [INFO] PinOutPanel:1499 - setPackage(No Configuration,No Configuration)
2024-06-09 20:09:55,193 [INFO] PinOutPanel:1499 - setPackage(STM32L432KCUx,UFQFPN32)
2024-06-09 20:09:55,541 [INFO] UtilMem:75 - Before build in PCC Used Memory: 697812840 Bytes (1073741824)
2024-06-09 20:09:56,249 [INFO] UtilMem:75 - After build in PCC Used Memory: 813700584 Bytes (1073741824)
2024-06-09 20:09:56,327 [INFO] ApiDbMcu:507 - Load IP Config File for FREERTOS
2024-06-09 20:09:56,341 [INFO] IPUIPlugin:80 - create IPUIPlugin
2024-06-09 20:09:56,342 [INFO] IPUIPlugin:80 - create IPUIPlugin
2024-06-09 20:09:56,342 [INFO] IPUIPlugin:80 - create IPUIPlugin
2024-06-09 20:09:56,342 [INFO] IPUIPlugin:80 - create IPUIPlugin
2024-06-09 20:09:56,342 [INFO] IPUIPlugin:80 - create IPUIPlugin
2024-06-09 20:09:56,343 [INFO] IPUIPlugin:80 - create IPUIPlugin
2024-06-09 20:09:56,343 [INFO] IPUIPlugin:80 - create IPUIPlugin
2024-06-09 20:09:56,343 [INFO] IPUIPlugin:80 - create IPUIPlugin
2024-06-09 20:09:56,343 [INFO] IPUIPlugin:80 - create IPUIPlugin
2024-06-09 20:09:56,343 [INFO] IPUIPlugin:80 - create IPUIPlugin
2024-06-09 20:09:56,344 [INFO] IPUIPlugin:80 - create IPUIPlugin
2024-06-09 20:09:56,344 [INFO] IPUIPlugin:80 - create IPUIPlugin
2024-06-09 20:09:56,344 [INFO] IPUIPlugin:80 - create IPUIPlugin
2024-06-09 20:09:56,344 [INFO] IPUIPlugin:80 - create IPUIPlugin
2024-06-09 20:09:56,344 [INFO] IPUIPlugin:80 - create IPUIPlugin
2024-06-09 20:09:56,345 [INFO] IPUIPlugin:80 - create IPUIPlugin
2024-06-09 20:09:56,345 [INFO] IPUIPlugin:80 - create IPUIPlugin
2024-06-09 20:09:56,345 [INFO] IPUIPlugin:80 - create IPUIPlugin
2024-06-09 20:09:56,345 [INFO] IPUIPlugin:80 - create IPUIPlugin
2024-06-09 20:09:56,345 [INFO] IPUIPlugin:80 - create IPUIPlugin
2024-06-09 20:09:56,345 [INFO] IPUIPlugin:80 - create IPUIPlugin
2024-06-09 20:09:56,346 [INFO] IPUIPlugin:80 - create IPUIPlugin
2024-06-09 20:09:56,346 [INFO] IPUIPlugin:80 - create IPUIPlugin
2024-06-09 20:09:56,346 [INFO] IPUIPlugin:80 - create IPUIPlugin
2024-06-09 20:09:56,346 [INFO] IPUIPlugin:80 - create IPUIPlugin
2024-06-09 20:09:56,346 [INFO] IPUIPlugin:80 - create IPUIPlugin
2024-06-09 20:09:56,346 [INFO] IPUIPlugin:80 - create IPUIPlugin
2024-06-09 20:09:56,347 [INFO] IPUIPlugin:80 - create IPUIPlugin
2024-06-09 20:09:56,347 [INFO] IPUIPlugin:80 - create IPUIPlugin
2024-06-09 20:09:56,347 [INFO] IPUIPlugin:80 - create IPUIPlugin
2024-06-09 20:09:56,347 [INFO] IPUIPlugin:80 - create IPUIPlugin
2024-06-09 20:09:56,347 [INFO] IPUIPlugin:80 - create IPUIPlugin
2024-06-09 20:09:56,347 [INFO] IPUIPlugin:80 - create IPUIPlugin
2024-06-09 20:09:56,347 [INFO] IPUIPlugin:80 - create IPUIPlugin
2024-06-09 20:09:56,348 [INFO] IPUIPlugin:80 - create IPUIPlugin
2024-06-09 20:09:56,348 [INFO] IPUIPlugin:80 - create IPUIPlugin
2024-06-09 20:09:56,348 [INFO] IPUIPlugin:80 - create IPUIPlugin
2024-06-09 20:09:56,348 [INFO] IPUIPlugin:80 - create IPUIPlugin
2024-06-09 20:09:56,348 [INFO] IPUIPlugin:80 - create IPUIPlugin
2024-06-09 20:09:56,349 [INFO] IPUIPlugin:80 - create IPUIPlugin
2024-06-09 20:09:56,349 [INFO] IPUIPlugin:80 - create IPUIPlugin
2024-06-09 20:09:56,379 [WARN] FreeRTOS:1023 - Null or empty value: should not occur! (nothing added to the table)
2024-06-09 20:09:56,506 [INFO] CADModel:165 - CPN selected for project levelSTM32L432KCU3
2024-06-09 20:09:56,506 [INFO] CADModel:114 - Register for checkConnection events
2024-06-09 20:09:56,508 [INFO] RtosManager:697 - Active RTOS found at IOC load: FREERTOS [Cortex-M4NS]
2024-06-09 20:09:56,555 [INFO] OpenFileManager:328 - Restore cursor
2024-06-09 20:16:36,197 [INFO] I2cTimingTraitement:330 - 0x00707CBB
2024-06-09 20:17:33,853 [INFO] NvicIntPanel:101 - NVIC parent = com.st.microxplorer.plugins.ip.nvic.MultiNvicIntPanel[,0,0,787x340,layout=javax.swing.BoxLayout,alignmentX=0.0,alignmentY=0.0,border=,flags=9,maximumSize=,minimumSize=,preferredSize=]
2024-06-09 20:17:38,057 [INFO] I2cTimingTraitement:330 - 0x00707CBB
2024-06-09 20:17:38,083 [INFO] NvicIntPanel:101 - NVIC parent = com.st.microxplorer.plugins.ip.nvic.MultiNvicIntPanel[,0,0,0x0,invalid,layout=javax.swing.BoxLayout,alignmentX=0.0,alignmentY=0.0,border=,flags=9,maximumSize=,minimumSize=,preferredSize=]
2024-06-09 20:17:39,374 [INFO] NvicIntPanel:101 - NVIC parent = com.st.microxplorer.plugins.ip.nvic.MultiNvicIntPanel[,0,0,0x0,invalid,layout=javax.swing.BoxLayout,alignmentX=0.0,alignmentY=0.0,border=,flags=9,maximumSize=,minimumSize=,preferredSize=]
2024-06-09 20:17:40,276 [INFO] NvicIntPanel:101 - NVIC parent = com.st.microxplorer.plugins.ip.nvic.MultiNvicIntPanel[,0,0,0x0,invalid,layout=javax.swing.BoxLayout,alignmentX=0.0,alignmentY=0.0,border=,flags=9,maximumSize=,minimumSize=,preferredSize=]
2024-06-09 20:17:40,706 [INFO] NvicIntPanel:101 - NVIC parent = com.st.microxplorer.plugins.ip.nvic.MultiNvicIntPanel[,0,0,0x0,invalid,layout=javax.swing.BoxLayout,alignmentX=0.0,alignmentY=0.0,border=,flags=9,maximumSize=,minimumSize=,preferredSize=]
2024-06-09 20:22:48,585 [INFO] UtilMem:75 - End SaveConfig() Used Memory: 823754904 Bytes (1073741824)
2024-06-09 20:22:49,012 [INFO] UtilMem:75 - End SaveConfig() Used Memory: 854358184 Bytes (1073741824)
2024-06-09 20:22:49,299 [INFO] BlockDiagram:2759 - set Specific Code input for plugin: NVIC
2024-06-09 20:22:49,300 [INFO] BlockDiagram:2759 - set Specific Code input for plugin: FREERTOS
2024-06-09 20:22:49,300 [INFO] BlockDiagram:2759 - set Specific Code input for plugin: USART
2024-06-09 20:22:49,300 [INFO] BlockDiagram:2759 - set Specific Code input for plugin: USART
2024-06-09 20:22:49,300 [INFO] BlockDiagram:2759 - set Specific Code input for plugin: SYS
2024-06-09 20:22:49,301 [INFO] BlockDiagram:2759 - set Specific Code input for plugin: GPIO
2024-06-09 20:22:49,301 [INFO] BlockDiagram:2759 - set Specific Code input for plugin: RCC
2024-06-09 20:22:49,301 [INFO] BlockDiagram:2759 - set Specific Code input for plugin: I2C
2024-06-09 20:22:49,303 [INFO] CodeGenerator:799 - code generatio: config db path: C:\ST\STM32CubeIDE_1.13.1\STM32CubeIDE\plugins\com.st.stm32cube.common.mx_6.9.1.202307191849\\db\
2024-06-09 20:22:49,551 [INFO] CodeEngine:255 - oldGeneratedFile, C:\Users\samue\STM32CubeIDE\workspace_1.13.1\EMBSY_RTOS_wifi_demo_station\MXTmpFiles\license.tmp_save
2024-06-09 20:22:49,796 [INFO] CodeEngine:279 - Generated code: C:\Users\samue\STM32CubeIDE\workspace_1.13.1\EMBSY_RTOS_wifi_demo_station\MXTmpFiles\license.tmp
2024-06-09 20:22:49,871 [INFO] CodeEngine:255 - oldGeneratedFile, C:\Users\samue\STM32CubeIDE\workspace_1.13.1\EMBSY_RTOS_wifi_demo_station\Core\Src\gpio.c_save
2024-06-09 20:22:49,976 [INFO] CodeEngine:279 - Generated code: C:\Users\samue\STM32CubeIDE\workspace_1.13.1\EMBSY_RTOS_wifi_demo_station\Core\Src\gpio.c
2024-06-09 20:22:49,989 [INFO] CodeEngine:255 - oldGeneratedFile, C:\Users\samue\STM32CubeIDE\workspace_1.13.1\EMBSY_RTOS_wifi_demo_station\Core\Inc\gpio.h_save
2024-06-09 20:22:50,055 [INFO] CodeEngine:279 - Generated code: C:\Users\samue\STM32CubeIDE\workspace_1.13.1\EMBSY_RTOS_wifi_demo_station\Core\Inc\gpio.h
2024-06-09 20:22:50,307 [INFO] Middleware:1439 - No code input for Bsp Dependency
2024-06-09 20:22:50,321 [INFO] CodeEngine:255 - oldGeneratedFile, C:\Users\samue\STM32CubeIDE\workspace_1.13.1\EMBSY_RTOS_wifi_demo_station\MXTmpFiles\rtos_inc.tmp_save
2024-06-09 20:22:50,376 [INFO] CodeEngine:279 - Generated code: C:\Users\samue\STM32CubeIDE\workspace_1.13.1\EMBSY_RTOS_wifi_demo_station\MXTmpFiles\rtos_inc.tmp
2024-06-09 20:22:50,385 [INFO] CodeEngine:255 - oldGeneratedFile, C:\Users\samue\STM32CubeIDE\workspace_1.13.1\EMBSY_RTOS_wifi_demo_station\MXTmpFiles\rtos_kernelInit.tmp_save
2024-06-09 20:22:50,433 [INFO] CodeEngine:279 - Generated code: C:\Users\samue\STM32CubeIDE\workspace_1.13.1\EMBSY_RTOS_wifi_demo_station\MXTmpFiles\rtos_kernelInit.tmp
2024-06-09 20:22:50,440 [INFO] CodeEngine:255 - oldGeneratedFile, C:\Users\samue\STM32CubeIDE\workspace_1.13.1\EMBSY_RTOS_wifi_demo_station\MXTmpFiles\rtos_kernelStart.tmp_save
2024-06-09 20:22:50,486 [INFO] CodeEngine:279 - Generated code: C:\Users\samue\STM32CubeIDE\workspace_1.13.1\EMBSY_RTOS_wifi_demo_station\MXTmpFiles\rtos_kernelStart.tmp
2024-06-09 20:22:50,494 [INFO] CodeEngine:255 - oldGeneratedFile, C:\Users\samue\STM32CubeIDE\workspace_1.13.1\EMBSY_RTOS_wifi_demo_station\MXTmpFiles\rtos_typedefs.tmp_save
2024-06-09 20:22:50,545 [INFO] CodeEngine:279 - Generated code: C:\Users\samue\STM32CubeIDE\workspace_1.13.1\EMBSY_RTOS_wifi_demo_station\MXTmpFiles\rtos_typedefs.tmp
2024-06-09 20:22:50,552 [INFO] CodeEngine:255 - oldGeneratedFile, C:\Users\samue\STM32CubeIDE\workspace_1.13.1\EMBSY_RTOS_wifi_demo_station\MXTmpFiles\rtos_vars.tmp_save
2024-06-09 20:22:50,598 [INFO] CodeEngine:279 - Generated code: C:\Users\samue\STM32CubeIDE\workspace_1.13.1\EMBSY_RTOS_wifi_demo_station\MXTmpFiles\rtos_vars.tmp
2024-06-09 20:22:50,605 [INFO] CodeEngine:255 - oldGeneratedFile, C:\Users\samue\STM32CubeIDE\workspace_1.13.1\EMBSY_RTOS_wifi_demo_station\MXTmpFiles\rtos_pfp.tmp_save
2024-06-09 20:22:50,648 [INFO] CodeEngine:279 - Generated code: C:\Users\samue\STM32CubeIDE\workspace_1.13.1\EMBSY_RTOS_wifi_demo_station\MXTmpFiles\rtos_pfp.tmp
2024-06-09 20:22:50,655 [INFO] CodeEngine:255 - oldGeneratedFile, C:\Users\samue\STM32CubeIDE\workspace_1.13.1\EMBSY_RTOS_wifi_demo_station\MXTmpFiles\rtos_obj_creat.tmp_save
2024-06-09 20:22:50,698 [INFO] CodeEngine:279 - Generated code: C:\Users\samue\STM32CubeIDE\workspace_1.13.1\EMBSY_RTOS_wifi_demo_station\MXTmpFiles\rtos_obj_creat.tmp
2024-06-09 20:22:50,704 [INFO] CodeEngine:255 - oldGeneratedFile, C:\Users\samue\STM32CubeIDE\workspace_1.13.1\EMBSY_RTOS_wifi_demo_station\MXTmpFiles\rtos_default_thread.tmp_save
2024-06-09 20:22:50,742 [INFO] CodeEngine:279 - Generated code: C:\Users\samue\STM32CubeIDE\workspace_1.13.1\EMBSY_RTOS_wifi_demo_station\MXTmpFiles\rtos_default_thread.tmp
2024-06-09 20:22:50,748 [INFO] CodeEngine:255 - oldGeneratedFile, C:\Users\samue\STM32CubeIDE\workspace_1.13.1\EMBSY_RTOS_wifi_demo_station\MXTmpFiles\rtos_threads.tmp_save
2024-06-09 20:22:50,785 [INFO] CodeEngine:279 - Generated code: C:\Users\samue\STM32CubeIDE\workspace_1.13.1\EMBSY_RTOS_wifi_demo_station\MXTmpFiles\rtos_threads.tmp
2024-06-09 20:22:50,800 [INFO] Middleware:1439 - No code input for Bsp Dependency
2024-06-09 20:22:50,813 [INFO] CodeEngine:255 - oldGeneratedFile, C:\Users\samue\STM32CubeIDE\workspace_1.13.1\EMBSY_RTOS_wifi_demo_station\MXTmpFiles\rtos_inc.tmp_save
2024-06-09 20:22:50,852 [INFO] CodeEngine:279 - Generated code: C:\Users\samue\STM32CubeIDE\workspace_1.13.1\EMBSY_RTOS_wifi_demo_station\MXTmpFiles\rtos_inc.tmp
2024-06-09 20:22:50,860 [INFO] CodeEngine:255 - oldGeneratedFile, C:\Users\samue\STM32CubeIDE\workspace_1.13.1\EMBSY_RTOS_wifi_demo_station\MXTmpFiles\rtos_kernelInit.tmp_save
2024-06-09 20:22:50,900 [INFO] CodeEngine:279 - Generated code: C:\Users\samue\STM32CubeIDE\workspace_1.13.1\EMBSY_RTOS_wifi_demo_station\MXTmpFiles\rtos_kernelInit.tmp
2024-06-09 20:22:50,907 [INFO] CodeEngine:255 - oldGeneratedFile, C:\Users\samue\STM32CubeIDE\workspace_1.13.1\EMBSY_RTOS_wifi_demo_station\MXTmpFiles\rtos_kernelStart.tmp_save
2024-06-09 20:22:50,946 [INFO] CodeEngine:279 - Generated code: C:\Users\samue\STM32CubeIDE\workspace_1.13.1\EMBSY_RTOS_wifi_demo_station\MXTmpFiles\rtos_kernelStart.tmp
2024-06-09 20:22:50,956 [INFO] CodeEngine:255 - oldGeneratedFile, C:\Users\samue\STM32CubeIDE\workspace_1.13.1\EMBSY_RTOS_wifi_demo_station\MXTmpFiles\rtos_typedefs.tmp_save
2024-06-09 20:22:51,004 [INFO] CodeEngine:279 - Generated code: C:\Users\samue\STM32CubeIDE\workspace_1.13.1\EMBSY_RTOS_wifi_demo_station\MXTmpFiles\rtos_typedefs.tmp
2024-06-09 20:22:51,014 [INFO] CodeEngine:255 - oldGeneratedFile, C:\Users\samue\STM32CubeIDE\workspace_1.13.1\EMBSY_RTOS_wifi_demo_station\MXTmpFiles\rtos_vars.tmp_save
2024-06-09 20:22:51,060 [INFO] CodeEngine:279 - Generated code: C:\Users\samue\STM32CubeIDE\workspace_1.13.1\EMBSY_RTOS_wifi_demo_station\MXTmpFiles\rtos_vars.tmp
2024-06-09 20:22:51,071 [INFO] CodeEngine:255 - oldGeneratedFile, C:\Users\samue\STM32CubeIDE\workspace_1.13.1\EMBSY_RTOS_wifi_demo_station\MXTmpFiles\rtos_pfp.tmp_save
2024-06-09 20:22:51,112 [INFO] CodeEngine:279 - Generated code: C:\Users\samue\STM32CubeIDE\workspace_1.13.1\EMBSY_RTOS_wifi_demo_station\MXTmpFiles\rtos_pfp.tmp
2024-06-09 20:22:51,123 [INFO] CodeEngine:255 - oldGeneratedFile, C:\Users\samue\STM32CubeIDE\workspace_1.13.1\EMBSY_RTOS_wifi_demo_station\MXTmpFiles\rtos_obj_creat.tmp_save
2024-06-09 20:22:51,188 [INFO] CodeEngine:279 - Generated code: C:\Users\samue\STM32CubeIDE\workspace_1.13.1\EMBSY_RTOS_wifi_demo_station\MXTmpFiles\rtos_obj_creat.tmp
2024-06-09 20:22:51,198 [INFO] CodeEngine:255 - oldGeneratedFile, C:\Users\samue\STM32CubeIDE\workspace_1.13.1\EMBSY_RTOS_wifi_demo_station\MXTmpFiles\rtos_default_thread.tmp_save
2024-06-09 20:22:51,238 [INFO] CodeEngine:279 - Generated code: C:\Users\samue\STM32CubeIDE\workspace_1.13.1\EMBSY_RTOS_wifi_demo_station\MXTmpFiles\rtos_default_thread.tmp
2024-06-09 20:22:51,249 [INFO] CodeEngine:255 - oldGeneratedFile, C:\Users\samue\STM32CubeIDE\workspace_1.13.1\EMBSY_RTOS_wifi_demo_station\MXTmpFiles\rtos_threads.tmp_save
2024-06-09 20:22:51,287 [INFO] CodeEngine:279 - Generated code: C:\Users\samue\STM32CubeIDE\workspace_1.13.1\EMBSY_RTOS_wifi_demo_station\MXTmpFiles\rtos_threads.tmp
2024-06-09 20:22:51,297 [INFO] CodeEngine:255 - oldGeneratedFile, C:\Users\samue\STM32CubeIDE\workspace_1.13.1\EMBSY_RTOS_wifi_demo_station\Core\Inc\FreeRTOSConfig.h_save
2024-06-09 20:22:51,359 [INFO] CodeEngine:279 - Generated code: C:\Users\samue\STM32CubeIDE\workspace_1.13.1\EMBSY_RTOS_wifi_demo_station\Core\Inc\FreeRTOSConfig.h
2024-06-09 20:22:51,371 [INFO] CodeEngine:255 - oldGeneratedFile, C:\Users\samue\STM32CubeIDE\workspace_1.13.1\EMBSY_RTOS_wifi_demo_station\Core\Src\freertos.c_save
2024-06-09 20:22:51,432 [INFO] CodeEngine:279 - Generated code: C:\Users\samue\STM32CubeIDE\workspace_1.13.1\EMBSY_RTOS_wifi_demo_station\Core\Src\freertos.c
2024-06-09 20:22:51,451 [INFO] CodeEngine:255 - oldGeneratedFile, C:\Users\samue\STM32CubeIDE\workspace_1.13.1\EMBSY_RTOS_wifi_demo_station\Core\Src\i2c.c_save
2024-06-09 20:22:51,538 [INFO] CodeEngine:279 - Generated code: C:\Users\samue\STM32CubeIDE\workspace_1.13.1\EMBSY_RTOS_wifi_demo_station\Core\Src\i2c.c
2024-06-09 20:22:51,545 [INFO] CodeEngine:255 - oldGeneratedFile, C:\Users\samue\STM32CubeIDE\workspace_1.13.1\EMBSY_RTOS_wifi_demo_station\Core\Inc\i2c.h_save
2024-06-09 20:22:51,594 [INFO] CodeEngine:279 - Generated code: C:\Users\samue\STM32CubeIDE\workspace_1.13.1\EMBSY_RTOS_wifi_demo_station\Core\Inc\i2c.h
2024-06-09 20:22:51,611 [INFO] CodeEngine:255 - oldGeneratedFile, C:\Users\samue\STM32CubeIDE\workspace_1.13.1\EMBSY_RTOS_wifi_demo_station\Core\Src\usart.c_save
2024-06-09 20:22:51,681 [INFO] CodeEngine:279 - Generated code: C:\Users\samue\STM32CubeIDE\workspace_1.13.1\EMBSY_RTOS_wifi_demo_station\Core\Src\usart.c
2024-06-09 20:22:51,692 [INFO] CodeEngine:255 - oldGeneratedFile, C:\Users\samue\STM32CubeIDE\workspace_1.13.1\EMBSY_RTOS_wifi_demo_station\Core\Inc\usart.h_save
2024-06-09 20:22:51,743 [INFO] CodeEngine:279 - Generated code: C:\Users\samue\STM32CubeIDE\workspace_1.13.1\EMBSY_RTOS_wifi_demo_station\Core\Inc\usart.h
2024-06-09 20:22:51,764 [INFO] CodeEngine:255 - oldGeneratedFile, C:\Users\samue\STM32CubeIDE\workspace_1.13.1\EMBSY_RTOS_wifi_demo_station\Core\Src\stm32l4xx_it.c_save
2024-06-09 20:22:51,852 [INFO] CodeEngine:279 - Generated code: C:\Users\samue\STM32CubeIDE\workspace_1.13.1\EMBSY_RTOS_wifi_demo_station\Core\Src\stm32l4xx_it.c
2024-06-09 20:22:51,864 [INFO] CodeEngine:255 - oldGeneratedFile, C:\Users\samue\STM32CubeIDE\workspace_1.13.1\EMBSY_RTOS_wifi_demo_station\Core\Inc\stm32l4xx_it.h_save
2024-06-09 20:22:51,918 [INFO] CodeEngine:279 - Generated code: C:\Users\samue\STM32CubeIDE\workspace_1.13.1\EMBSY_RTOS_wifi_demo_station\Core\Inc\stm32l4xx_it.h
2024-06-09 20:22:51,943 [INFO] CodeEngine:255 - oldGeneratedFile, C:\Users\samue\STM32CubeIDE\workspace_1.13.1\EMBSY_RTOS_wifi_demo_station\Core\Src\stm32l4xx_hal_msp.c_save
2024-06-09 20:22:52,008 [INFO] CodeEngine:279 - Generated code: C:\Users\samue\STM32CubeIDE\workspace_1.13.1\EMBSY_RTOS_wifi_demo_station\Core\Src\stm32l4xx_hal_msp.c
2024-06-09 20:22:52,016 [INFO] CodeEngine:255 - oldGeneratedFile, C:\Users\samue\STM32CubeIDE\workspace_1.13.1\EMBSY_RTOS_wifi_demo_station\MXTmpFiles\system.tmp_save
2024-06-09 20:22:52,056 [INFO] CodeEngine:279 - Generated code: C:\Users\samue\STM32CubeIDE\workspace_1.13.1\EMBSY_RTOS_wifi_demo_station\MXTmpFiles\system.tmp
2024-06-09 20:22:52,066 [INFO] CodeEngine:255 - oldGeneratedFile, C:\Users\samue\STM32CubeIDE\workspace_1.13.1\EMBSY_RTOS_wifi_demo_station\Core\Src\stm32l4xx_hal_timebase_tim.c_save
2024-06-09 20:22:52,114 [INFO] CodeEngine:279 - Generated code: C:\Users\samue\STM32CubeIDE\workspace_1.13.1\EMBSY_RTOS_wifi_demo_station\Core\Src\stm32l4xx_hal_timebase_tim.c
2024-06-09 20:22:52,135 [INFO] CodeEngine:311 - oldGeneratedFile, C:\Users\samue\STM32CubeIDE\workspace_1.13.1\EMBSY_RTOS_wifi_demo_station\Core\Inc\stm32l4xx_hal_conf.h_save
2024-06-09 20:22:52,191 [INFO] CodeEngine:335 - Generated code: C:\Users\samue\STM32CubeIDE\workspace_1.13.1\EMBSY_RTOS_wifi_demo_station\Core\Inc\stm32l4xx_hal_conf.h
2024-06-09 20:22:52,234 [INFO] CodeEngine:255 - oldGeneratedFile, C:\Users\samue\STM32CubeIDE\workspace_1.13.1\EMBSY_RTOS_wifi_demo_station\Core\Inc\main.h_save
2024-06-09 20:22:52,300 [INFO] CodeEngine:279 - Generated code: C:\Users\samue\STM32CubeIDE\workspace_1.13.1\EMBSY_RTOS_wifi_demo_station\Core\Inc\main.h
2024-06-09 20:22:52,311 [INFO] CodeEngine:255 - oldGeneratedFile, C:\Users\samue\STM32CubeIDE\workspace_1.13.1\EMBSY_RTOS_wifi_demo_station\Core\Src\main.c_save
2024-06-09 20:22:52,396 [INFO] CodeEngine:279 - Generated code: C:\Users\samue\STM32CubeIDE\workspace_1.13.1\EMBSY_RTOS_wifi_demo_station\Core\Src\main.c
2024-06-09 20:22:53,437 [INFO] ProjectBuilder:3064 - Time for Copy HAL[1] : 787mS.
2024-06-09 20:22:53,450 [INFO] ProjectBuilder:4404 - Project Generator version: 4.1.0
2024-06-09 20:22:53,603 [INFO] ConfigFileManager:1457 - The Die is : DIE435
2024-06-09 20:22:53,607 [INFO] ApiDbMcu:507 - Load IP Config File for FATFS
2024-06-09 20:22:53,616 [INFO] ApiDbMcu:507 - Load IP Config File for TOUCHSENSING
2024-06-09 20:22:53,620 [INFO] ApiDbMcu:507 - Load IP Config File for USB_DEVICE
2024-06-09 20:22:54,056 [INFO] LogOutputStream:77 - [STDOUT_REDIRECT] 
2024-06-09 20:22:55,286 [INFO] ProjectBuilder:4626 - Time for Generating toolchain IDE Files: 1836mS.
2024-06-09 20:22:55,289 [INFO] ProjectBuilder:2935 - Time for Copy CMSIS : 3mS.
2024-06-09 20:22:55,321 [INFO] ProjectBuilder:2935 - Time for Copy CMSIS : 0mS.
2024-06-09 20:31:23,778 [ERROR] LogOutputStream:75 - [STDERR_REDIRECT] 
2024-06-09 20:33:37,433 [INFO] Activator:176 - 


2024-06-09 20:33:37,434 [INFO] Activator:177 - !SESSION log4j initialized
2024-06-09 20:33:41,623 [INFO] LogOutputStream:77 - [STDOUT_REDIRECT] 
2024-06-09 20:33:53,474 [INFO] ApplicationProperties:184 - Using Application install path: C:\ST\STM32CubeIDE_1.13.1\STM32CubeIDE\plugins\com.st.stm32cube.common.mx_6.9.1.202307191849
2024-06-09 20:33:53,488 [INFO] DbMcusXml:78 - Set database path to: C:\ST\STM32CubeIDE_1.13.1\STM32CubeIDE\plugins\com.st.stm32cube.common.mx_6.9.1.202307191849\\db\/mcu/
2024-06-09 20:33:53,489 [INFO] ApiDb:274 - Set plugin database path to: C:\ST\STM32CubeIDE_1.13.1\STM32CubeIDE\plugins\com.st.stm32cube.common.mx_6.9.1.202307191849\\db\/plugins/boardmanager/
2024-06-09 20:33:53,489 [WARN] ApiDb:259 - Overriding images path with different value:  => C:\ST\STM32CubeIDE_1.13.1\STM32CubeIDE\plugins\com.st.stm32cube.common.mx_6.9.1.202307191849\\db\/plugins/mcufinder/images/
2024-06-09 20:33:53,502 [INFO] ApiDb:250 - Set database path to: C:\Users\samue\.stmcufinder\plugins\mcufinder//mcu/
2024-06-09 20:33:53,503 [INFO] DbMcusAds:125 - Set database path to: C:\Users\samue\.stmcufinder\plugins\mcufinder//mcu/
2024-06-09 20:33:53,504 [INFO] CrossReferenceDbSqlite:203 - Set database path to: C:\Users\samue\.stmcufinder\plugins\mcufinder//mcu/cs/
2024-06-09 20:33:53,577 [INFO] RulesReader:64 - Compatibility file has been processed (293 Rules)
2024-06-09 20:33:53,632 [INFO] DbMcusXml:78 - Set database path to: C:\ST\STM32CubeIDE_1.13.1\STM32CubeIDE\plugins\com.st.stm32cube.common.mx_6.9.1.202307191849\\db\/mcu/
2024-06-09 20:33:53,632 [INFO] ApiDb:274 - Set plugin database path to: C:\ST\STM32CubeIDE_1.13.1\STM32CubeIDE\plugins\com.st.stm32cube.common.mx_6.9.1.202307191849\\db\/plugins/boardmanager/
2024-06-09 20:33:53,632 [INFO] ApiDb:261 - Set plugin images path to: C:\ST\STM32CubeIDE_1.13.1\STM32CubeIDE\plugins\com.st.stm32cube.common.mx_6.9.1.202307191849\\db\/plugins/mcufinder/images/
2024-06-09 20:33:53,632 [WARN] DbFile:41 - Overriding database path with different value: C:\Users\samue\.stmcufinder\plugins\mcufinder/ => C:\Users\samue\.stmcufinder\plugins\mcufinder
2024-06-09 20:33:53,633 [INFO] ApiDb:250 - Set database path to: C:\Users\samue\.stmcufinder\plugins\mcufinder//mcu/
2024-06-09 20:33:53,633 [WARN] DbFile:41 - Overriding database path with different value: C:\Users\samue\.stmcufinder\plugins\mcufinder/ => C:\Users\samue\.stmcufinder\plugins\mcufinder
2024-06-09 20:33:53,633 [INFO] DbMcusAds:125 - Set database path to: C:\Users\samue\.stmcufinder\plugins\mcufinder//mcu/
2024-06-09 20:33:53,633 [WARN] DbFile:41 - Overriding database path with different value: C:\Users\samue\.stmcufinder\plugins\mcufinder/ => C:\Users\samue\.stmcufinder\plugins\mcufinder
2024-06-09 20:33:53,633 [WARN] DbFile:41 - Overriding database path with different value: C:\Users\samue\.stmcufinder\plugins\mcufinder/ => C:\Users\samue\.stmcufinder\plugins\mcufinder
2024-06-09 20:33:53,633 [INFO] CrossReferenceDbSqlite:203 - Set database path to: C:\Users\samue\.stmcufinder\plugins\mcufinder//mcu/cs/
2024-06-09 20:33:53,690 [INFO] MainPanel:262 - HeapMemory: 268435456
2024-06-09 20:33:53,755 [INFO] DbMcusXml:78 - Set database path to: C:\ST\STM32CubeIDE_1.13.1\STM32CubeIDE\plugins\com.st.stm32cube.common.mx_6.9.1.202307191849\\db\/mcu/
2024-06-09 20:33:53,755 [INFO] ApiDb:274 - Set plugin database path to: C:\ST\STM32CubeIDE_1.13.1\STM32CubeIDE\plugins\com.st.stm32cube.common.mx_6.9.1.202307191849\\db\/plugins/boardmanager/
2024-06-09 20:33:53,755 [INFO] ApiDb:261 - Set plugin images path to: C:\ST\STM32CubeIDE_1.13.1\STM32CubeIDE\plugins\com.st.stm32cube.common.mx_6.9.1.202307191849\\db\/plugins/mcufinder/images/
2024-06-09 20:33:53,755 [WARN] DbFile:41 - Overriding database path with different value: C:\Users\samue\.stmcufinder\plugins\mcufinder/ => C:\Users\samue\.stmcufinder\plugins\mcufinder
2024-06-09 20:33:53,755 [INFO] ApiDb:250 - Set database path to: C:\Users\samue\.stmcufinder\plugins\mcufinder//mcu/
2024-06-09 20:33:53,755 [WARN] DbFile:41 - Overriding database path with different value: C:\Users\samue\.stmcufinder\plugins\mcufinder/ => C:\Users\samue\.stmcufinder\plugins\mcufinder
2024-06-09 20:33:53,755 [INFO] DbMcusAds:125 - Set database path to: C:\Users\samue\.stmcufinder\plugins\mcufinder//mcu/
2024-06-09 20:33:53,755 [WARN] DbFile:41 - Overriding database path with different value: C:\Users\samue\.stmcufinder\plugins\mcufinder/ => C:\Users\samue\.stmcufinder\plugins\mcufinder
2024-06-09 20:33:53,755 [WARN] DbFile:41 - Overriding database path with different value: C:\Users\samue\.stmcufinder\plugins\mcufinder/ => C:\Users\samue\.stmcufinder\plugins\mcufinder
2024-06-09 20:33:53,756 [INFO] CrossReferenceDbSqlite:203 - Set database path to: C:\Users\samue\.stmcufinder\plugins\mcufinder//mcu/cs/
2024-06-09 20:33:53,770 [INFO] ApplicationProperties:184 - Using Application install path: C:\ST\STM32CubeIDE_1.13.1\STM32CubeIDE\plugins\com.st.stm32cube.common.mx_6.9.1.202307191849
2024-06-09 20:33:53,771 [INFO] PluginManage:196 - Search for loadable plugins [exclusion list=, ]
2024-06-09 20:33:53,772 [INFO] PluginManage:310 - Check plugin analytics
2024-06-09 20:33:53,881 [INFO] AnalyticsPlugin:253 - Accepted Software Licenses: 
2024-06-09 20:33:53,882 [INFO] AnalyticsPlugin:255 - Accepted CMSIS Pack Licenses: 
2024-06-09 20:33:53,882 [INFO] AnalyticsPlugin:257 - Accepted Firmware Licenses: FW.L4.1.18.0
2024-06-09 20:33:53,884 [INFO] PluginManage:359 - Loaded plugin analytics (category:tool,tabindex:-1)
2024-06-09 20:33:53,884 [INFO] PluginManage:310 - Check plugin cadmodel
2024-06-09 20:33:53,888 [INFO] CADModel:105 - Init CAD model plugin
2024-06-09 20:33:53,888 [INFO] PluginManage:359 - Loaded plugin cadmodel (category:power,tabindex:5)
2024-06-09 20:33:53,888 [INFO] PluginManage:310 - Check plugin clock
2024-06-09 20:33:53,896 [INFO] PluginManage:359 - Loaded plugin clock (category:base,tabindex:2)
2024-06-09 20:33:53,896 [INFO] PluginManage:310 - Check plugin ddr
2024-06-09 20:33:53,897 [INFO] PluginManage:359 - Loaded plugin ddr (category:tool,tabindex:6)
2024-06-09 20:33:53,897 [INFO] PluginManage:310 - Check plugin filemanager
2024-06-09 20:33:54,000 [INFO] PluginManage:359 - Loaded plugin filemanager (category:base,tabindex:10)
2024-06-09 20:33:54,001 [INFO] PluginManage:310 - Check plugin ipmanager
2024-06-09 20:33:54,006 [INFO] PluginManage:359 - Loaded plugin ipmanager (category:base,tabindex:5)
2024-06-09 20:33:54,006 [INFO] PluginManage:310 - Check plugin lpbam
2024-06-09 20:33:54,012 [INFO] PluginManage:359 - Loaded plugin lpbam (category:base,tabindex:0)
2024-06-09 20:33:54,012 [INFO] PluginManage:310 - Check plugin memorymap
2024-06-09 20:33:54,025 [INFO] PluginManage:359 - Loaded plugin memorymap (category:base,tabindex:4)
2024-06-09 20:33:54,025 [INFO] PluginManage:310 - Check plugin pinoutandconfiguration
2024-06-09 20:33:54,031 [INFO] PluginManage:359 - Loaded plugin pinoutandconfiguration (category:base,tabindex:1)
2024-06-09 20:33:54,031 [INFO] PluginManage:310 - Check plugin pinoutconfig
2024-06-09 20:33:54,102 [WARN] SupportedApi:132 - Cannot load RTOS API schema: s4s-elt-must-match.1: The content of 'definitions' must match (annotation?, (simpleType | complexType)?, (unique | key | keyref)*)). A problem was found starting at: attribute.
2024-06-09 20:33:54,204 [INFO] PluginManage:359 - Loaded plugin pinoutconfig (category:base,tabindex:0)
2024-06-09 20:33:54,204 [INFO] PluginManage:310 - Check plugin power
2024-06-09 20:33:54,211 [INFO] PluginManage:359 - Loaded plugin power (category:power,tabindex:4)
2024-06-09 20:33:54,211 [INFO] PluginManage:310 - Check plugin projectmanager
2024-06-09 20:33:54,224 [INFO] PluginManage:359 - Loaded plugin projectmanager (category:projectmanager,tabindex:3)
2024-06-09 20:33:54,224 [INFO] PluginManage:310 - Check plugin thirdparty
2024-06-09 20:33:54,323 [INFO] PluginManage:359 - Loaded plugin thirdparty (category:base,tabindex:-1)
2024-06-09 20:33:54,323 [WARN] IntegrityCheckThread:84 - waiting for thirdparty lock release [integrity check]
2024-06-09 20:33:54,323 [INFO] PluginManage:310 - Check plugin tools
2024-06-09 20:33:54,323 [INFO] IntegrityCheckThread:86 - entering critical section [integrity check]
2024-06-09 20:33:54,323 [INFO] ThirdPartyUpdaterWithRetryManager:70 - Updater plugin not ready yet. [1/15]
2024-06-09 20:33:54,325 [INFO] PluginManage:359 - Loaded plugin tools (category:base,tabindex:7)
2024-06-09 20:33:54,325 [INFO] PluginManage:310 - Check plugin tutovideos
2024-06-09 20:33:54,463 [INFO] PluginManage:359 - Loaded plugin tutovideos (category:base,tabindex:-1)
2024-06-09 20:33:54,463 [INFO] PluginManage:310 - Check plugin updater
2024-06-09 20:33:54,469 [INFO] PluginManage:359 - Loaded plugin updater (category:base,tabindex:12)
2024-06-09 20:33:54,470 [INFO] PluginManage:310 - Check plugin userauth
2024-06-09 20:33:54,473 [INFO] UserAuth:113 - Init User Auth plugin
2024-06-09 20:33:54,473 [INFO] PluginManage:359 - Loaded plugin userauth (category:base,tabindex:14)
2024-06-09 20:33:54,473 [INFO] PluginManage:283 - PluginManage : Loaded plugins [17]
2024-06-09 20:33:54,624 [INFO] PinOutPanel:1499 - setPackage(No Configuration,No Configuration)
2024-06-09 20:33:54,699 [INFO] CADModel:165 - CPN selected for project level
2024-06-09 20:33:54,699 [INFO] CADModel:114 - Register for checkConnection events
2024-06-09 20:33:54,710 [INFO] IPUIPlugin:80 - create IPUIPlugin
2024-06-09 20:33:54,710 [INFO] PluginManager:220 - loadIPPluginJar : add adc
2024-06-09 20:33:54,712 [INFO] IPUIPlugin:80 - create IPUIPlugin
2024-06-09 20:33:54,712 [INFO] PluginManager:220 - loadIPPluginJar : add aes
2024-06-09 20:33:54,714 [INFO] IPUIPlugin:80 - create IPUIPlugin
2024-06-09 20:33:54,714 [INFO] PluginManager:220 - loadIPPluginJar : add can
2024-06-09 20:33:54,715 [INFO] IPUIPlugin:80 - create IPUIPlugin
2024-06-09 20:33:54,715 [INFO] PluginManager:220 - loadIPPluginJar : add comp
2024-06-09 20:33:54,716 [INFO] IPUIPlugin:80 - create IPUIPlugin
2024-06-09 20:33:54,717 [INFO] PluginManager:220 - loadIPPluginJar : add cryp
2024-06-09 20:33:54,718 [INFO] IPUIPlugin:80 - create IPUIPlugin
2024-06-09 20:33:54,718 [INFO] PluginManager:220 - loadIPPluginJar : add dfsdm
2024-06-09 20:33:54,722 [INFO] IPUIPlugin:80 - create IPUIPlugin
2024-06-09 20:33:54,722 [INFO] PluginManager:220 - loadIPPluginJar : add dma
2024-06-09 20:33:54,724 [INFO] IPUIPlugin:80 - create IPUIPlugin
2024-06-09 20:33:54,724 [INFO] PluginManager:220 - loadIPPluginJar : add dma3
2024-06-09 20:33:54,725 [INFO] IPUIPlugin:80 - create IPUIPlugin
2024-06-09 20:33:54,725 [INFO] PluginManager:220 - loadIPPluginJar : add fatfs
2024-06-09 20:33:54,727 [INFO] IPUIPlugin:80 - create IPUIPlugin
2024-06-09 20:33:54,727 [INFO] PluginManager:220 - loadIPPluginJar : add fmc
2024-06-09 20:33:54,730 [INFO] IPUIPlugin:80 - create IPUIPlugin
2024-06-09 20:33:54,730 [INFO] PluginManager:220 - loadIPPluginJar : add freertos
2024-06-09 20:33:54,731 [INFO] IPUIPlugin:80 - create IPUIPlugin
2024-06-09 20:33:54,731 [INFO] PluginManager:220 - loadIPPluginJar : add genericplugin
2024-06-09 20:33:54,732 [INFO] IPUIPlugin:80 - create IPUIPlugin
2024-06-09 20:33:54,732 [INFO] PluginManager:220 - loadIPPluginJar : add gfxmmu
2024-06-09 20:33:54,735 [INFO] IPUIPlugin:80 - create IPUIPlugin
2024-06-09 20:33:54,736 [INFO] PluginManager:220 - loadIPPluginJar : add gic
2024-06-09 20:33:54,739 [INFO] IPUIPlugin:80 - create IPUIPlugin
2024-06-09 20:33:54,739 [INFO] PluginManager:220 - loadIPPluginJar : add gpio
2024-06-09 20:33:54,741 [INFO] IPUIPlugin:80 - create IPUIPlugin
2024-06-09 20:33:54,741 [INFO] PluginManager:220 - loadIPPluginJar : add gtzc
2024-06-09 20:33:54,743 [INFO] IPUIPlugin:80 - create IPUIPlugin
2024-06-09 20:33:54,743 [INFO] PluginManager:220 - loadIPPluginJar : add hash
2024-06-09 20:33:54,744 [INFO] IPUIPlugin:80 - create IPUIPlugin
2024-06-09 20:33:54,744 [INFO] PluginManager:220 - loadIPPluginJar : add i2c
2024-06-09 20:33:54,745 [INFO] IPUIPlugin:80 - create IPUIPlugin
2024-06-09 20:33:54,745 [INFO] PluginManager:220 - loadIPPluginJar : add i2s
2024-06-09 20:33:54,747 [INFO] IPUIPlugin:80 - create IPUIPlugin
2024-06-09 20:33:54,747 [INFO] PluginManager:220 - loadIPPluginJar : add i3c
2024-06-09 20:33:54,750 [INFO] IPUIPlugin:80 - create IPUIPlugin
2024-06-09 20:33:54,750 [INFO] PluginManager:220 - loadIPPluginJar : add ipddr
2024-06-09 20:33:54,755 [INFO] IPUIPlugin:80 - create IPUIPlugin
2024-06-09 20:33:54,755 [INFO] PluginManager:220 - loadIPPluginJar : add linkedlist
2024-06-09 20:33:54,757 [INFO] IPUIPlugin:80 - create IPUIPlugin
2024-06-09 20:33:54,757 [INFO] PluginManager:220 - loadIPPluginJar : add lorawan
2024-06-09 20:33:54,758 [INFO] IPUIPlugin:80 - create IPUIPlugin
2024-06-09 20:33:54,758 [INFO] PluginManager:220 - loadIPPluginJar : add ltdc
2024-06-09 20:33:54,762 [INFO] IPUIPlugin:80 - create IPUIPlugin
2024-06-09 20:33:54,762 [INFO] PluginManager:220 - loadIPPluginJar : add mdma
2024-06-09 20:33:54,764 [INFO] IPUIPlugin:80 - create IPUIPlugin
2024-06-09 20:33:54,764 [INFO] PluginManager:220 - loadIPPluginJar : add nvic
2024-06-09 20:33:54,766 [INFO] IPUIPlugin:80 - create IPUIPlugin
2024-06-09 20:33:54,766 [INFO] PluginManager:220 - loadIPPluginJar : add opamp
2024-06-09 20:33:54,769 [INFO] IPUIPlugin:80 - create IPUIPlugin
2024-06-09 20:33:54,769 [INFO] PluginManager:220 - loadIPPluginJar : add openamp
2024-06-09 20:33:54,771 [INFO] IPUIPlugin:80 - create IPUIPlugin
2024-06-09 20:33:54,771 [INFO] PluginManager:220 - loadIPPluginJar : add pdm2pcm
2024-06-09 20:33:54,776 [INFO] IPUIPlugin:80 - create IPUIPlugin
2024-06-09 20:33:54,778 [INFO] PluginManager:220 - loadIPPluginJar : add plateformsettings
2024-06-09 20:33:54,779 [INFO] IPUIPlugin:80 - create IPUIPlugin
2024-06-09 20:33:54,779 [INFO] PluginManager:220 - loadIPPluginJar : add quadspi
2024-06-09 20:33:54,781 [INFO] IPUIPlugin:80 - create IPUIPlugin
2024-06-09 20:33:54,781 [INFO] PluginManager:220 - loadIPPluginJar : add resmgrutility
2024-06-09 20:33:54,783 [INFO] IPUIPlugin:80 - create IPUIPlugin
2024-06-09 20:33:54,783 [INFO] PluginManager:220 - loadIPPluginJar : add sai
2024-06-09 20:33:54,784 [INFO] IPUIPlugin:80 - create IPUIPlugin
2024-06-09 20:33:54,784 [INFO] PluginManager:220 - loadIPPluginJar : add spi
2024-06-09 20:33:54,787 [INFO] IPUIPlugin:80 - create IPUIPlugin
2024-06-09 20:33:54,787 [INFO] PluginManager:220 - loadIPPluginJar : add stm32_wpan
2024-06-09 20:33:54,788 [INFO] IPUIPlugin:80 - create IPUIPlugin
2024-06-09 20:33:54,788 [INFO] PluginManager:220 - loadIPPluginJar : add tim
2024-06-09 20:33:54,791 [INFO] IPUIPlugin:80 - create IPUIPlugin
2024-06-09 20:33:54,791 [INFO] PluginManager:220 - loadIPPluginJar : add touchsensing
2024-06-09 20:33:54,792 [INFO] IPUIPlugin:80 - create IPUIPlugin
2024-06-09 20:33:54,792 [INFO] PluginManager:220 - loadIPPluginJar : add tracer_emb
2024-06-09 20:33:54,793 [INFO] IPUIPlugin:80 - create IPUIPlugin
2024-06-09 20:33:54,793 [INFO] PluginManager:220 - loadIPPluginJar : add ts
2024-06-09 20:33:54,794 [INFO] IPUIPlugin:80 - create IPUIPlugin
2024-06-09 20:33:54,794 [INFO] PluginManager:220 - loadIPPluginJar : add tsc
2024-06-09 20:33:54,796 [INFO] IPUIPlugin:80 - create IPUIPlugin
2024-06-09 20:33:54,796 [INFO] PluginManager:220 - loadIPPluginJar : add ucpd
2024-06-09 20:33:54,798 [INFO] IPUIPlugin:80 - create IPUIPlugin
2024-06-09 20:33:54,798 [INFO] PluginManager:220 - loadIPPluginJar : add usart
2024-06-09 20:33:54,800 [INFO] IPUIPlugin:80 - create IPUIPlugin
2024-06-09 20:33:54,800 [INFO] PluginManager:220 - loadIPPluginJar : add usbx
2024-06-09 20:33:54,907 [INFO] CADModel:165 - CPN selected for project level
2024-06-09 20:33:54,907 [INFO] CADModel:114 - Register for checkConnection events
2024-06-09 20:33:54,907 [FATAL] Updater:308 - Updater called before beeing initialized
2024-06-09 20:33:54,907 [ERROR] CADModel:125 - Updater not yet initialized, retry later 
2024-06-09 20:33:55,000 [INFO] CADModel:165 - CPN selected for project level
2024-06-09 20:33:55,000 [INFO] CADModel:114 - Register for checkConnection events
2024-06-09 20:33:55,000 [FATAL] Updater:308 - Updater called before beeing initialized
2024-06-09 20:33:55,000 [ERROR] CADModel:125 - Updater not yet initialized, retry later 
2024-06-09 20:33:55,002 [FATAL] Updater:308 - Updater called before beeing initialized
2024-06-09 20:33:55,070 [FATAL] Updater:308 - Updater called before beeing initialized
2024-06-09 20:33:55,074 [INFO] DbMcusAds:53 - JSON generation date=Thu May 16 11:22:00 CEST 2024 (1715851320852)
2024-06-09 20:33:55,074 [FATAL] Updater:308 - Updater called before beeing initialized
2024-06-09 20:33:55,104 [WARN] DetailPanel:346 - Failed to get advertising image, set to default
2024-06-09 20:33:55,178 [FATAL] Updater:308 - Updater called before beeing initialized
2024-06-09 20:33:55,179 [FATAL] Updater:308 - Updater called before beeing initialized
2024-06-09 20:33:55,179 [FATAL] Updater:308 - Updater called before beeing initialized
2024-06-09 20:33:55,180 [WARN] DetailPanel:346 - Failed to get advertising image, set to default
2024-06-09 20:33:55,180 [FATAL] Updater:308 - Updater called before beeing initialized
2024-06-09 20:33:55,231 [ERROR] Updater:1120 - MainUpdater not yet initialized. External WinMGr cannot be set.
2024-06-09 20:33:55,233 [INFO] Updater:1056 - Updater Version found : 6.9.1
2024-06-09 20:33:55,246 [INFO] ApplicationProperties:184 - Using Application install path: C:\ST\STM32CubeIDE_1.13.1\STM32CubeIDE\plugins\com.st.stm32cube.common.mx_6.9.1.202307191849
2024-06-09 20:33:55,498 [INFO] MainUpdater:2868 - connection check result : 10
2024-06-09 20:33:55,499 [INFO] MainUpdater:285 - Updater Check For Update Now.
2024-06-09 20:33:55,499 [INFO] MicroXplorer:498 - Change Database Version : DB.6.0.91
2024-06-09 20:33:55,503 [INFO] McuFinderGlobals:63 - Set McuFinder mode to 2 (CubeIDE integrated)
2024-06-09 20:33:55,503 [INFO] UserAuth:179 - activating auth plugin
2024-06-09 20:33:55,505 [INFO] UserAuth:393 - Internet connection configuration mode: 1
2024-06-09 20:33:55,522 [INFO] JxBrowserEngine:151 - Initiate JxBrowser Engine with user profile folder
2024-06-09 20:33:55,645 [INFO] CheckServerUpdateThread:120 - End of CheckServer Thread
2024-06-09 20:33:56,061 [INFO] WebApp:157 - Instantiating new browser for Auth
2024-06-09 20:33:56,446 [INFO] WebApp:753 - Register for checkConnection events
2024-06-09 20:33:56,446 [INFO] WebApp:390 - Apply proxy settings
2024-06-09 20:33:56,446 [INFO] WebApp:475 - Chromium requires no authentication
2024-06-09 20:33:56,452 [INFO] WebApp:418 - Direct internet connection detected
2024-06-09 20:33:56,561 [INFO] WebApp:188 - Starting web application
2024-06-09 20:33:56,562 [INFO] WebApp:520 - Web application path used C:\ST\STM32CubeIDE_1.13.1\STM32CubeIDE\plugins\com.st.stm32cube.common.mx_6.9.1.202307191849\db\plugins\mcufinder\reactClient1\index.html
2024-06-09 20:33:57,538 [WARN] PackLoader:240 - Cannot read IP mode file for STMicroelectronics.FP-SNS-MOTENVWB1.1.4.0
2024-06-09 20:33:57,548 [WARN] PackLoader:240 - Cannot read IP mode file for STMicroelectronics.X-CUBE-SMBUS.2.1.0
2024-06-09 20:33:57,553 [WARN] PackLoader:240 - Cannot read IP mode file for STMicroelectronics.X-CUBE-TOUCHGFX.4.23.0
2024-06-09 20:33:57,555 [WARN] PackLoader:240 - Cannot read IP mode file for STMicroelectronics.X-CUBE-TOUCHGFX.4.23.2
2024-06-09 20:33:57,573 [WARN] PackLoader:240 - Cannot read IP mode file for STMicroelectronics.X-CUBE-AZRTOS-F7.1.1.0
2024-06-09 20:33:57,580 [WARN] PackLoader:240 - Cannot read IP mode file for STMicroelectronics.FP-SNS-MOTENV1.4.3.2
2024-06-09 20:33:57,586 [WARN] PackLoader:240 - Cannot read IP mode file for STMicroelectronics.FP-SNS-FLIGHT1.5.0.2
2024-06-09 20:33:57,591 [WARN] PackLoader:240 - Cannot read IP mode file for STMicroelectronics.X-CUBE-DISPLAY.3.0.0
2024-06-09 20:33:57,599 [WARN] PackLoader:240 - Cannot read IP mode file for STMicroelectronics.X-CUBE-BLE1.7.0.0
2024-06-09 20:33:57,604 [WARN] PackLoader:240 - Cannot read IP mode file for emotas.I-CUBE-CANOPEN.1.3.0
2024-06-09 20:33:57,611 [WARN] PackLoader:240 - Cannot read IP mode file for STMicroelectronics.X-CUBE-BLEMGR.3.1.0
2024-06-09 20:33:57,617 [WARN] PackLoader:240 - Cannot read IP mode file for STMicroelectronics.FP-SNS-SMARTAG2.1.2.0
2024-06-09 20:33:57,624 [INFO] LogOutputStream:77 - [STDOUT_REDIRECT] 1 : Invalid condition id : UX_CORESTACK_Condition cause : null
2024-06-09 20:33:57,624 [INFO] LogOutputStream:77 - [STDOUT_REDIRECT] 1 : Invalid condition id : UX_CORESTACK_Condition cause : null
2024-06-09 20:33:57,625 [INFO] LogOutputStream:77 - [STDOUT_REDIRECT] 1 : Invalid condition id : UX_CORESTACK_Condition cause : null
2024-06-09 20:33:57,625 [INFO] LogOutputStream:77 - [STDOUT_REDIRECT] 1 : Invalid condition id : UX_CORESTACK_Condition cause : null
2024-06-09 20:33:57,626 [INFO] LogOutputStream:77 - [STDOUT_REDIRECT] 1 : Invalid condition id : UX_CORESTACK_Condition cause : null
2024-06-09 20:33:57,628 [WARN] PackLoader:240 - Cannot read IP mode file for STMicroelectronics.X-CUBE-AZRTOS-WL.2.0.0
2024-06-09 20:33:57,631 [WARN] PackLoader:240 - Cannot read IP mode file for STMicroelectronics.FP-SNS-MOTENV1.5.0.0
2024-06-09 20:33:57,640 [WARN] PackLoader:240 - Cannot read IP mode file for WES.I-CUBE-Cesium.1.3.0
2024-06-09 20:33:57,646 [WARN] PackLoader:240 - Cannot read IP mode file for STMicroelectronics.X-CUBE-BLE2.3.3.0
2024-06-09 20:33:57,651 [WARN] PackLoader:240 - Cannot read IP mode file for STMicroelectronics.X-CUBE-TCPP.4.1.0
2024-06-09 20:33:57,657 [WARN] PackLoader:240 - Cannot read IP mode file for STMicroelectronics.X-CUBE-ALGOBUILD.1.3.0
2024-06-09 20:33:57,680 [WARN] PackLoader:240 - Cannot read IP mode file for STMicroelectronics.X-CUBE-AZRTOS-G0.1.1.0
2024-06-09 20:33:57,689 [WARN] PackLoader:240 - Cannot read IP mode file for STMicroelectronics.X-CUBE-SAFEA1.1.2.2
2024-06-09 20:33:57,694 [WARN] PackLoader:240 - Cannot read IP mode file for STMicroelectronics.X-CUBE-NFC4.3.0.0
2024-06-09 20:33:57,699 [WARN] PackLoader:240 - Cannot read IP mode file for wolfSSL.I-CUBE-wolfMQTT.1.18.0
2024-06-09 20:33:57,703 [WARN] PackLoader:240 - Cannot read IP mode file for STMicroelectronics.X-CUBE-BLEMGR.3.0.0
2024-06-09 20:33:57,708 [WARN] PackLoader:240 - Cannot read IP mode file for STMicroelectronics.FP-ATR-SIGFOX1.3.2.0
2024-06-09 20:33:57,713 [WARN] PackLoader:240 - Cannot read IP mode file for STMicroelectronics.X-CUBE-EEPRMA1.5.1.0
2024-06-09 20:33:57,733 [WARN] PackLoader:240 - Cannot read IP mode file for SEGGER.I-CUBE-embOS.1.3.1
2024-06-09 20:33:57,756 [WARN] PackLoader:240 - Cannot read IP mode file for STMicroelectronics.X-CUBE-ALGOBUILD.1.4.0
2024-06-09 20:33:57,761 [WARN] PackLoader:240 - Cannot read IP mode file for STMicroelectronics.X-CUBE-GNSS1.6.0.0
2024-06-09 20:33:57,772 [WARN] PackLoader:240 - Cannot read IP mode file for STMicroelectronics.X-CUBE-AZRTOS-F4.1.1.0
2024-06-09 20:33:57,779 [WARN] PackLoader:240 - Cannot read IP mode file for STMicroelectronics.X-CUBE-FREERTOS.1.2.0
2024-06-09 20:33:57,784 [WARN] PackLoader:240 - Cannot read IP mode file for wolfSSL.I-CUBE-wolfSSL.5.6.6
2024-06-09 20:33:57,797 [WARN] PackLoader:240 - Cannot read IP mode file for STMicroelectronics.X-CUBE-AZRTOS-L5.2.0.0
2024-06-09 20:33:57,801 [WARN] PackLoader:240 - Cannot read IP mode file for STMicroelectronics.X-CUBE-EEPRMA1.4.2.0
2024-06-09 20:33:57,809 [WARN] PackLoader:240 - Cannot read IP mode file for STMicroelectronics.X-CUBE-NFC6.3.1.0
2024-06-09 20:33:57,817 [WARN] PackLoader:240 - Cannot read IP mode file for ITTIA_DB.I-CUBE-ITTIADB.8.8.0
2024-06-09 20:33:57,823 [WARN] PackLoader:240 - Cannot read IP mode file for STMicroelectronics.X-CUBE-AI.9.0.0
2024-06-09 20:33:57,832 [WARN] PackLoader:240 - Cannot read IP mode file for STMicroelectronics.X-CUBE-NFC7.1.0.1
2024-06-09 20:33:57,837 [WARN] PackLoader:240 - Cannot read IP mode file for STMicroelectronics.X-CUBE-NFC6.3.0.0
2024-06-09 20:33:57,841 [WARN] PackLoader:240 - Cannot read IP mode file for STMicroelectronics.X-CUBE-AI.8.1.0
2024-06-09 20:33:57,851 [WARN] ConditionMgr:438 - getConditionDescription Invalid condition id : LAN8742 Phy interface Condition cause : null
2024-06-09 20:33:57,852 [WARN] PackLoader:240 - Cannot read IP mode file for STMicroelectronics.X-CUBE-AZRTOS-L4.2.0.0
2024-06-09 20:33:57,852 [WARN] ConditionMgr:1039 - genDependencies : Invalid condition id : LAN8742 Phy interface Condition cause : null
2024-06-09 20:33:57,853 [WARN] ConditionMgr:1039 - genDependencies : Invalid condition id : LAN8742 Phy interface Condition cause : null
2024-06-09 20:33:57,853 [WARN] ConditionMgr:1039 - genDependencies : Invalid condition id : LAN8742 Phy interface Condition cause : null
2024-06-09 20:33:57,859 [WARN] PackLoader:240 - Cannot read IP mode file for STMicroelectronics.X-CUBE-SFXS2LP1.4.0.0
2024-06-09 20:33:57,867 [WARN] ConditionMgr:438 - getConditionDescription Invalid condition id : UX DEVICE CLASS RTOS Condition cause : null
2024-06-09 20:33:57,867 [WARN] ConditionMgr:438 - getConditionDescription Invalid condition id : UX DEVICE CLASS RTOS Condition cause : null
2024-06-09 20:33:57,869 [WARN] PackLoader:240 - Cannot read IP mode file for STMicroelectronics.X-CUBE-AZRTOS-WB.2.0.0
2024-06-09 20:33:57,869 [WARN] ConditionMgr:1039 - genDependencies : Invalid condition id : UX DEVICE CLASS RTOS Condition cause : null
2024-06-09 20:33:57,869 [WARN] ConditionMgr:1039 - genDependencies : Invalid condition id : UX DEVICE CLASS RTOS Condition cause : null
2024-06-09 20:33:57,869 [WARN] ConditionMgr:1039 - genDependencies : Invalid condition id : UX DEVICE CLASS RTOS Condition cause : null
2024-06-09 20:33:57,870 [WARN] ConditionMgr:1039 - genDependencies : Invalid condition id : UX DEVICE CLASS RTOS Condition cause : null
2024-06-09 20:33:57,870 [WARN] ConditionMgr:1039 - genDependencies : Invalid condition id : UX DEVICE CLASS RTOS Condition cause : null
2024-06-09 20:33:57,879 [WARN] PackLoader:240 - Cannot read IP mode file for STMicroelectronics.X-CUBE-SUBG2.5.0.0
2024-06-09 20:33:57,891 [WARN] PackLoader:240 - Cannot read IP mode file for STMicroelectronics.X-CUBE-AZRTOS-G4.2.0.0
2024-06-09 20:33:57,902 [WARN] PackLoader:240 - Cannot read IP mode file for Infineon.AIROC-Wi-Fi-Bluetooth-STM32.1.5.1
2024-06-09 20:33:57,909 [WARN] PackLoader:240 - Cannot read IP mode file for STMicroelectronics.FP-SNS-MOTENVWB1.1.3.1
2024-06-09 20:33:57,913 [WARN] PackLoader:240 - Cannot read IP mode file for STMicroelectronics.X-CUBE-ISPU.2.0.0
2024-06-09 20:33:57,919 [WARN] PackLoader:240 - Cannot read IP mode file for STMicroelectronics.X-CUBE-ALS.1.0.2
2024-06-09 20:33:57,943 [WARN] PackLoader:240 - Cannot read IP mode file for STMicroelectronics.X-CUBE-MEMS1.10.0.0
2024-06-09 20:33:58,022 [WARN] PackLoader:240 - Cannot read IP mode file for STMicroelectronics.X-CUBE-FREERTOS.1.1.0
2024-06-09 20:33:58,029 [WARN] PackLoader:240 - Cannot read IP mode file for portGmbH.I-Cube-SoM-uGOAL.1.1.0
2024-06-09 20:33:58,033 [WARN] PackLoader:240 - Cannot read IP mode file for STMicroelectronics.X-CUBE-ALS.1.0.1
2024-06-09 20:33:58,063 [WARN] PackLoader:240 - Cannot read IP mode file for STMicroelectronics.X-CUBE-AZRTOS-H7RS.1.0.0
2024-06-09 20:33:58,070 [WARN] PackLoader:240 - Cannot read IP mode file for STMicroelectronics.FP-ATR-ASTRA1.2.0.0
2024-06-09 20:33:58,083 [WARN] PackLoader:240 - Cannot read IP mode file for STMicroelectronics.X-CUBE-TOF1.3.4.0
2024-06-09 20:33:58,106 [WARN] PackLoader:240 - Cannot read IP mode file for STMicroelectronics.X-CUBE-TOF1.3.4.1
2024-06-09 20:33:58,138 [WARN] PackLoader:240 - Cannot read IP mode file for STMicroelectronics.X-CUBE-AZRTOS-H7.3.2.0
2024-06-09 20:33:58,142 [INFO] ThirdParty:978 - Integrity check success = true
2024-06-09 20:33:58,142 [INFO] IntegrityCheckThread:100 - exiting critical section [integrity check]
2024-06-09 20:33:58,142 [INFO] IntegrityCheckThread:103 - End integrity checks thread
2024-06-09 20:34:16,982 [ERROR] LogOutputStream:75 - [STDERR_REDIRECT] SLF4J: Failed to load class "org.slf4j.impl.StaticLoggerBinder".
2024-06-09 20:34:16,983 [ERROR] LogOutputStream:75 - [STDERR_REDIRECT] SLF4J: Defaulting to no-operation (NOP) logger implementation
2024-06-09 20:34:16,983 [ERROR] LogOutputStream:75 - [STDERR_REDIRECT] SLF4J: See http://www.slf4j.org/codes.html#StaticLoggerBinder for further details.
2024-06-09 22:37:40,691 [ERROR] LogOutputStream:75 - [STDERR_REDIRECT] 
