2024-06-15 15:27:53,751 [INFO] Activator:176 - 


2024-06-15 15:27:53,756 [INFO] Activator:177 - !SESSION log4j initialized
2024-06-15 15:27:58,287 [INFO] LogOutputStream:77 - [STDOUT_REDIRECT] 
2024-06-15 15:28:12,012 [INFO] ApplicationProperties:184 - Using Application install path: C:\ST\STM32CubeIDE_1.13.1\STM32CubeIDE\plugins\com.st.stm32cube.common.mx_6.9.1.202307191849
2024-06-15 15:28:12,026 [INFO] DbMcusXml:78 - Set database path to: C:\ST\STM32CubeIDE_1.13.1\STM32CubeIDE\plugins\com.st.stm32cube.common.mx_6.9.1.202307191849\\db\/mcu/
2024-06-15 15:28:12,026 [INFO] ApiDb:274 - Set plugin database path to: C:\ST\STM32CubeIDE_1.13.1\STM32CubeIDE\plugins\com.st.stm32cube.common.mx_6.9.1.202307191849\\db\/plugins/boardmanager/
2024-06-15 15:28:12,027 [WARN] ApiDb:259 - Overriding images path with different value:  => C:\ST\STM32CubeIDE_1.13.1\STM32CubeIDE\plugins\com.st.stm32cube.common.mx_6.9.1.202307191849\\db\/plugins/mcufinder/images/
2024-06-15 15:28:12,034 [INFO] ApiDb:250 - Set database path to: C:\Users\samue\.stmcufinder\plugins\mcufinder//mcu/
2024-06-15 15:28:12,035 [INFO] DbMcusAds:125 - Set database path to: C:\Users\samue\.stmcufinder\plugins\mcufinder//mcu/
2024-06-15 15:28:12,036 [INFO] CrossReferenceDbSqlite:203 - Set database path to: C:\Users\samue\.stmcufinder\plugins\mcufinder//mcu/cs/
2024-06-15 15:28:12,106 [INFO] RulesReader:64 - Compatibility file has been processed (293 Rules)
2024-06-15 15:28:12,162 [INFO] DbMcusXml:78 - Set database path to: C:\ST\STM32CubeIDE_1.13.1\STM32CubeIDE\plugins\com.st.stm32cube.common.mx_6.9.1.202307191849\\db\/mcu/
2024-06-15 15:28:12,163 [INFO] ApiDb:274 - Set plugin database path to: C:\ST\STM32CubeIDE_1.13.1\STM32CubeIDE\plugins\com.st.stm32cube.common.mx_6.9.1.202307191849\\db\/plugins/boardmanager/
2024-06-15 15:28:12,163 [INFO] ApiDb:261 - Set plugin images path to: C:\ST\STM32CubeIDE_1.13.1\STM32CubeIDE\plugins\com.st.stm32cube.common.mx_6.9.1.202307191849\\db\/plugins/mcufinder/images/
2024-06-15 15:28:12,163 [WARN] DbFile:41 - Overriding database path with different value: C:\Users\samue\.stmcufinder\plugins\mcufinder/ => C:\Users\samue\.stmcufinder\plugins\mcufinder
2024-06-15 15:28:12,163 [INFO] ApiDb:250 - Set database path to: C:\Users\samue\.stmcufinder\plugins\mcufinder//mcu/
2024-06-15 15:28:12,163 [WARN] DbFile:41 - Overriding database path with different value: C:\Users\samue\.stmcufinder\plugins\mcufinder/ => C:\Users\samue\.stmcufinder\plugins\mcufinder
2024-06-15 15:28:12,163 [INFO] DbMcusAds:125 - Set database path to: C:\Users\samue\.stmcufinder\plugins\mcufinder//mcu/
2024-06-15 15:28:12,163 [WARN] DbFile:41 - Overriding database path with different value: C:\Users\samue\.stmcufinder\plugins\mcufinder/ => C:\Users\samue\.stmcufinder\plugins\mcufinder
2024-06-15 15:28:12,163 [WARN] DbFile:41 - Overriding database path with different value: C:\Users\samue\.stmcufinder\plugins\mcufinder/ => C:\Users\samue\.stmcufinder\plugins\mcufinder
2024-06-15 15:28:12,163 [INFO] CrossReferenceDbSqlite:203 - Set database path to: C:\Users\samue\.stmcufinder\plugins\mcufinder//mcu/cs/
2024-06-15 15:28:12,215 [INFO] MainPanel:262 - HeapMemory: 268435456
2024-06-15 15:28:12,274 [INFO] DbMcusXml:78 - Set database path to: C:\ST\STM32CubeIDE_1.13.1\STM32CubeIDE\plugins\com.st.stm32cube.common.mx_6.9.1.202307191849\\db\/mcu/
2024-06-15 15:28:12,274 [INFO] ApiDb:274 - Set plugin database path to: C:\ST\STM32CubeIDE_1.13.1\STM32CubeIDE\plugins\com.st.stm32cube.common.mx_6.9.1.202307191849\\db\/plugins/boardmanager/
2024-06-15 15:28:12,274 [INFO] ApiDb:261 - Set plugin images path to: C:\ST\STM32CubeIDE_1.13.1\STM32CubeIDE\plugins\com.st.stm32cube.common.mx_6.9.1.202307191849\\db\/plugins/mcufinder/images/
2024-06-15 15:28:12,274 [WARN] DbFile:41 - Overriding database path with different value: C:\Users\samue\.stmcufinder\plugins\mcufinder/ => C:\Users\samue\.stmcufinder\plugins\mcufinder
2024-06-15 15:28:12,274 [INFO] ApiDb:250 - Set database path to: C:\Users\samue\.stmcufinder\plugins\mcufinder//mcu/
2024-06-15 15:28:12,274 [WARN] DbFile:41 - Overriding database path with different value: C:\Users\samue\.stmcufinder\plugins\mcufinder/ => C:\Users\samue\.stmcufinder\plugins\mcufinder
2024-06-15 15:28:12,275 [INFO] DbMcusAds:125 - Set database path to: C:\Users\samue\.stmcufinder\plugins\mcufinder//mcu/
2024-06-15 15:28:12,275 [WARN] DbFile:41 - Overriding database path with different value: C:\Users\samue\.stmcufinder\plugins\mcufinder/ => C:\Users\samue\.stmcufinder\plugins\mcufinder
2024-06-15 15:28:12,275 [WARN] DbFile:41 - Overriding database path with different value: C:\Users\samue\.stmcufinder\plugins\mcufinder/ => C:\Users\samue\.stmcufinder\plugins\mcufinder
2024-06-15 15:28:12,275 [INFO] CrossReferenceDbSqlite:203 - Set database path to: C:\Users\samue\.stmcufinder\plugins\mcufinder//mcu/cs/
2024-06-15 15:28:12,288 [INFO] ApplicationProperties:184 - Using Application install path: C:\ST\STM32CubeIDE_1.13.1\STM32CubeIDE\plugins\com.st.stm32cube.common.mx_6.9.1.202307191849
2024-06-15 15:28:12,289 [INFO] PluginManage:196 - Search for loadable plugins [exclusion list=, ]
2024-06-15 15:28:12,290 [INFO] PluginManage:310 - Check plugin analytics
2024-06-15 15:28:12,394 [INFO] AnalyticsPlugin:253 - Accepted Software Licenses: 
2024-06-15 15:28:12,395 [INFO] AnalyticsPlugin:255 - Accepted CMSIS Pack Licenses: 
2024-06-15 15:28:12,395 [INFO] AnalyticsPlugin:257 - Accepted Firmware Licenses: FW.L4.1.18.0
2024-06-15 15:28:12,396 [INFO] PluginManage:359 - Loaded plugin analytics (category:tool,tabindex:-1)
2024-06-15 15:28:12,397 [INFO] PluginManage:310 - Check plugin cadmodel
2024-06-15 15:28:12,406 [INFO] CADModel:105 - Init CAD model plugin
2024-06-15 15:28:12,406 [INFO] PluginManage:359 - Loaded plugin cadmodel (category:power,tabindex:5)
2024-06-15 15:28:12,406 [INFO] PluginManage:310 - Check plugin clock
2024-06-15 15:28:12,420 [INFO] PluginManage:359 - Loaded plugin clock (category:base,tabindex:2)
2024-06-15 15:28:12,420 [INFO] PluginManage:310 - Check plugin ddr
2024-06-15 15:28:12,422 [INFO] PluginManage:359 - Loaded plugin ddr (category:tool,tabindex:6)
2024-06-15 15:28:12,422 [INFO] PluginManage:310 - Check plugin filemanager
2024-06-15 15:28:12,514 [INFO] PluginManage:359 - Loaded plugin filemanager (category:base,tabindex:10)
2024-06-15 15:28:12,515 [INFO] PluginManage:310 - Check plugin ipmanager
2024-06-15 15:28:12,520 [INFO] PluginManage:359 - Loaded plugin ipmanager (category:base,tabindex:5)
2024-06-15 15:28:12,520 [INFO] PluginManage:310 - Check plugin lpbam
2024-06-15 15:28:12,531 [INFO] PluginManage:359 - Loaded plugin lpbam (category:base,tabindex:0)
2024-06-15 15:28:12,531 [INFO] PluginManage:310 - Check plugin memorymap
2024-06-15 15:28:12,546 [INFO] PluginManage:359 - Loaded plugin memorymap (category:base,tabindex:4)
2024-06-15 15:28:12,546 [INFO] PluginManage:310 - Check plugin pinoutandconfiguration
2024-06-15 15:28:12,558 [INFO] PluginManage:359 - Loaded plugin pinoutandconfiguration (category:base,tabindex:1)
2024-06-15 15:28:12,558 [INFO] PluginManage:310 - Check plugin pinoutconfig
2024-06-15 15:28:12,621 [WARN] SupportedApi:132 - Cannot load RTOS API schema: s4s-elt-must-match.1: The content of 'definitions' must match (annotation?, (simpleType | complexType)?, (unique | key | keyref)*)). A problem was found starting at: attribute.
2024-06-15 15:28:12,711 [INFO] PluginManage:359 - Loaded plugin pinoutconfig (category:base,tabindex:0)
2024-06-15 15:28:12,711 [INFO] PluginManage:310 - Check plugin power
2024-06-15 15:28:12,724 [INFO] PluginManage:359 - Loaded plugin power (category:power,tabindex:4)
2024-06-15 15:28:12,724 [INFO] PluginManage:310 - Check plugin projectmanager
2024-06-15 15:28:12,732 [INFO] PluginManage:359 - Loaded plugin projectmanager (category:projectmanager,tabindex:3)
2024-06-15 15:28:12,732 [INFO] PluginManage:310 - Check plugin thirdparty
2024-06-15 15:28:12,916 [INFO] PluginManage:359 - Loaded plugin thirdparty (category:base,tabindex:-1)
2024-06-15 15:28:12,916 [WARN] IntegrityCheckThread:84 - waiting for thirdparty lock release [integrity check]
2024-06-15 15:28:12,916 [INFO] PluginManage:310 - Check plugin tools
2024-06-15 15:28:12,916 [INFO] IntegrityCheckThread:86 - entering critical section [integrity check]
2024-06-15 15:28:12,916 [INFO] ThirdPartyUpdaterWithRetryManager:70 - Updater plugin not ready yet. [1/15]
2024-06-15 15:28:12,938 [INFO] PluginManage:359 - Loaded plugin tools (category:base,tabindex:7)
2024-06-15 15:28:12,938 [INFO] PluginManage:310 - Check plugin tutovideos
2024-06-15 15:28:13,074 [INFO] PluginManage:359 - Loaded plugin tutovideos (category:base,tabindex:-1)
2024-06-15 15:28:13,074 [INFO] PluginManage:310 - Check plugin updater
2024-06-15 15:28:13,082 [INFO] PluginManage:359 - Loaded plugin updater (category:base,tabindex:12)
2024-06-15 15:28:13,082 [INFO] PluginManage:310 - Check plugin userauth
2024-06-15 15:28:13,086 [INFO] UserAuth:113 - Init User Auth plugin
2024-06-15 15:28:13,086 [INFO] PluginManage:359 - Loaded plugin userauth (category:base,tabindex:14)
2024-06-15 15:28:13,087 [INFO] PluginManage:283 - PluginManage : Loaded plugins [17]
2024-06-15 15:28:13,236 [INFO] PinOutPanel:1499 - setPackage(No Configuration,No Configuration)
2024-06-15 15:28:13,306 [INFO] CADModel:165 - CPN selected for project level
2024-06-15 15:28:13,306 [INFO] CADModel:114 - Register for checkConnection events
2024-06-15 15:28:13,322 [INFO] IPUIPlugin:80 - create IPUIPlugin
2024-06-15 15:28:13,322 [INFO] PluginManager:220 - loadIPPluginJar : add adc
2024-06-15 15:28:13,345 [INFO] IPUIPlugin:80 - create IPUIPlugin
2024-06-15 15:28:13,345 [INFO] PluginManager:220 - loadIPPluginJar : add aes
2024-06-15 15:28:13,369 [INFO] IPUIPlugin:80 - create IPUIPlugin
2024-06-15 15:28:13,369 [INFO] PluginManager:220 - loadIPPluginJar : add can
2024-06-15 15:28:13,384 [INFO] IPUIPlugin:80 - create IPUIPlugin
2024-06-15 15:28:13,384 [INFO] PluginManager:220 - loadIPPluginJar : add comp
2024-06-15 15:28:13,405 [INFO] IPUIPlugin:80 - create IPUIPlugin
2024-06-15 15:28:13,405 [INFO] PluginManager:220 - loadIPPluginJar : add cryp
2024-06-15 15:28:13,423 [INFO] IPUIPlugin:80 - create IPUIPlugin
2024-06-15 15:28:13,423 [INFO] PluginManager:220 - loadIPPluginJar : add dfsdm
2024-06-15 15:28:13,431 [INFO] IPUIPlugin:80 - create IPUIPlugin
2024-06-15 15:28:13,432 [INFO] PluginManager:220 - loadIPPluginJar : add dma
2024-06-15 15:28:13,460 [INFO] IPUIPlugin:80 - create IPUIPlugin
2024-06-15 15:28:13,460 [INFO] PluginManager:220 - loadIPPluginJar : add dma3
2024-06-15 15:28:13,473 [INFO] IPUIPlugin:80 - create IPUIPlugin
2024-06-15 15:28:13,473 [INFO] PluginManager:220 - loadIPPluginJar : add fatfs
2024-06-15 15:28:13,501 [INFO] IPUIPlugin:80 - create IPUIPlugin
2024-06-15 15:28:13,501 [INFO] PluginManager:220 - loadIPPluginJar : add fmc
2024-06-15 15:28:13,510 [INFO] IPUIPlugin:80 - create IPUIPlugin
2024-06-15 15:28:13,510 [INFO] PluginManager:220 - loadIPPluginJar : add freertos
2024-06-15 15:28:13,522 [INFO] IPUIPlugin:80 - create IPUIPlugin
2024-06-15 15:28:13,523 [INFO] PluginManager:220 - loadIPPluginJar : add genericplugin
2024-06-15 15:28:13,580 [INFO] IPUIPlugin:80 - create IPUIPlugin
2024-06-15 15:28:13,581 [INFO] PluginManager:220 - loadIPPluginJar : add gfxmmu
2024-06-15 15:28:13,660 [INFO] IPUIPlugin:80 - create IPUIPlugin
2024-06-15 15:28:13,660 [INFO] PluginManager:220 - loadIPPluginJar : add gic
2024-06-15 15:28:13,669 [INFO] IPUIPlugin:80 - create IPUIPlugin
2024-06-15 15:28:13,669 [INFO] PluginManager:220 - loadIPPluginJar : add gpio
2024-06-15 15:28:13,724 [INFO] IPUIPlugin:80 - create IPUIPlugin
2024-06-15 15:28:13,724 [INFO] PluginManager:220 - loadIPPluginJar : add gtzc
2024-06-15 15:28:13,744 [INFO] IPUIPlugin:80 - create IPUIPlugin
2024-06-15 15:28:13,744 [INFO] PluginManager:220 - loadIPPluginJar : add hash
2024-06-15 15:28:13,775 [INFO] IPUIPlugin:80 - create IPUIPlugin
2024-06-15 15:28:13,775 [INFO] PluginManager:220 - loadIPPluginJar : add i2c
2024-06-15 15:28:13,799 [INFO] IPUIPlugin:80 - create IPUIPlugin
2024-06-15 15:28:13,799 [INFO] PluginManager:220 - loadIPPluginJar : add i2s
2024-06-15 15:28:13,824 [INFO] IPUIPlugin:80 - create IPUIPlugin
2024-06-15 15:28:13,824 [INFO] PluginManager:220 - loadIPPluginJar : add i3c
2024-06-15 15:28:13,886 [INFO] IPUIPlugin:80 - create IPUIPlugin
2024-06-15 15:28:13,886 [INFO] PluginManager:220 - loadIPPluginJar : add ipddr
2024-06-15 15:28:13,941 [INFO] IPUIPlugin:80 - create IPUIPlugin
2024-06-15 15:28:13,941 [INFO] PluginManager:220 - loadIPPluginJar : add linkedlist
2024-06-15 15:28:13,963 [INFO] IPUIPlugin:80 - create IPUIPlugin
2024-06-15 15:28:13,963 [INFO] PluginManager:220 - loadIPPluginJar : add lorawan
2024-06-15 15:28:13,984 [INFO] IPUIPlugin:80 - create IPUIPlugin
2024-06-15 15:28:13,985 [INFO] PluginManager:220 - loadIPPluginJar : add ltdc
2024-06-15 15:28:13,994 [INFO] IPUIPlugin:80 - create IPUIPlugin
2024-06-15 15:28:13,994 [INFO] PluginManager:220 - loadIPPluginJar : add mdma
2024-06-15 15:28:14,002 [INFO] IPUIPlugin:80 - create IPUIPlugin
2024-06-15 15:28:14,002 [INFO] PluginManager:220 - loadIPPluginJar : add nvic
2024-06-15 15:28:14,025 [INFO] IPUIPlugin:80 - create IPUIPlugin
2024-06-15 15:28:14,025 [INFO] PluginManager:220 - loadIPPluginJar : add opamp
2024-06-15 15:28:14,062 [INFO] IPUIPlugin:80 - create IPUIPlugin
2024-06-15 15:28:14,062 [INFO] PluginManager:220 - loadIPPluginJar : add openamp
2024-06-15 15:28:14,088 [INFO] IPUIPlugin:80 - create IPUIPlugin
2024-06-15 15:28:14,089 [INFO] PluginManager:220 - loadIPPluginJar : add pdm2pcm
2024-06-15 15:28:14,097 [INFO] IPUIPlugin:80 - create IPUIPlugin
2024-06-15 15:28:14,099 [INFO] PluginManager:220 - loadIPPluginJar : add plateformsettings
2024-06-15 15:28:14,114 [INFO] IPUIPlugin:80 - create IPUIPlugin
2024-06-15 15:28:14,114 [INFO] PluginManager:220 - loadIPPluginJar : add quadspi
2024-06-15 15:28:14,121 [INFO] IPUIPlugin:80 - create IPUIPlugin
2024-06-15 15:28:14,121 [INFO] PluginManager:220 - loadIPPluginJar : add resmgrutility
2024-06-15 15:28:14,150 [INFO] IPUIPlugin:80 - create IPUIPlugin
2024-06-15 15:28:14,150 [INFO] PluginManager:220 - loadIPPluginJar : add sai
2024-06-15 15:28:14,173 [INFO] IPUIPlugin:80 - create IPUIPlugin
2024-06-15 15:28:14,173 [INFO] PluginManager:220 - loadIPPluginJar : add spi
2024-06-15 15:28:14,208 [INFO] IPUIPlugin:80 - create IPUIPlugin
2024-06-15 15:28:14,208 [INFO] PluginManager:220 - loadIPPluginJar : add stm32_wpan
2024-06-15 15:28:14,223 [INFO] IPUIPlugin:80 - create IPUIPlugin
2024-06-15 15:28:14,223 [INFO] PluginManager:220 - loadIPPluginJar : add tim
2024-06-15 15:28:14,256 [INFO] IPUIPlugin:80 - create IPUIPlugin
2024-06-15 15:28:14,256 [INFO] PluginManager:220 - loadIPPluginJar : add touchsensing
2024-06-15 15:28:14,271 [INFO] IPUIPlugin:80 - create IPUIPlugin
2024-06-15 15:28:14,271 [INFO] PluginManager:220 - loadIPPluginJar : add tracer_emb
2024-06-15 15:28:14,285 [INFO] IPUIPlugin:80 - create IPUIPlugin
2024-06-15 15:28:14,286 [INFO] PluginManager:220 - loadIPPluginJar : add ts
2024-06-15 15:28:14,299 [INFO] IPUIPlugin:80 - create IPUIPlugin
2024-06-15 15:28:14,299 [INFO] PluginManager:220 - loadIPPluginJar : add tsc
2024-06-15 15:28:14,313 [INFO] IPUIPlugin:80 - create IPUIPlugin
2024-06-15 15:28:14,313 [INFO] PluginManager:220 - loadIPPluginJar : add ucpd
2024-06-15 15:28:14,341 [INFO] IPUIPlugin:80 - create IPUIPlugin
2024-06-15 15:28:14,342 [INFO] PluginManager:220 - loadIPPluginJar : add usart
2024-06-15 15:28:14,368 [INFO] IPUIPlugin:80 - create IPUIPlugin
2024-06-15 15:28:14,368 [INFO] PluginManager:220 - loadIPPluginJar : add usbx
2024-06-15 15:28:14,473 [INFO] CADModel:165 - CPN selected for project level
2024-06-15 15:28:14,473 [INFO] CADModel:114 - Register for checkConnection events
2024-06-15 15:28:14,474 [FATAL] Updater:308 - Updater called before beeing initialized
2024-06-15 15:28:14,474 [ERROR] CADModel:125 - Updater not yet initialized, retry later 
2024-06-15 15:28:14,563 [INFO] CADModel:165 - CPN selected for project level
2024-06-15 15:28:14,563 [INFO] CADModel:114 - Register for checkConnection events
2024-06-15 15:28:14,563 [FATAL] Updater:308 - Updater called before beeing initialized
2024-06-15 15:28:14,563 [ERROR] CADModel:125 - Updater not yet initialized, retry later 
2024-06-15 15:28:14,565 [FATAL] Updater:308 - Updater called before beeing initialized
2024-06-15 15:28:14,643 [FATAL] Updater:308 - Updater called before beeing initialized
2024-06-15 15:28:14,651 [INFO] DbMcusAds:53 - JSON generation date=Thu May 16 11:22:00 CEST 2024 (1715851320852)
2024-06-15 15:28:14,651 [FATAL] Updater:308 - Updater called before beeing initialized
2024-06-15 15:28:14,705 [WARN] DetailPanel:346 - Failed to get advertising image, set to default
2024-06-15 15:28:14,762 [FATAL] Updater:308 - Updater called before beeing initialized
2024-06-15 15:28:14,763 [FATAL] Updater:308 - Updater called before beeing initialized
2024-06-15 15:28:14,763 [FATAL] Updater:308 - Updater called before beeing initialized
2024-06-15 15:28:14,763 [WARN] DetailPanel:346 - Failed to get advertising image, set to default
2024-06-15 15:28:14,764 [FATAL] Updater:308 - Updater called before beeing initialized
2024-06-15 15:28:14,802 [ERROR] Updater:1120 - MainUpdater not yet initialized. External WinMGr cannot be set.
2024-06-15 15:28:14,808 [INFO] Updater:1056 - Updater Version found : 6.9.1
2024-06-15 15:28:14,820 [INFO] ApplicationProperties:184 - Using Application install path: C:\ST\STM32CubeIDE_1.13.1\STM32CubeIDE\plugins\com.st.stm32cube.common.mx_6.9.1.202307191849
2024-06-15 15:28:14,975 [INFO] MainUpdater:2868 - connection check result : 10
2024-06-15 15:28:14,976 [INFO] MainUpdater:3562 - Updater definition file requires update
2024-06-15 15:28:14,976 [INFO] MainUpdater:285 - Updater Check For Update Now.
2024-06-15 15:28:14,976 [INFO] MicroXplorer:498 - Change Database Version : DB.6.0.91
2024-06-15 15:28:14,986 [INFO] McuFinderGlobals:63 - Set McuFinder mode to 2 (CubeIDE integrated)
2024-06-15 15:28:14,986 [INFO] UserAuth:179 - activating auth plugin
2024-06-15 15:28:14,988 [INFO] UserAuth:393 - Internet connection configuration mode: 1
2024-06-15 15:28:15,004 [INFO] JxBrowserEngine:151 - Initiate JxBrowser Engine with user profile folder
2024-06-15 15:28:15,040 [INFO] ServerAccessManage:473 - Download File updaters.zip
2024-06-15 15:28:15,226 [INFO] FileExtend:240 - Unzip File : updaters.zip
2024-06-15 15:28:15,226 [INFO] FileExtend:255 - Standard Zip Deflate
2024-06-15 15:28:15,625 [INFO] ServerAccessManage:473 - Download File PacksControlFlags.xml
2024-06-15 15:28:15,734 [INFO] ServerAccessManage:473 - Download File cubemx.pidx
2024-06-15 15:28:15,804 [INFO] LoadServerUpdatesThread:373 - End of LoadServerUpdate Thread
2024-06-15 15:28:15,918 [WARN] MainUpdater:1189 - Updater busy. Cannot search thirdparties
2024-06-15 15:28:15,918 [INFO] ThirdPartyUpdaterWithRetryManager:96 - Updater plugin is busy. [1/15]
2024-06-15 15:28:15,943 [INFO] CheckServerUpdateThread:120 - End of CheckServer Thread
2024-06-15 15:28:16,591 [INFO] WebApp:157 - Instantiating new browser for Auth
2024-06-15 15:28:16,971 [INFO] WebApp:753 - Register for checkConnection events
2024-06-15 15:28:16,971 [INFO] WebApp:390 - Apply proxy settings
2024-06-15 15:28:16,972 [INFO] WebApp:475 - Chromium requires no authentication
2024-06-15 15:28:16,977 [INFO] WebApp:418 - Direct internet connection detected
2024-06-15 15:28:17,090 [INFO] WebApp:188 - Starting web application
2024-06-15 15:28:17,090 [INFO] WebApp:520 - Web application path used C:\ST\STM32CubeIDE_1.13.1\STM32CubeIDE\plugins\com.st.stm32cube.common.mx_6.9.1.202307191849\db\plugins\mcufinder\reactClient1\index.html
2024-06-15 15:28:19,044 [WARN] PackLoader:240 - Cannot read IP mode file for STMicroelectronics.FP-SNS-MOTENVWB1.1.4.0
2024-06-15 15:28:19,055 [WARN] PackLoader:240 - Cannot read IP mode file for STMicroelectronics.X-CUBE-SMBUS.2.1.0
2024-06-15 15:28:19,065 [WARN] PackLoader:240 - Cannot read IP mode file for STMicroelectronics.X-CUBE-TOUCHGFX.4.23.0
2024-06-15 15:28:19,072 [WARN] PackLoader:240 - Cannot read IP mode file for STMicroelectronics.X-CUBE-TOUCHGFX.4.23.2
2024-06-15 15:28:19,101 [WARN] PackLoader:240 - Cannot read IP mode file for STMicroelectronics.X-CUBE-AZRTOS-F7.1.1.0
2024-06-15 15:28:19,114 [WARN] PackLoader:240 - Cannot read IP mode file for STMicroelectronics.FP-SNS-MOTENV1.4.3.2
2024-06-15 15:28:19,125 [WARN] PackLoader:240 - Cannot read IP mode file for STMicroelectronics.FP-SNS-FLIGHT1.5.0.2
2024-06-15 15:28:19,136 [WARN] PackLoader:240 - Cannot read IP mode file for STMicroelectronics.X-CUBE-DISPLAY.3.0.0
2024-06-15 15:28:19,153 [WARN] PackLoader:240 - Cannot read IP mode file for STMicroelectronics.X-CUBE-BLE1.7.0.0
2024-06-15 15:28:19,162 [WARN] PackLoader:240 - Cannot read IP mode file for emotas.I-CUBE-CANOPEN.1.3.0
2024-06-15 15:28:19,173 [WARN] PackLoader:240 - Cannot read IP mode file for STMicroelectronics.X-CUBE-BLEMGR.3.1.0
2024-06-15 15:28:19,182 [WARN] PackLoader:240 - Cannot read IP mode file for STMicroelectronics.FP-SNS-SMARTAG2.1.2.0
2024-06-15 15:28:19,194 [INFO] LogOutputStream:77 - [STDOUT_REDIRECT] 1 : Invalid condition id : UX_CORESTACK_Condition cause : null
2024-06-15 15:28:19,195 [INFO] LogOutputStream:77 - [STDOUT_REDIRECT] 1 : Invalid condition id : UX_CORESTACK_Condition cause : null
2024-06-15 15:28:19,196 [INFO] LogOutputStream:77 - [STDOUT_REDIRECT] 1 : Invalid condition id : UX_CORESTACK_Condition cause : null
2024-06-15 15:28:19,196 [INFO] LogOutputStream:77 - [STDOUT_REDIRECT] 1 : Invalid condition id : UX_CORESTACK_Condition cause : null
2024-06-15 15:28:19,197 [INFO] LogOutputStream:77 - [STDOUT_REDIRECT] 1 : Invalid condition id : UX_CORESTACK_Condition cause : null
2024-06-15 15:28:19,201 [WARN] PackLoader:240 - Cannot read IP mode file for STMicroelectronics.X-CUBE-AZRTOS-WL.2.0.0
2024-06-15 15:28:19,209 [WARN] PackLoader:240 - Cannot read IP mode file for STMicroelectronics.FP-SNS-MOTENV1.5.0.0
2024-06-15 15:28:19,219 [WARN] PackLoader:240 - Cannot read IP mode file for WES.I-CUBE-Cesium.1.3.0
2024-06-15 15:28:19,227 [WARN] PackLoader:240 - Cannot read IP mode file for STMicroelectronics.X-CUBE-BLE2.3.3.0
2024-06-15 15:28:19,236 [WARN] PackLoader:240 - Cannot read IP mode file for STMicroelectronics.X-CUBE-TCPP.4.1.0
2024-06-15 15:28:19,246 [WARN] PackLoader:240 - Cannot read IP mode file for STMicroelectronics.X-CUBE-ALGOBUILD.1.3.0
2024-06-15 15:28:19,265 [WARN] PackLoader:240 - Cannot read IP mode file for STMicroelectronics.X-CUBE-AZRTOS-G0.1.1.0
2024-06-15 15:28:19,277 [WARN] PackLoader:240 - Cannot read IP mode file for STMicroelectronics.X-CUBE-SAFEA1.1.2.2
2024-06-15 15:28:19,286 [WARN] PackLoader:240 - Cannot read IP mode file for STMicroelectronics.X-CUBE-NFC4.3.0.0
2024-06-15 15:28:19,295 [WARN] PackLoader:240 - Cannot read IP mode file for wolfSSL.I-CUBE-wolfMQTT.1.18.0
2024-06-15 15:28:19,305 [WARN] PackLoader:240 - Cannot read IP mode file for STMicroelectronics.X-CUBE-BLEMGR.3.0.0
2024-06-15 15:28:19,313 [WARN] PackLoader:240 - Cannot read IP mode file for STMicroelectronics.FP-ATR-SIGFOX1.3.2.0
2024-06-15 15:28:19,324 [WARN] PackLoader:240 - Cannot read IP mode file for STMicroelectronics.X-CUBE-EEPRMA1.5.1.0
2024-06-15 15:28:19,351 [WARN] PackLoader:240 - Cannot read IP mode file for SEGGER.I-CUBE-embOS.1.3.1
2024-06-15 15:28:19,391 [WARN] PackLoader:240 - Cannot read IP mode file for STMicroelectronics.X-CUBE-ALGOBUILD.1.4.0
2024-06-15 15:28:19,403 [WARN] PackLoader:240 - Cannot read IP mode file for STMicroelectronics.X-CUBE-GNSS1.6.0.0
2024-06-15 15:28:19,423 [WARN] PackLoader:240 - Cannot read IP mode file for STMicroelectronics.X-CUBE-AZRTOS-F4.1.1.0
2024-06-15 15:28:19,436 [WARN] PackLoader:240 - Cannot read IP mode file for STMicroelectronics.X-CUBE-FREERTOS.1.2.0
2024-06-15 15:28:19,448 [WARN] PackLoader:240 - Cannot read IP mode file for wolfSSL.I-CUBE-wolfSSL.5.6.6
2024-06-15 15:28:19,470 [WARN] PackLoader:240 - Cannot read IP mode file for STMicroelectronics.X-CUBE-AZRTOS-L5.2.0.0
2024-06-15 15:28:19,483 [WARN] PackLoader:240 - Cannot read IP mode file for STMicroelectronics.X-CUBE-EEPRMA1.4.2.0
2024-06-15 15:28:19,497 [WARN] PackLoader:240 - Cannot read IP mode file for STMicroelectronics.X-CUBE-NFC6.3.1.0
2024-06-15 15:28:19,510 [WARN] PackLoader:240 - Cannot read IP mode file for ITTIA_DB.I-CUBE-ITTIADB.8.8.0
2024-06-15 15:28:19,521 [WARN] PackLoader:240 - Cannot read IP mode file for STMicroelectronics.X-CUBE-AI.9.0.0
2024-06-15 15:28:19,533 [WARN] PackLoader:240 - Cannot read IP mode file for STMicroelectronics.X-CUBE-NFC7.1.0.1
2024-06-15 15:28:19,548 [WARN] PackLoader:240 - Cannot read IP mode file for STMicroelectronics.X-CUBE-NFC6.3.0.0
2024-06-15 15:28:19,559 [WARN] PackLoader:240 - Cannot read IP mode file for STMicroelectronics.X-CUBE-AI.8.1.0
2024-06-15 15:28:19,585 [WARN] ConditionMgr:438 - getConditionDescription Invalid condition id : LAN8742 Phy interface Condition cause : null
2024-06-15 15:28:19,586 [WARN] PackLoader:240 - Cannot read IP mode file for STMicroelectronics.X-CUBE-AZRTOS-L4.2.0.0
2024-06-15 15:28:19,587 [WARN] ConditionMgr:1039 - genDependencies : Invalid condition id : LAN8742 Phy interface Condition cause : null
2024-06-15 15:28:19,588 [WARN] ConditionMgr:1039 - genDependencies : Invalid condition id : LAN8742 Phy interface Condition cause : null
2024-06-15 15:28:19,588 [WARN] ConditionMgr:1039 - genDependencies : Invalid condition id : LAN8742 Phy interface Condition cause : null
2024-06-15 15:28:19,604 [WARN] PackLoader:240 - Cannot read IP mode file for STMicroelectronics.X-CUBE-SFXS2LP1.4.0.0
2024-06-15 15:28:19,624 [WARN] ConditionMgr:438 - getConditionDescription Invalid condition id : UX DEVICE CLASS RTOS Condition cause : null
2024-06-15 15:28:19,625 [WARN] ConditionMgr:438 - getConditionDescription Invalid condition id : UX DEVICE CLASS RTOS Condition cause : null
2024-06-15 15:28:19,627 [WARN] PackLoader:240 - Cannot read IP mode file for STMicroelectronics.X-CUBE-AZRTOS-WB.2.0.0
2024-06-15 15:28:19,627 [WARN] ConditionMgr:1039 - genDependencies : Invalid condition id : UX DEVICE CLASS RTOS Condition cause : null
2024-06-15 15:28:19,628 [WARN] ConditionMgr:1039 - genDependencies : Invalid condition id : UX DEVICE CLASS RTOS Condition cause : null
2024-06-15 15:28:19,628 [WARN] ConditionMgr:1039 - genDependencies : Invalid condition id : UX DEVICE CLASS RTOS Condition cause : null
2024-06-15 15:28:19,628 [WARN] ConditionMgr:1039 - genDependencies : Invalid condition id : UX DEVICE CLASS RTOS Condition cause : null
2024-06-15 15:28:19,628 [WARN] ConditionMgr:1039 - genDependencies : Invalid condition id : UX DEVICE CLASS RTOS Condition cause : null
2024-06-15 15:28:19,646 [WARN] PackLoader:240 - Cannot read IP mode file for STMicroelectronics.X-CUBE-SUBG2.5.0.0
2024-06-15 15:28:19,668 [WARN] PackLoader:240 - Cannot read IP mode file for STMicroelectronics.X-CUBE-AZRTOS-G4.2.0.0
2024-06-15 15:28:19,691 [WARN] PackLoader:240 - Cannot read IP mode file for Infineon.AIROC-Wi-Fi-Bluetooth-STM32.1.5.1
2024-06-15 15:28:19,703 [WARN] PackLoader:240 - Cannot read IP mode file for STMicroelectronics.FP-SNS-MOTENVWB1.1.3.1
2024-06-15 15:28:19,716 [WARN] PackLoader:240 - Cannot read IP mode file for STMicroelectronics.X-CUBE-ISPU.2.0.0
2024-06-15 15:28:19,726 [WARN] PackLoader:240 - Cannot read IP mode file for STMicroelectronics.X-CUBE-ALS.1.0.2
2024-06-15 15:28:19,761 [WARN] PackLoader:240 - Cannot read IP mode file for STMicroelectronics.X-CUBE-MEMS1.10.0.0
2024-06-15 15:28:19,854 [WARN] PackLoader:240 - Cannot read IP mode file for STMicroelectronics.X-CUBE-FREERTOS.1.1.0
2024-06-15 15:28:19,870 [WARN] PackLoader:240 - Cannot read IP mode file for portGmbH.I-Cube-SoM-uGOAL.1.1.0
2024-06-15 15:28:19,881 [WARN] PackLoader:240 - Cannot read IP mode file for STMicroelectronics.X-CUBE-ALS.1.0.1
2024-06-15 15:28:19,902 [WARN] PackLoader:240 - Cannot read IP mode file for STMicroelectronics.X-CUBE-AZRTOS-H7RS.1.0.0
2024-06-15 15:28:19,913 [WARN] PackLoader:240 - Cannot read IP mode file for STMicroelectronics.FP-ATR-ASTRA1.2.0.0
2024-06-15 15:28:19,929 [WARN] PackLoader:240 - Cannot read IP mode file for STMicroelectronics.X-CUBE-TOF1.3.4.0
2024-06-15 15:28:19,948 [WARN] PackLoader:240 - Cannot read IP mode file for STMicroelectronics.X-CUBE-TOF1.3.4.1
2024-06-15 15:28:19,979 [WARN] PackLoader:240 - Cannot read IP mode file for STMicroelectronics.X-CUBE-AZRTOS-H7.3.2.0
2024-06-15 15:28:19,981 [INFO] ThirdParty:978 - Integrity check success = true
2024-06-15 15:28:19,981 [INFO] IntegrityCheckThread:100 - exiting critical section [integrity check]
2024-06-15 15:28:19,981 [INFO] IntegrityCheckThread:103 - End integrity checks thread
2024-06-15 15:28:37,696 [ERROR] LogOutputStream:75 - [STDERR_REDIRECT] SLF4J: Failed to load class "org.slf4j.impl.StaticLoggerBinder".
2024-06-15 15:28:37,697 [ERROR] LogOutputStream:75 - [STDERR_REDIRECT] SLF4J: Defaulting to no-operation (NOP) logger implementation
2024-06-15 15:28:37,697 [ERROR] LogOutputStream:75 - [STDERR_REDIRECT] SLF4J: See http://www.slf4j.org/codes.html#StaticLoggerBinder for further details.
2024-06-15 15:35:04,097 [ERROR] LogOutputStream:75 - [STDERR_REDIRECT] 
