2024-05-30 19:05:12,272 [INFO] Activator:176 - 


2024-05-30 19:05:12,277 [INFO] Activator:177 - !SESSION log4j initialized
2024-05-30 19:05:16,198 [INFO] LogOutputStream:77 - [STDOUT_REDIRECT] 
2024-05-30 19:05:28,194 [INFO] ApplicationProperties:184 - Using Application install path: C:\ST\STM32CubeIDE_1.13.1\STM32CubeIDE\plugins\com.st.stm32cube.common.mx_6.9.1.202307191849
2024-05-30 19:05:28,207 [INFO] DbMcusXml:78 - Set database path to: C:\ST\STM32CubeIDE_1.13.1\STM32CubeIDE\plugins\com.st.stm32cube.common.mx_6.9.1.202307191849\\db\/mcu/
2024-05-30 19:05:28,208 [INFO] ApiDb:274 - Set plugin database path to: C:\ST\STM32CubeIDE_1.13.1\STM32CubeIDE\plugins\com.st.stm32cube.common.mx_6.9.1.202307191849\\db\/plugins/boardmanager/
2024-05-30 19:05:28,209 [WARN] ApiDb:259 - Overriding images path with different value:  => C:\ST\STM32CubeIDE_1.13.1\STM32CubeIDE\plugins\com.st.stm32cube.common.mx_6.9.1.202307191849\\db\/plugins/mcufinder/images/
2024-05-30 19:05:28,219 [INFO] ApiDb:250 - Set database path to: C:\Users\samue\.stmcufinder\plugins\mcufinder//mcu/
2024-05-30 19:05:28,220 [INFO] DbMcusAds:125 - Set database path to: C:\Users\samue\.stmcufinder\plugins\mcufinder//mcu/
2024-05-30 19:05:28,222 [INFO] CrossReferenceDbSqlite:203 - Set database path to: C:\Users\samue\.stmcufinder\plugins\mcufinder//mcu/cs/
2024-05-30 19:05:28,290 [INFO] RulesReader:64 - Compatibility file has been processed (293 Rules)
2024-05-30 19:05:28,349 [INFO] DbMcusXml:78 - Set database path to: C:\ST\STM32CubeIDE_1.13.1\STM32CubeIDE\plugins\com.st.stm32cube.common.mx_6.9.1.202307191849\\db\/mcu/
2024-05-30 19:05:28,351 [INFO] ApiDb:274 - Set plugin database path to: C:\ST\STM32CubeIDE_1.13.1\STM32CubeIDE\plugins\com.st.stm32cube.common.mx_6.9.1.202307191849\\db\/plugins/boardmanager/
2024-05-30 19:05:28,351 [INFO] ApiDb:261 - Set plugin images path to: C:\ST\STM32CubeIDE_1.13.1\STM32CubeIDE\plugins\com.st.stm32cube.common.mx_6.9.1.202307191849\\db\/plugins/mcufinder/images/
2024-05-30 19:05:28,352 [WARN] DbFile:41 - Overriding database path with different value: C:\Users\samue\.stmcufinder\plugins\mcufinder/ => C:\Users\samue\.stmcufinder\plugins\mcufinder
2024-05-30 19:05:28,352 [INFO] ApiDb:250 - Set database path to: C:\Users\samue\.stmcufinder\plugins\mcufinder//mcu/
2024-05-30 19:05:28,352 [WARN] DbFile:41 - Overriding database path with different value: C:\Users\samue\.stmcufinder\plugins\mcufinder/ => C:\Users\samue\.stmcufinder\plugins\mcufinder
2024-05-30 19:05:28,352 [INFO] DbMcusAds:125 - Set database path to: C:\Users\samue\.stmcufinder\plugins\mcufinder//mcu/
2024-05-30 19:05:28,352 [WARN] DbFile:41 - Overriding database path with different value: C:\Users\samue\.stmcufinder\plugins\mcufinder/ => C:\Users\samue\.stmcufinder\plugins\mcufinder
2024-05-30 19:05:28,352 [WARN] DbFile:41 - Overriding database path with different value: C:\Users\samue\.stmcufinder\plugins\mcufinder/ => C:\Users\samue\.stmcufinder\plugins\mcufinder
2024-05-30 19:05:28,352 [INFO] CrossReferenceDbSqlite:203 - Set database path to: C:\Users\samue\.stmcufinder\plugins\mcufinder//mcu/cs/
2024-05-30 19:05:28,421 [INFO] MainPanel:262 - HeapMemory: 268435456
2024-05-30 19:05:28,495 [INFO] DbMcusXml:78 - Set database path to: C:\ST\STM32CubeIDE_1.13.1\STM32CubeIDE\plugins\com.st.stm32cube.common.mx_6.9.1.202307191849\\db\/mcu/
2024-05-30 19:05:28,495 [INFO] ApiDb:274 - Set plugin database path to: C:\ST\STM32CubeIDE_1.13.1\STM32CubeIDE\plugins\com.st.stm32cube.common.mx_6.9.1.202307191849\\db\/plugins/boardmanager/
2024-05-30 19:05:28,496 [INFO] ApiDb:261 - Set plugin images path to: C:\ST\STM32CubeIDE_1.13.1\STM32CubeIDE\plugins\com.st.stm32cube.common.mx_6.9.1.202307191849\\db\/plugins/mcufinder/images/
2024-05-30 19:05:28,496 [WARN] DbFile:41 - Overriding database path with different value: C:\Users\samue\.stmcufinder\plugins\mcufinder/ => C:\Users\samue\.stmcufinder\plugins\mcufinder
2024-05-30 19:05:28,496 [INFO] ApiDb:250 - Set database path to: C:\Users\samue\.stmcufinder\plugins\mcufinder//mcu/
2024-05-30 19:05:28,496 [WARN] DbFile:41 - Overriding database path with different value: C:\Users\samue\.stmcufinder\plugins\mcufinder/ => C:\Users\samue\.stmcufinder\plugins\mcufinder
2024-05-30 19:05:28,496 [INFO] DbMcusAds:125 - Set database path to: C:\Users\samue\.stmcufinder\plugins\mcufinder//mcu/
2024-05-30 19:05:28,497 [WARN] DbFile:41 - Overriding database path with different value: C:\Users\samue\.stmcufinder\plugins\mcufinder/ => C:\Users\samue\.stmcufinder\plugins\mcufinder
2024-05-30 19:05:28,497 [WARN] DbFile:41 - Overriding database path with different value: C:\Users\samue\.stmcufinder\plugins\mcufinder/ => C:\Users\samue\.stmcufinder\plugins\mcufinder
2024-05-30 19:05:28,497 [INFO] CrossReferenceDbSqlite:203 - Set database path to: C:\Users\samue\.stmcufinder\plugins\mcufinder//mcu/cs/
2024-05-30 19:05:28,511 [INFO] ApplicationProperties:184 - Using Application install path: C:\ST\STM32CubeIDE_1.13.1\STM32CubeIDE\plugins\com.st.stm32cube.common.mx_6.9.1.202307191849
2024-05-30 19:05:28,512 [INFO] PluginManage:196 - Search for loadable plugins [exclusion list=, ]
2024-05-30 19:05:28,513 [INFO] PluginManage:310 - Check plugin analytics
2024-05-30 19:05:28,623 [INFO] AnalyticsPlugin:253 - Accepted Software Licenses: 
2024-05-30 19:05:28,623 [INFO] AnalyticsPlugin:255 - Accepted CMSIS Pack Licenses: 
2024-05-30 19:05:28,623 [INFO] AnalyticsPlugin:257 - Accepted Firmware Licenses: FW.L4.1.18.0
2024-05-30 19:05:28,625 [INFO] PluginManage:359 - Loaded plugin analytics (category:tool,tabindex:-1)
2024-05-30 19:05:28,626 [INFO] PluginManage:310 - Check plugin cadmodel
2024-05-30 19:05:28,631 [INFO] CADModel:105 - Init CAD model plugin
2024-05-30 19:05:28,631 [INFO] PluginManage:359 - Loaded plugin cadmodel (category:power,tabindex:5)
2024-05-30 19:05:28,631 [INFO] PluginManage:310 - Check plugin clock
2024-05-30 19:05:28,638 [INFO] PluginManage:359 - Loaded plugin clock (category:base,tabindex:2)
2024-05-30 19:05:28,639 [INFO] PluginManage:310 - Check plugin ddr
2024-05-30 19:05:28,640 [INFO] PluginManage:359 - Loaded plugin ddr (category:tool,tabindex:6)
2024-05-30 19:05:28,641 [INFO] PluginManage:310 - Check plugin filemanager
2024-05-30 19:05:28,736 [INFO] PluginManage:359 - Loaded plugin filemanager (category:base,tabindex:10)
2024-05-30 19:05:28,736 [INFO] PluginManage:310 - Check plugin ipmanager
2024-05-30 19:05:28,742 [INFO] PluginManage:359 - Loaded plugin ipmanager (category:base,tabindex:5)
2024-05-30 19:05:28,742 [INFO] PluginManage:310 - Check plugin lpbam
2024-05-30 19:05:28,749 [INFO] PluginManage:359 - Loaded plugin lpbam (category:base,tabindex:0)
2024-05-30 19:05:28,749 [INFO] PluginManage:310 - Check plugin memorymap
2024-05-30 19:05:28,760 [INFO] PluginManage:359 - Loaded plugin memorymap (category:base,tabindex:4)
2024-05-30 19:05:28,760 [INFO] PluginManage:310 - Check plugin pinoutandconfiguration
2024-05-30 19:05:28,766 [INFO] PluginManage:359 - Loaded plugin pinoutandconfiguration (category:base,tabindex:1)
2024-05-30 19:05:28,766 [INFO] PluginManage:310 - Check plugin pinoutconfig
2024-05-30 19:05:28,828 [WARN] SupportedApi:132 - Cannot load RTOS API schema: s4s-elt-must-match.1: The content of 'definitions' must match (annotation?, (simpleType | complexType)?, (unique | key | keyref)*)). A problem was found starting at: attribute.
2024-05-30 19:05:28,924 [INFO] PluginManage:359 - Loaded plugin pinoutconfig (category:base,tabindex:0)
2024-05-30 19:05:28,924 [INFO] PluginManage:310 - Check plugin power
2024-05-30 19:05:28,932 [INFO] PluginManage:359 - Loaded plugin power (category:power,tabindex:4)
2024-05-30 19:05:28,933 [INFO] PluginManage:310 - Check plugin projectmanager
2024-05-30 19:05:28,944 [INFO] PluginManage:359 - Loaded plugin projectmanager (category:projectmanager,tabindex:3)
2024-05-30 19:05:28,944 [INFO] PluginManage:310 - Check plugin thirdparty
2024-05-30 19:05:29,039 [INFO] PluginManage:359 - Loaded plugin thirdparty (category:base,tabindex:-1)
2024-05-30 19:05:29,039 [WARN] IntegrityCheckThread:84 - waiting for thirdparty lock release [integrity check]
2024-05-30 19:05:29,039 [INFO] PluginManage:310 - Check plugin tools
2024-05-30 19:05:29,039 [INFO] IntegrityCheckThread:86 - entering critical section [integrity check]
2024-05-30 19:05:29,040 [INFO] ThirdPartyUpdaterWithRetryManager:70 - Updater plugin not ready yet. [1/15]
2024-05-30 19:05:29,041 [INFO] PluginManage:359 - Loaded plugin tools (category:base,tabindex:7)
2024-05-30 19:05:29,041 [INFO] PluginManage:310 - Check plugin tutovideos
2024-05-30 19:05:29,165 [INFO] PluginManage:359 - Loaded plugin tutovideos (category:base,tabindex:-1)
2024-05-30 19:05:29,165 [INFO] PluginManage:310 - Check plugin updater
2024-05-30 19:05:29,173 [INFO] PluginManage:359 - Loaded plugin updater (category:base,tabindex:12)
2024-05-30 19:05:29,173 [INFO] PluginManage:310 - Check plugin userauth
2024-05-30 19:05:29,177 [INFO] UserAuth:113 - Init User Auth plugin
2024-05-30 19:05:29,177 [INFO] PluginManage:359 - Loaded plugin userauth (category:base,tabindex:14)
2024-05-30 19:05:29,177 [INFO] PluginManage:283 - PluginManage : Loaded plugins [17]
2024-05-30 19:05:29,331 [INFO] PinOutPanel:1499 - setPackage(No Configuration,No Configuration)
2024-05-30 19:05:29,407 [INFO] CADModel:165 - CPN selected for project level
2024-05-30 19:05:29,408 [INFO] CADModel:114 - Register for checkConnection events
2024-05-30 19:05:29,419 [INFO] IPUIPlugin:80 - create IPUIPlugin
2024-05-30 19:05:29,419 [INFO] PluginManager:220 - loadIPPluginJar : add adc
2024-05-30 19:05:29,420 [INFO] IPUIPlugin:80 - create IPUIPlugin
2024-05-30 19:05:29,421 [INFO] PluginManager:220 - loadIPPluginJar : add aes
2024-05-30 19:05:29,423 [INFO] IPUIPlugin:80 - create IPUIPlugin
2024-05-30 19:05:29,424 [INFO] PluginManager:220 - loadIPPluginJar : add can
2024-05-30 19:05:29,425 [INFO] IPUIPlugin:80 - create IPUIPlugin
2024-05-30 19:05:29,425 [INFO] PluginManager:220 - loadIPPluginJar : add comp
2024-05-30 19:05:29,427 [INFO] IPUIPlugin:80 - create IPUIPlugin
2024-05-30 19:05:29,428 [INFO] PluginManager:220 - loadIPPluginJar : add cryp
2024-05-30 19:05:29,430 [INFO] IPUIPlugin:80 - create IPUIPlugin
2024-05-30 19:05:29,430 [INFO] PluginManager:220 - loadIPPluginJar : add dfsdm
2024-05-30 19:05:29,434 [INFO] IPUIPlugin:80 - create IPUIPlugin
2024-05-30 19:05:29,434 [INFO] PluginManager:220 - loadIPPluginJar : add dma
2024-05-30 19:05:29,436 [INFO] IPUIPlugin:80 - create IPUIPlugin
2024-05-30 19:05:29,436 [INFO] PluginManager:220 - loadIPPluginJar : add dma3
2024-05-30 19:05:29,437 [INFO] IPUIPlugin:80 - create IPUIPlugin
2024-05-30 19:05:29,437 [INFO] PluginManager:220 - loadIPPluginJar : add fatfs
2024-05-30 19:05:29,441 [INFO] IPUIPlugin:80 - create IPUIPlugin
2024-05-30 19:05:29,441 [INFO] PluginManager:220 - loadIPPluginJar : add fmc
2024-05-30 19:05:29,444 [INFO] IPUIPlugin:80 - create IPUIPlugin
2024-05-30 19:05:29,445 [INFO] PluginManager:220 - loadIPPluginJar : add freertos
2024-05-30 19:05:29,446 [INFO] IPUIPlugin:80 - create IPUIPlugin
2024-05-30 19:05:29,446 [INFO] PluginManager:220 - loadIPPluginJar : add genericplugin
2024-05-30 19:05:29,448 [INFO] IPUIPlugin:80 - create IPUIPlugin
2024-05-30 19:05:29,448 [INFO] PluginManager:220 - loadIPPluginJar : add gfxmmu
2024-05-30 19:05:29,451 [INFO] IPUIPlugin:80 - create IPUIPlugin
2024-05-30 19:05:29,451 [INFO] PluginManager:220 - loadIPPluginJar : add gic
2024-05-30 19:05:29,455 [INFO] IPUIPlugin:80 - create IPUIPlugin
2024-05-30 19:05:29,455 [INFO] PluginManager:220 - loadIPPluginJar : add gpio
2024-05-30 19:05:29,457 [INFO] IPUIPlugin:80 - create IPUIPlugin
2024-05-30 19:05:29,457 [INFO] PluginManager:220 - loadIPPluginJar : add gtzc
2024-05-30 19:05:29,459 [INFO] IPUIPlugin:80 - create IPUIPlugin
2024-05-30 19:05:29,459 [INFO] PluginManager:220 - loadIPPluginJar : add hash
2024-05-30 19:05:29,461 [INFO] IPUIPlugin:80 - create IPUIPlugin
2024-05-30 19:05:29,461 [INFO] PluginManager:220 - loadIPPluginJar : add i2c
2024-05-30 19:05:29,463 [INFO] IPUIPlugin:80 - create IPUIPlugin
2024-05-30 19:05:29,464 [INFO] PluginManager:220 - loadIPPluginJar : add i2s
2024-05-30 19:05:29,465 [INFO] IPUIPlugin:80 - create IPUIPlugin
2024-05-30 19:05:29,465 [INFO] PluginManager:220 - loadIPPluginJar : add i3c
2024-05-30 19:05:29,466 [INFO] IPUIPlugin:80 - create IPUIPlugin
2024-05-30 19:05:29,467 [INFO] PluginManager:220 - loadIPPluginJar : add ipddr
2024-05-30 19:05:29,472 [INFO] IPUIPlugin:80 - create IPUIPlugin
2024-05-30 19:05:29,472 [INFO] PluginManager:220 - loadIPPluginJar : add linkedlist
2024-05-30 19:05:29,474 [INFO] IPUIPlugin:80 - create IPUIPlugin
2024-05-30 19:05:29,474 [INFO] PluginManager:220 - loadIPPluginJar : add lorawan
2024-05-30 19:05:29,476 [INFO] IPUIPlugin:80 - create IPUIPlugin
2024-05-30 19:05:29,477 [INFO] PluginManager:220 - loadIPPluginJar : add ltdc
2024-05-30 19:05:29,481 [INFO] IPUIPlugin:80 - create IPUIPlugin
2024-05-30 19:05:29,481 [INFO] PluginManager:220 - loadIPPluginJar : add mdma
2024-05-30 19:05:29,483 [INFO] IPUIPlugin:80 - create IPUIPlugin
2024-05-30 19:05:29,483 [INFO] PluginManager:220 - loadIPPluginJar : add nvic
2024-05-30 19:05:29,485 [INFO] IPUIPlugin:80 - create IPUIPlugin
2024-05-30 19:05:29,485 [INFO] PluginManager:220 - loadIPPluginJar : add opamp
2024-05-30 19:05:29,488 [INFO] IPUIPlugin:80 - create IPUIPlugin
2024-05-30 19:05:29,488 [INFO] PluginManager:220 - loadIPPluginJar : add openamp
2024-05-30 19:05:29,490 [INFO] IPUIPlugin:80 - create IPUIPlugin
2024-05-30 19:05:29,490 [INFO] PluginManager:220 - loadIPPluginJar : add pdm2pcm
2024-05-30 19:05:29,494 [INFO] IPUIPlugin:80 - create IPUIPlugin
2024-05-30 19:05:29,495 [INFO] PluginManager:220 - loadIPPluginJar : add plateformsettings
2024-05-30 19:05:29,497 [INFO] IPUIPlugin:80 - create IPUIPlugin
2024-05-30 19:05:29,497 [INFO] PluginManager:220 - loadIPPluginJar : add quadspi
2024-05-30 19:05:29,499 [INFO] IPUIPlugin:80 - create IPUIPlugin
2024-05-30 19:05:29,499 [INFO] PluginManager:220 - loadIPPluginJar : add resmgrutility
2024-05-30 19:05:29,501 [INFO] IPUIPlugin:80 - create IPUIPlugin
2024-05-30 19:05:29,501 [INFO] PluginManager:220 - loadIPPluginJar : add sai
2024-05-30 19:05:29,503 [INFO] IPUIPlugin:80 - create IPUIPlugin
2024-05-30 19:05:29,503 [INFO] PluginManager:220 - loadIPPluginJar : add spi
2024-05-30 19:05:29,506 [INFO] IPUIPlugin:80 - create IPUIPlugin
2024-05-30 19:05:29,506 [INFO] PluginManager:220 - loadIPPluginJar : add stm32_wpan
2024-05-30 19:05:29,507 [INFO] IPUIPlugin:80 - create IPUIPlugin
2024-05-30 19:05:29,507 [INFO] PluginManager:220 - loadIPPluginJar : add tim
2024-05-30 19:05:29,509 [INFO] IPUIPlugin:80 - create IPUIPlugin
2024-05-30 19:05:29,509 [INFO] PluginManager:220 - loadIPPluginJar : add touchsensing
2024-05-30 19:05:29,512 [INFO] IPUIPlugin:80 - create IPUIPlugin
2024-05-30 19:05:29,512 [INFO] PluginManager:220 - loadIPPluginJar : add tracer_emb
2024-05-30 19:05:29,513 [INFO] IPUIPlugin:80 - create IPUIPlugin
2024-05-30 19:05:29,513 [INFO] PluginManager:220 - loadIPPluginJar : add ts
2024-05-30 19:05:29,514 [INFO] IPUIPlugin:80 - create IPUIPlugin
2024-05-30 19:05:29,514 [INFO] PluginManager:220 - loadIPPluginJar : add tsc
2024-05-30 19:05:29,516 [INFO] IPUIPlugin:80 - create IPUIPlugin
2024-05-30 19:05:29,516 [INFO] PluginManager:220 - loadIPPluginJar : add ucpd
2024-05-30 19:05:29,518 [INFO] IPUIPlugin:80 - create IPUIPlugin
2024-05-30 19:05:29,518 [INFO] PluginManager:220 - loadIPPluginJar : add usart
2024-05-30 19:05:29,520 [INFO] IPUIPlugin:80 - create IPUIPlugin
2024-05-30 19:05:29,520 [INFO] PluginManager:220 - loadIPPluginJar : add usbx
2024-05-30 19:05:29,626 [INFO] CADModel:165 - CPN selected for project level
2024-05-30 19:05:29,626 [INFO] CADModel:114 - Register for checkConnection events
2024-05-30 19:05:29,627 [FATAL] Updater:308 - Updater called before beeing initialized
2024-05-30 19:05:29,627 [ERROR] CADModel:125 - Updater not yet initialized, retry later 
2024-05-30 19:05:29,711 [INFO] CADModel:165 - CPN selected for project level
2024-05-30 19:05:29,711 [INFO] CADModel:114 - Register for checkConnection events
2024-05-30 19:05:29,711 [FATAL] Updater:308 - Updater called before beeing initialized
2024-05-30 19:05:29,711 [ERROR] CADModel:125 - Updater not yet initialized, retry later 
2024-05-30 19:05:29,713 [FATAL] Updater:308 - Updater called before beeing initialized
2024-05-30 19:05:29,782 [FATAL] Updater:308 - Updater called before beeing initialized
2024-05-30 19:05:29,785 [INFO] DbMcusAds:53 - JSON generation date=Wed Nov 29 11:52:27 CET 2023 (1701255147349)
2024-05-30 19:05:29,786 [FATAL] Updater:308 - Updater called before beeing initialized
2024-05-30 19:05:29,825 [WARN] DetailPanel:346 - Failed to get advertising image, set to default
2024-05-30 19:05:29,892 [FATAL] Updater:308 - Updater called before beeing initialized
2024-05-30 19:05:29,894 [FATAL] Updater:308 - Updater called before beeing initialized
2024-05-30 19:05:29,894 [FATAL] Updater:308 - Updater called before beeing initialized
2024-05-30 19:05:29,894 [WARN] DetailPanel:346 - Failed to get advertising image, set to default
2024-05-30 19:05:29,894 [FATAL] Updater:308 - Updater called before beeing initialized
2024-05-30 19:05:29,924 [ERROR] Updater:1120 - MainUpdater not yet initialized. External WinMGr cannot be set.
2024-05-30 19:05:29,925 [INFO] Updater:1056 - Updater Version found : 6.9.1
2024-05-30 19:05:29,936 [INFO] ApplicationProperties:184 - Using Application install path: C:\ST\STM32CubeIDE_1.13.1\STM32CubeIDE\plugins\com.st.stm32cube.common.mx_6.9.1.202307191849
2024-05-30 19:05:30,074 [INFO] MainUpdater:2868 - connection check result : 10
2024-05-30 19:05:30,074 [INFO] MainUpdater:3562 - Updater definition file requires update
2024-05-30 19:05:30,076 [INFO] MainUpdater:285 - Updater Check For Update Now.
2024-05-30 19:05:30,076 [INFO] MicroXplorer:498 - Change Database Version : DB.6.0.91
2024-05-30 19:05:30,082 [INFO] McuFinderGlobals:63 - Set McuFinder mode to 2 (CubeIDE integrated)
2024-05-30 19:05:30,082 [INFO] UserAuth:179 - activating auth plugin
2024-05-30 19:05:30,083 [INFO] UserAuth:393 - Internet connection configuration mode: 1
2024-05-30 19:05:30,095 [INFO] JxBrowserEngine:151 - Initiate JxBrowser Engine with user profile folder
2024-05-30 19:05:30,114 [INFO] ServerAccessManage:473 - Download File updaters.zip
2024-05-30 19:05:30,243 [INFO] FileExtend:240 - Unzip File : updaters.zip
2024-05-30 19:05:30,243 [INFO] FileExtend:255 - Standard Zip Deflate
2024-05-30 19:05:30,609 [INFO] ServerAccessManage:473 - Download File PacksControlFlags.xml
2024-05-30 19:05:30,704 [INFO] ServerAccessManage:473 - Download File cubemx.pidx
2024-05-30 19:05:30,974 [INFO] ServerAccessManage:473 - Download File STMicroelectronics.X-CUBE-ALS.pdsc
2024-05-30 19:05:31,019 [INFO] WebApp:157 - Instantiating new browser for Auth
2024-05-30 19:05:31,463 [INFO] ServerAccessManage:473 - Download File STMicroelectronics.X-CUBE-ALGOBUILD.pdsc
2024-05-30 19:05:31,580 [INFO] WebApp:753 - Register for checkConnection events
2024-05-30 19:05:31,580 [INFO] WebApp:390 - Apply proxy settings
2024-05-30 19:05:31,580 [INFO] WebApp:475 - Chromium requires no authentication
2024-05-30 19:05:31,586 [INFO] WebApp:418 - Direct internet connection detected
2024-05-30 19:05:31,711 [INFO] WebApp:188 - Starting web application
2024-05-30 19:05:31,711 [INFO] WebApp:520 - Web application path used C:\ST\STM32CubeIDE_1.13.1\STM32CubeIDE\plugins\com.st.stm32cube.common.mx_6.9.1.202307191849\db\plugins\mcufinder\reactClient1\index.html
2024-05-30 19:05:32,041 [WARN] MainUpdater:1189 - Updater busy. Cannot search thirdparties
2024-05-30 19:05:32,041 [INFO] ThirdPartyUpdaterWithRetryManager:96 - Updater plugin is busy. [1/15]
2024-05-30 19:05:33,180 [INFO] ServerAccessManage:473 - Download File wolfSSL.I-CUBE-wolfMQTT.pdsc
2024-05-30 19:05:33,965 [ERROR] ServerAccessManage:1089 - Problem, file not found on Server
2024-05-30 19:05:34,076 [WARN] PackLoader:240 - Cannot read IP mode file for STMicroelectronics.X-CUBE-ALS.1.0.2
2024-05-30 19:05:34,113 [WARN] PackLoader:240 - Cannot read IP mode file for STMicroelectronics.X-CUBE-ALGOBUILD.1.4.0
2024-05-30 19:05:34,117 [WARN] PackLoader:240 - Cannot read IP mode file for wolfSSL.I-CUBE-wolfMQTT.1.18.0
2024-05-30 19:05:34,118 [INFO] PopulateThirdPartyThread:66 - Ending populate Thread
2024-05-30 19:05:34,119 [INFO] ThirdParty:1030 - CMSIS Pack Vendor :wolfSSL I-CUBE-wolfMQTT 1.18.0
2024-05-30 19:05:34,119 [INFO] ThirdParty:1030 - CMSIS Pack Vendor :STMicroelectronics X-CUBE-ALS 1.0.2
2024-05-30 19:05:34,119 [INFO] ThirdParty:1030 - CMSIS Pack Vendor :STMicroelectronics X-CUBE-ALGOBUILD 1.4.0
2024-05-30 19:05:34,119 [INFO] LoadServerUpdatesThread:373 - End of LoadServerUpdate Thread
2024-05-30 19:05:34,181 [INFO] CheckServerUpdateThread:120 - End of CheckServer Thread
2024-05-30 19:05:35,229 [WARN] PackLoader:240 - Cannot read IP mode file for STMicroelectronics.FP-SNS-MOTENVWB1.1.4.0
2024-05-30 19:05:35,234 [WARN] PackLoader:240 - Cannot read IP mode file for STMicroelectronics.X-CUBE-SMBUS.2.1.0
2024-05-30 19:05:35,237 [WARN] PackLoader:240 - Cannot read IP mode file for STMicroelectronics.X-CUBE-TOUCHGFX.4.23.0
2024-05-30 19:05:35,239 [WARN] PackLoader:240 - Cannot read IP mode file for STMicroelectronics.X-CUBE-TOUCHGFX.4.23.2
2024-05-30 19:05:35,250 [WARN] PackLoader:240 - Cannot read IP mode file for STMicroelectronics.X-CUBE-AZRTOS-F7.1.1.0
2024-05-30 19:05:35,257 [WARN] PackLoader:240 - Cannot read IP mode file for STMicroelectronics.FP-SNS-MOTENV1.4.3.2
2024-05-30 19:05:35,261 [WARN] PackLoader:240 - Cannot read IP mode file for STMicroelectronics.FP-SNS-FLIGHT1.5.0.2
2024-05-30 19:05:35,266 [WARN] PackLoader:240 - Cannot read IP mode file for STMicroelectronics.X-CUBE-DISPLAY.3.0.0
2024-05-30 19:05:35,273 [WARN] PackLoader:240 - Cannot read IP mode file for STMicroelectronics.X-CUBE-BLE1.7.0.0
2024-05-30 19:05:35,278 [WARN] PackLoader:240 - Cannot read IP mode file for emotas.I-CUBE-CANOPEN.1.3.0
2024-05-30 19:05:35,285 [WARN] PackLoader:240 - Cannot read IP mode file for STMicroelectronics.X-CUBE-BLEMGR.3.1.0
2024-05-30 19:05:35,289 [WARN] PackLoader:240 - Cannot read IP mode file for STMicroelectronics.FP-SNS-SMARTAG2.1.2.0
2024-05-30 19:05:35,295 [INFO] LogOutputStream:77 - [STDOUT_REDIRECT] 1 : Invalid condition id : UX_CORESTACK_Condition cause : null
2024-05-30 19:05:35,296 [INFO] LogOutputStream:77 - [STDOUT_REDIRECT] 1 : Invalid condition id : UX_CORESTACK_Condition cause : null
2024-05-30 19:05:35,296 [INFO] LogOutputStream:77 - [STDOUT_REDIRECT] 1 : Invalid condition id : UX_CORESTACK_Condition cause : null
2024-05-30 19:05:35,297 [INFO] LogOutputStream:77 - [STDOUT_REDIRECT] 1 : Invalid condition id : UX_CORESTACK_Condition cause : null
2024-05-30 19:05:35,298 [INFO] LogOutputStream:77 - [STDOUT_REDIRECT] 1 : Invalid condition id : UX_CORESTACK_Condition cause : null
2024-05-30 19:05:35,300 [WARN] PackLoader:240 - Cannot read IP mode file for STMicroelectronics.X-CUBE-AZRTOS-WL.2.0.0
2024-05-30 19:05:35,303 [WARN] PackLoader:240 - Cannot read IP mode file for STMicroelectronics.FP-SNS-MOTENV1.5.0.0
2024-05-30 19:05:35,309 [WARN] PackLoader:240 - Cannot read IP mode file for WES.I-CUBE-Cesium.1.3.0
2024-05-30 19:05:35,312 [WARN] PackLoader:240 - Cannot read IP mode file for STMicroelectronics.X-CUBE-BLE2.3.3.0
2024-05-30 19:05:35,316 [WARN] PackLoader:240 - Cannot read IP mode file for STMicroelectronics.X-CUBE-TCPP.4.1.0
2024-05-30 19:05:35,322 [WARN] PackLoader:240 - Cannot read IP mode file for STMicroelectronics.X-CUBE-ALGOBUILD.1.3.0
2024-05-30 19:05:35,332 [WARN] PackLoader:240 - Cannot read IP mode file for STMicroelectronics.X-CUBE-AZRTOS-G0.1.1.0
2024-05-30 19:05:35,336 [WARN] PackLoader:240 - Cannot read IP mode file for STMicroelectronics.X-CUBE-SAFEA1.1.2.2
2024-05-30 19:05:35,341 [WARN] PackLoader:240 - Cannot read IP mode file for STMicroelectronics.X-CUBE-NFC4.3.0.0
2024-05-30 19:05:35,345 [WARN] PackLoader:240 - Cannot read IP mode file for wolfSSL.I-CUBE-wolfMQTT.1.18.0
2024-05-30 19:05:35,350 [WARN] PackLoader:240 - Cannot read IP mode file for STMicroelectronics.X-CUBE-BLEMGR.3.0.0
2024-05-30 19:05:35,354 [WARN] PackLoader:240 - Cannot read IP mode file for STMicroelectronics.FP-ATR-SIGFOX1.3.2.0
2024-05-30 19:05:35,358 [WARN] PackLoader:240 - Cannot read IP mode file for STMicroelectronics.X-CUBE-EEPRMA1.5.1.0
2024-05-30 19:05:35,374 [WARN] PackLoader:240 - Cannot read IP mode file for SEGGER.I-CUBE-embOS.1.3.1
2024-05-30 19:05:35,396 [WARN] PackLoader:240 - Cannot read IP mode file for STMicroelectronics.X-CUBE-ALGOBUILD.1.4.0
2024-05-30 19:05:35,402 [WARN] PackLoader:240 - Cannot read IP mode file for STMicroelectronics.X-CUBE-GNSS1.6.0.0
2024-05-30 19:05:35,413 [WARN] PackLoader:240 - Cannot read IP mode file for STMicroelectronics.X-CUBE-AZRTOS-F4.1.1.0
2024-05-30 19:05:35,417 [WARN] PackLoader:240 - Cannot read IP mode file for STMicroelectronics.X-CUBE-FREERTOS.1.2.0
2024-05-30 19:05:35,421 [WARN] PackLoader:240 - Cannot read IP mode file for wolfSSL.I-CUBE-wolfSSL.5.6.6
2024-05-30 19:05:35,433 [WARN] PackLoader:240 - Cannot read IP mode file for STMicroelectronics.X-CUBE-AZRTOS-L5.2.0.0
2024-05-30 19:05:35,438 [WARN] PackLoader:240 - Cannot read IP mode file for STMicroelectronics.X-CUBE-EEPRMA1.4.2.0
2024-05-30 19:05:35,445 [WARN] PackLoader:240 - Cannot read IP mode file for STMicroelectronics.X-CUBE-NFC6.3.1.0
2024-05-30 19:05:35,452 [WARN] PackLoader:240 - Cannot read IP mode file for ITTIA_DB.I-CUBE-ITTIADB.8.8.0
2024-05-30 19:05:35,456 [WARN] PackLoader:240 - Cannot read IP mode file for STMicroelectronics.X-CUBE-AI.9.0.0
2024-05-30 19:05:35,461 [WARN] PackLoader:240 - Cannot read IP mode file for STMicroelectronics.X-CUBE-NFC7.1.0.1
2024-05-30 19:05:35,465 [WARN] PackLoader:240 - Cannot read IP mode file for STMicroelectronics.X-CUBE-NFC6.3.0.0
2024-05-30 19:05:35,468 [WARN] PackLoader:240 - Cannot read IP mode file for STMicroelectronics.X-CUBE-AI.8.1.0
2024-05-30 19:05:35,478 [WARN] ConditionMgr:438 - getConditionDescription Invalid condition id : LAN8742 Phy interface Condition cause : null
2024-05-30 19:05:35,479 [WARN] PackLoader:240 - Cannot read IP mode file for STMicroelectronics.X-CUBE-AZRTOS-L4.2.0.0
2024-05-30 19:05:35,480 [WARN] ConditionMgr:1039 - genDependencies : Invalid condition id : LAN8742 Phy interface Condition cause : null
2024-05-30 19:05:35,480 [WARN] ConditionMgr:1039 - genDependencies : Invalid condition id : LAN8742 Phy interface Condition cause : null
2024-05-30 19:05:35,480 [WARN] ConditionMgr:1039 - genDependencies : Invalid condition id : LAN8742 Phy interface Condition cause : null
2024-05-30 19:05:35,486 [WARN] PackLoader:240 - Cannot read IP mode file for STMicroelectronics.X-CUBE-SFXS2LP1.4.0.0
2024-05-30 19:05:35,494 [WARN] ConditionMgr:438 - getConditionDescription Invalid condition id : UX DEVICE CLASS RTOS Condition cause : null
2024-05-30 19:05:35,494 [WARN] ConditionMgr:438 - getConditionDescription Invalid condition id : UX DEVICE CLASS RTOS Condition cause : null
2024-05-30 19:05:35,496 [WARN] PackLoader:240 - Cannot read IP mode file for STMicroelectronics.X-CUBE-AZRTOS-WB.2.0.0
2024-05-30 19:05:35,496 [WARN] ConditionMgr:1039 - genDependencies : Invalid condition id : UX DEVICE CLASS RTOS Condition cause : null
2024-05-30 19:05:35,496 [WARN] ConditionMgr:1039 - genDependencies : Invalid condition id : UX DEVICE CLASS RTOS Condition cause : null
2024-05-30 19:05:35,496 [WARN] ConditionMgr:1039 - genDependencies : Invalid condition id : UX DEVICE CLASS RTOS Condition cause : null
2024-05-30 19:05:35,496 [WARN] ConditionMgr:1039 - genDependencies : Invalid condition id : UX DEVICE CLASS RTOS Condition cause : null
2024-05-30 19:05:35,496 [WARN] ConditionMgr:1039 - genDependencies : Invalid condition id : UX DEVICE CLASS RTOS Condition cause : null
2024-05-30 19:05:35,503 [WARN] PackLoader:240 - Cannot read IP mode file for STMicroelectronics.X-CUBE-SUBG2.5.0.0
2024-05-30 19:05:35,515 [WARN] PackLoader:240 - Cannot read IP mode file for STMicroelectronics.X-CUBE-AZRTOS-G4.2.0.0
2024-05-30 19:05:35,525 [WARN] PackLoader:240 - Cannot read IP mode file for Infineon.AIROC-Wi-Fi-Bluetooth-STM32.1.5.1
2024-05-30 19:05:35,530 [WARN] PackLoader:240 - Cannot read IP mode file for STMicroelectronics.FP-SNS-MOTENVWB1.1.3.1
2024-05-30 19:05:35,536 [WARN] PackLoader:240 - Cannot read IP mode file for STMicroelectronics.X-CUBE-ISPU.2.0.0
2024-05-30 19:05:35,541 [WARN] PackLoader:240 - Cannot read IP mode file for STMicroelectronics.X-CUBE-ALS.1.0.2
2024-05-30 19:05:35,565 [WARN] PackLoader:240 - Cannot read IP mode file for STMicroelectronics.X-CUBE-MEMS1.10.0.0
2024-05-30 19:05:35,639 [WARN] PackLoader:240 - Cannot read IP mode file for STMicroelectronics.X-CUBE-FREERTOS.1.1.0
2024-05-30 19:05:35,644 [WARN] PackLoader:240 - Cannot read IP mode file for portGmbH.I-Cube-SoM-uGOAL.1.1.0
2024-05-30 19:05:35,648 [WARN] PackLoader:240 - Cannot read IP mode file for STMicroelectronics.X-CUBE-ALS.1.0.1
2024-05-30 19:05:35,661 [WARN] PackLoader:240 - Cannot read IP mode file for STMicroelectronics.X-CUBE-AZRTOS-H7RS.1.0.0
2024-05-30 19:05:35,667 [WARN] PackLoader:240 - Cannot read IP mode file for STMicroelectronics.FP-ATR-ASTRA1.2.0.0
2024-05-30 19:05:35,674 [WARN] PackLoader:240 - Cannot read IP mode file for STMicroelectronics.X-CUBE-TOF1.3.4.0
2024-05-30 19:05:35,685 [WARN] PackLoader:240 - Cannot read IP mode file for STMicroelectronics.X-CUBE-TOF1.3.4.1
2024-05-30 19:05:35,703 [WARN] PackLoader:240 - Cannot read IP mode file for STMicroelectronics.X-CUBE-AZRTOS-H7.3.2.0
2024-05-30 19:05:35,706 [INFO] ThirdParty:978 - Integrity check success = true
2024-05-30 19:05:35,706 [INFO] IntegrityCheckThread:100 - exiting critical section [integrity check]
2024-05-30 19:05:35,706 [INFO] IntegrityCheckThread:103 - End integrity checks thread
2024-05-30 19:05:52,203 [ERROR] LogOutputStream:75 - [STDERR_REDIRECT] SLF4J: Failed to load class "org.slf4j.impl.StaticLoggerBinder".
2024-05-30 19:05:52,203 [ERROR] LogOutputStream:75 - [STDERR_REDIRECT] SLF4J: Defaulting to no-operation (NOP) logger implementation
2024-05-30 19:05:52,204 [ERROR] LogOutputStream:75 - [STDERR_REDIRECT] SLF4J: See http://www.slf4j.org/codes.html#StaticLoggerBinder for further details.
2024-05-30 22:57:18,802 [INFO] WebApp:330 - JxBrowser engine has been closed 
2024-05-30 23:35:36,860 [ERROR] LogOutputStream:75 - [STDERR_REDIRECT] 
