2024-06-01 11:09:41,147 [INFO] Activator:176 - 


2024-06-01 11:09:41,152 [INFO] Activator:177 - !SESSION log4j initialized
2024-06-01 11:09:45,384 [INFO] LogOutputStream:77 - [STDOUT_REDIRECT] 
2024-06-01 11:09:58,236 [INFO] ApplicationProperties:184 - Using Application install path: C:\ST\STM32CubeIDE_1.13.1\STM32CubeIDE\plugins\com.st.stm32cube.common.mx_6.9.1.202307191849
2024-06-01 11:09:58,254 [INFO] DbMcusXml:78 - Set database path to: C:\ST\STM32CubeIDE_1.13.1\STM32CubeIDE\plugins\com.st.stm32cube.common.mx_6.9.1.202307191849\\db\/mcu/
2024-06-01 11:09:58,255 [INFO] ApiDb:274 - Set plugin database path to: C:\ST\STM32CubeIDE_1.13.1\STM32CubeIDE\plugins\com.st.stm32cube.common.mx_6.9.1.202307191849\\db\/plugins/boardmanager/
2024-06-01 11:09:58,256 [WARN] ApiDb:259 - Overriding images path with different value:  => C:\ST\STM32CubeIDE_1.13.1\STM32CubeIDE\plugins\com.st.stm32cube.common.mx_6.9.1.202307191849\\db\/plugins/mcufinder/images/
2024-06-01 11:09:58,268 [INFO] ApiDb:250 - Set database path to: C:\Users\samue\.stmcufinder\plugins\mcufinder//mcu/
2024-06-01 11:09:58,269 [INFO] DbMcusAds:125 - Set database path to: C:\Users\samue\.stmcufinder\plugins\mcufinder//mcu/
2024-06-01 11:09:58,271 [INFO] CrossReferenceDbSqlite:203 - Set database path to: C:\Users\samue\.stmcufinder\plugins\mcufinder//mcu/cs/
2024-06-01 11:09:58,333 [INFO] RulesReader:64 - Compatibility file has been processed (293 Rules)
2024-06-01 11:09:58,398 [INFO] DbMcusXml:78 - Set database path to: C:\ST\STM32CubeIDE_1.13.1\STM32CubeIDE\plugins\com.st.stm32cube.common.mx_6.9.1.202307191849\\db\/mcu/
2024-06-01 11:09:58,398 [INFO] ApiDb:274 - Set plugin database path to: C:\ST\STM32CubeIDE_1.13.1\STM32CubeIDE\plugins\com.st.stm32cube.common.mx_6.9.1.202307191849\\db\/plugins/boardmanager/
2024-06-01 11:09:58,398 [INFO] ApiDb:261 - Set plugin images path to: C:\ST\STM32CubeIDE_1.13.1\STM32CubeIDE\plugins\com.st.stm32cube.common.mx_6.9.1.202307191849\\db\/plugins/mcufinder/images/
2024-06-01 11:09:58,399 [WARN] DbFile:41 - Overriding database path with different value: C:\Users\samue\.stmcufinder\plugins\mcufinder/ => C:\Users\samue\.stmcufinder\plugins\mcufinder
2024-06-01 11:09:58,399 [INFO] ApiDb:250 - Set database path to: C:\Users\samue\.stmcufinder\plugins\mcufinder//mcu/
2024-06-01 11:09:58,399 [WARN] DbFile:41 - Overriding database path with different value: C:\Users\samue\.stmcufinder\plugins\mcufinder/ => C:\Users\samue\.stmcufinder\plugins\mcufinder
2024-06-01 11:09:58,399 [INFO] DbMcusAds:125 - Set database path to: C:\Users\samue\.stmcufinder\plugins\mcufinder//mcu/
2024-06-01 11:09:58,399 [WARN] DbFile:41 - Overriding database path with different value: C:\Users\samue\.stmcufinder\plugins\mcufinder/ => C:\Users\samue\.stmcufinder\plugins\mcufinder
2024-06-01 11:09:58,400 [WARN] DbFile:41 - Overriding database path with different value: C:\Users\samue\.stmcufinder\plugins\mcufinder/ => C:\Users\samue\.stmcufinder\plugins\mcufinder
2024-06-01 11:09:58,400 [INFO] CrossReferenceDbSqlite:203 - Set database path to: C:\Users\samue\.stmcufinder\plugins\mcufinder//mcu/cs/
2024-06-01 11:09:58,460 [INFO] MainPanel:262 - HeapMemory: 268435456
2024-06-01 11:09:58,527 [INFO] DbMcusXml:78 - Set database path to: C:\ST\STM32CubeIDE_1.13.1\STM32CubeIDE\plugins\com.st.stm32cube.common.mx_6.9.1.202307191849\\db\/mcu/
2024-06-01 11:09:58,527 [INFO] ApiDb:274 - Set plugin database path to: C:\ST\STM32CubeIDE_1.13.1\STM32CubeIDE\plugins\com.st.stm32cube.common.mx_6.9.1.202307191849\\db\/plugins/boardmanager/
2024-06-01 11:09:58,528 [INFO] ApiDb:261 - Set plugin images path to: C:\ST\STM32CubeIDE_1.13.1\STM32CubeIDE\plugins\com.st.stm32cube.common.mx_6.9.1.202307191849\\db\/plugins/mcufinder/images/
2024-06-01 11:09:58,528 [WARN] DbFile:41 - Overriding database path with different value: C:\Users\samue\.stmcufinder\plugins\mcufinder/ => C:\Users\samue\.stmcufinder\plugins\mcufinder
2024-06-01 11:09:58,528 [INFO] ApiDb:250 - Set database path to: C:\Users\samue\.stmcufinder\plugins\mcufinder//mcu/
2024-06-01 11:09:58,528 [WARN] DbFile:41 - Overriding database path with different value: C:\Users\samue\.stmcufinder\plugins\mcufinder/ => C:\Users\samue\.stmcufinder\plugins\mcufinder
2024-06-01 11:09:58,528 [INFO] DbMcusAds:125 - Set database path to: C:\Users\samue\.stmcufinder\plugins\mcufinder//mcu/
2024-06-01 11:09:58,528 [WARN] DbFile:41 - Overriding database path with different value: C:\Users\samue\.stmcufinder\plugins\mcufinder/ => C:\Users\samue\.stmcufinder\plugins\mcufinder
2024-06-01 11:09:58,529 [WARN] DbFile:41 - Overriding database path with different value: C:\Users\samue\.stmcufinder\plugins\mcufinder/ => C:\Users\samue\.stmcufinder\plugins\mcufinder
2024-06-01 11:09:58,529 [INFO] CrossReferenceDbSqlite:203 - Set database path to: C:\Users\samue\.stmcufinder\plugins\mcufinder//mcu/cs/
2024-06-01 11:09:58,542 [INFO] ApplicationProperties:184 - Using Application install path: C:\ST\STM32CubeIDE_1.13.1\STM32CubeIDE\plugins\com.st.stm32cube.common.mx_6.9.1.202307191849
2024-06-01 11:09:58,543 [INFO] PluginManage:196 - Search for loadable plugins [exclusion list=, ]
2024-06-01 11:09:58,544 [INFO] PluginManage:310 - Check plugin analytics
2024-06-01 11:09:58,693 [INFO] AnalyticsPlugin:253 - Accepted Software Licenses: 
2024-06-01 11:09:58,693 [INFO] AnalyticsPlugin:255 - Accepted CMSIS Pack Licenses: 
2024-06-01 11:09:58,693 [INFO] AnalyticsPlugin:257 - Accepted Firmware Licenses: FW.L4.1.18.0
2024-06-01 11:09:58,696 [INFO] PluginManage:359 - Loaded plugin analytics (category:tool,tabindex:-1)
2024-06-01 11:09:58,696 [INFO] PluginManage:310 - Check plugin cadmodel
2024-06-01 11:09:58,701 [INFO] CADModel:105 - Init CAD model plugin
2024-06-01 11:09:58,701 [INFO] PluginManage:359 - Loaded plugin cadmodel (category:power,tabindex:5)
2024-06-01 11:09:58,701 [INFO] PluginManage:310 - Check plugin clock
2024-06-01 11:09:58,711 [INFO] PluginManage:359 - Loaded plugin clock (category:base,tabindex:2)
2024-06-01 11:09:58,711 [INFO] PluginManage:310 - Check plugin ddr
2024-06-01 11:09:58,713 [INFO] PluginManage:359 - Loaded plugin ddr (category:tool,tabindex:6)
2024-06-01 11:09:58,714 [INFO] PluginManage:310 - Check plugin filemanager
2024-06-01 11:09:58,829 [INFO] PluginManage:359 - Loaded plugin filemanager (category:base,tabindex:10)
2024-06-01 11:09:58,830 [INFO] PluginManage:310 - Check plugin ipmanager
2024-06-01 11:09:58,836 [INFO] PluginManage:359 - Loaded plugin ipmanager (category:base,tabindex:5)
2024-06-01 11:09:58,836 [INFO] PluginManage:310 - Check plugin lpbam
2024-06-01 11:09:58,843 [INFO] PluginManage:359 - Loaded plugin lpbam (category:base,tabindex:0)
2024-06-01 11:09:58,843 [INFO] PluginManage:310 - Check plugin memorymap
2024-06-01 11:09:58,855 [INFO] PluginManage:359 - Loaded plugin memorymap (category:base,tabindex:4)
2024-06-01 11:09:58,855 [INFO] PluginManage:310 - Check plugin pinoutandconfiguration
2024-06-01 11:09:58,862 [INFO] PluginManage:359 - Loaded plugin pinoutandconfiguration (category:base,tabindex:1)
2024-06-01 11:09:58,862 [INFO] PluginManage:310 - Check plugin pinoutconfig
2024-06-01 11:09:58,924 [WARN] SupportedApi:132 - Cannot load RTOS API schema: s4s-elt-must-match.1: The content of 'definitions' must match (annotation?, (simpleType | complexType)?, (unique | key | keyref)*)). A problem was found starting at: attribute.
2024-06-01 11:09:59,023 [INFO] PluginManage:359 - Loaded plugin pinoutconfig (category:base,tabindex:0)
2024-06-01 11:09:59,023 [INFO] PluginManage:310 - Check plugin power
2024-06-01 11:09:59,032 [INFO] PluginManage:359 - Loaded plugin power (category:power,tabindex:4)
2024-06-01 11:09:59,032 [INFO] PluginManage:310 - Check plugin projectmanager
2024-06-01 11:09:59,043 [INFO] PluginManage:359 - Loaded plugin projectmanager (category:projectmanager,tabindex:3)
2024-06-01 11:09:59,043 [INFO] PluginManage:310 - Check plugin thirdparty
2024-06-01 11:09:59,152 [INFO] PluginManage:359 - Loaded plugin thirdparty (category:base,tabindex:-1)
2024-06-01 11:09:59,152 [WARN] IntegrityCheckThread:84 - waiting for thirdparty lock release [integrity check]
2024-06-01 11:09:59,152 [INFO] PluginManage:310 - Check plugin tools
2024-06-01 11:09:59,153 [INFO] IntegrityCheckThread:86 - entering critical section [integrity check]
2024-06-01 11:09:59,153 [INFO] ThirdPartyUpdaterWithRetryManager:70 - Updater plugin not ready yet. [1/15]
2024-06-01 11:09:59,155 [INFO] PluginManage:359 - Loaded plugin tools (category:base,tabindex:7)
2024-06-01 11:09:59,156 [INFO] PluginManage:310 - Check plugin tutovideos
2024-06-01 11:09:59,329 [INFO] PluginManage:359 - Loaded plugin tutovideos (category:base,tabindex:-1)
2024-06-01 11:09:59,329 [INFO] PluginManage:310 - Check plugin updater
2024-06-01 11:09:59,343 [INFO] PluginManage:359 - Loaded plugin updater (category:base,tabindex:12)
2024-06-01 11:09:59,343 [INFO] PluginManage:310 - Check plugin userauth
2024-06-01 11:09:59,351 [INFO] UserAuth:113 - Init User Auth plugin
2024-06-01 11:09:59,351 [INFO] PluginManage:359 - Loaded plugin userauth (category:base,tabindex:14)
2024-06-01 11:09:59,356 [INFO] PluginManage:283 - PluginManage : Loaded plugins [17]
2024-06-01 11:09:59,559 [INFO] PinOutPanel:1499 - setPackage(No Configuration,No Configuration)
2024-06-01 11:09:59,683 [INFO] CADModel:165 - CPN selected for project level
2024-06-01 11:09:59,683 [INFO] CADModel:114 - Register for checkConnection events
2024-06-01 11:09:59,704 [INFO] IPUIPlugin:80 - create IPUIPlugin
2024-06-01 11:09:59,704 [INFO] PluginManager:220 - loadIPPluginJar : add adc
2024-06-01 11:09:59,708 [INFO] IPUIPlugin:80 - create IPUIPlugin
2024-06-01 11:09:59,709 [INFO] PluginManager:220 - loadIPPluginJar : add aes
2024-06-01 11:09:59,712 [INFO] IPUIPlugin:80 - create IPUIPlugin
2024-06-01 11:09:59,712 [INFO] PluginManager:220 - loadIPPluginJar : add can
2024-06-01 11:09:59,714 [INFO] IPUIPlugin:80 - create IPUIPlugin
2024-06-01 11:09:59,714 [INFO] PluginManager:220 - loadIPPluginJar : add comp
2024-06-01 11:09:59,716 [INFO] IPUIPlugin:80 - create IPUIPlugin
2024-06-01 11:09:59,716 [INFO] PluginManager:220 - loadIPPluginJar : add cryp
2024-06-01 11:09:59,719 [INFO] IPUIPlugin:80 - create IPUIPlugin
2024-06-01 11:09:59,719 [INFO] PluginManager:220 - loadIPPluginJar : add dfsdm
2024-06-01 11:09:59,723 [INFO] IPUIPlugin:80 - create IPUIPlugin
2024-06-01 11:09:59,724 [INFO] PluginManager:220 - loadIPPluginJar : add dma
2024-06-01 11:09:59,726 [INFO] IPUIPlugin:80 - create IPUIPlugin
2024-06-01 11:09:59,726 [INFO] PluginManager:220 - loadIPPluginJar : add dma3
2024-06-01 11:09:59,728 [INFO] IPUIPlugin:80 - create IPUIPlugin
2024-06-01 11:09:59,728 [INFO] PluginManager:220 - loadIPPluginJar : add fatfs
2024-06-01 11:09:59,732 [INFO] IPUIPlugin:80 - create IPUIPlugin
2024-06-01 11:09:59,732 [INFO] PluginManager:220 - loadIPPluginJar : add fmc
2024-06-01 11:09:59,738 [INFO] IPUIPlugin:80 - create IPUIPlugin
2024-06-01 11:09:59,738 [INFO] PluginManager:220 - loadIPPluginJar : add freertos
2024-06-01 11:09:59,739 [INFO] IPUIPlugin:80 - create IPUIPlugin
2024-06-01 11:09:59,739 [INFO] PluginManager:220 - loadIPPluginJar : add genericplugin
2024-06-01 11:09:59,741 [INFO] IPUIPlugin:80 - create IPUIPlugin
2024-06-01 11:09:59,742 [INFO] PluginManager:220 - loadIPPluginJar : add gfxmmu
2024-06-01 11:09:59,745 [INFO] IPUIPlugin:80 - create IPUIPlugin
2024-06-01 11:09:59,745 [INFO] PluginManager:220 - loadIPPluginJar : add gic
2024-06-01 11:09:59,749 [INFO] IPUIPlugin:80 - create IPUIPlugin
2024-06-01 11:09:59,749 [INFO] PluginManager:220 - loadIPPluginJar : add gpio
2024-06-01 11:09:59,751 [INFO] IPUIPlugin:80 - create IPUIPlugin
2024-06-01 11:09:59,751 [INFO] PluginManager:220 - loadIPPluginJar : add gtzc
2024-06-01 11:09:59,753 [INFO] IPUIPlugin:80 - create IPUIPlugin
2024-06-01 11:09:59,753 [INFO] PluginManager:220 - loadIPPluginJar : add hash
2024-06-01 11:09:59,755 [INFO] IPUIPlugin:80 - create IPUIPlugin
2024-06-01 11:09:59,755 [INFO] PluginManager:220 - loadIPPluginJar : add i2c
2024-06-01 11:09:59,757 [INFO] IPUIPlugin:80 - create IPUIPlugin
2024-06-01 11:09:59,757 [INFO] PluginManager:220 - loadIPPluginJar : add i2s
2024-06-01 11:09:59,759 [INFO] IPUIPlugin:80 - create IPUIPlugin
2024-06-01 11:09:59,759 [INFO] PluginManager:220 - loadIPPluginJar : add i3c
2024-06-01 11:09:59,762 [INFO] IPUIPlugin:80 - create IPUIPlugin
2024-06-01 11:09:59,762 [INFO] PluginManager:220 - loadIPPluginJar : add ipddr
2024-06-01 11:09:59,767 [INFO] IPUIPlugin:80 - create IPUIPlugin
2024-06-01 11:09:59,768 [INFO] PluginManager:220 - loadIPPluginJar : add linkedlist
2024-06-01 11:09:59,770 [INFO] IPUIPlugin:80 - create IPUIPlugin
2024-06-01 11:09:59,770 [INFO] PluginManager:220 - loadIPPluginJar : add lorawan
2024-06-01 11:09:59,771 [INFO] IPUIPlugin:80 - create IPUIPlugin
2024-06-01 11:09:59,772 [INFO] PluginManager:220 - loadIPPluginJar : add ltdc
2024-06-01 11:09:59,777 [INFO] IPUIPlugin:80 - create IPUIPlugin
2024-06-01 11:09:59,777 [INFO] PluginManager:220 - loadIPPluginJar : add mdma
2024-06-01 11:09:59,780 [INFO] IPUIPlugin:80 - create IPUIPlugin
2024-06-01 11:09:59,780 [INFO] PluginManager:220 - loadIPPluginJar : add nvic
2024-06-01 11:09:59,782 [INFO] IPUIPlugin:80 - create IPUIPlugin
2024-06-01 11:09:59,782 [INFO] PluginManager:220 - loadIPPluginJar : add opamp
2024-06-01 11:09:59,785 [INFO] IPUIPlugin:80 - create IPUIPlugin
2024-06-01 11:09:59,786 [INFO] PluginManager:220 - loadIPPluginJar : add openamp
2024-06-01 11:09:59,788 [INFO] IPUIPlugin:80 - create IPUIPlugin
2024-06-01 11:09:59,788 [INFO] PluginManager:220 - loadIPPluginJar : add pdm2pcm
2024-06-01 11:09:59,793 [INFO] IPUIPlugin:80 - create IPUIPlugin
2024-06-01 11:09:59,794 [INFO] PluginManager:220 - loadIPPluginJar : add plateformsettings
2024-06-01 11:09:59,796 [INFO] IPUIPlugin:80 - create IPUIPlugin
2024-06-01 11:09:59,796 [INFO] PluginManager:220 - loadIPPluginJar : add quadspi
2024-06-01 11:09:59,799 [INFO] IPUIPlugin:80 - create IPUIPlugin
2024-06-01 11:09:59,799 [INFO] PluginManager:220 - loadIPPluginJar : add resmgrutility
2024-06-01 11:09:59,801 [INFO] IPUIPlugin:80 - create IPUIPlugin
2024-06-01 11:09:59,801 [INFO] PluginManager:220 - loadIPPluginJar : add sai
2024-06-01 11:09:59,803 [INFO] IPUIPlugin:80 - create IPUIPlugin
2024-06-01 11:09:59,804 [INFO] PluginManager:220 - loadIPPluginJar : add spi
2024-06-01 11:09:59,807 [INFO] IPUIPlugin:80 - create IPUIPlugin
2024-06-01 11:09:59,807 [INFO] PluginManager:220 - loadIPPluginJar : add stm32_wpan
2024-06-01 11:09:59,809 [INFO] IPUIPlugin:80 - create IPUIPlugin
2024-06-01 11:09:59,810 [INFO] PluginManager:220 - loadIPPluginJar : add tim
2024-06-01 11:09:59,812 [INFO] IPUIPlugin:80 - create IPUIPlugin
2024-06-01 11:09:59,812 [INFO] PluginManager:220 - loadIPPluginJar : add touchsensing
2024-06-01 11:09:59,814 [INFO] IPUIPlugin:80 - create IPUIPlugin
2024-06-01 11:09:59,814 [INFO] PluginManager:220 - loadIPPluginJar : add tracer_emb
2024-06-01 11:09:59,816 [INFO] IPUIPlugin:80 - create IPUIPlugin
2024-06-01 11:09:59,816 [INFO] PluginManager:220 - loadIPPluginJar : add ts
2024-06-01 11:09:59,828 [INFO] IPUIPlugin:80 - create IPUIPlugin
2024-06-01 11:09:59,829 [INFO] PluginManager:220 - loadIPPluginJar : add tsc
2024-06-01 11:09:59,831 [INFO] IPUIPlugin:80 - create IPUIPlugin
2024-06-01 11:09:59,831 [INFO] PluginManager:220 - loadIPPluginJar : add ucpd
2024-06-01 11:09:59,833 [INFO] IPUIPlugin:80 - create IPUIPlugin
2024-06-01 11:09:59,834 [INFO] PluginManager:220 - loadIPPluginJar : add usart
2024-06-01 11:09:59,836 [INFO] IPUIPlugin:80 - create IPUIPlugin
2024-06-01 11:09:59,836 [INFO] PluginManager:220 - loadIPPluginJar : add usbx
2024-06-01 11:09:59,945 [INFO] CADModel:165 - CPN selected for project level
2024-06-01 11:09:59,945 [INFO] CADModel:114 - Register for checkConnection events
2024-06-01 11:09:59,945 [FATAL] Updater:308 - Updater called before beeing initialized
2024-06-01 11:09:59,946 [ERROR] CADModel:125 - Updater not yet initialized, retry later 
2024-06-01 11:10:00,056 [INFO] CADModel:165 - CPN selected for project level
2024-06-01 11:10:00,056 [INFO] CADModel:114 - Register for checkConnection events
2024-06-01 11:10:00,056 [FATAL] Updater:308 - Updater called before beeing initialized
2024-06-01 11:10:00,057 [ERROR] CADModel:125 - Updater not yet initialized, retry later 
2024-06-01 11:10:00,060 [FATAL] Updater:308 - Updater called before beeing initialized
2024-06-01 11:10:00,149 [FATAL] Updater:308 - Updater called before beeing initialized
2024-06-01 11:10:00,154 [INFO] DbMcusAds:53 - JSON generation date=Thu May 16 11:22:00 CEST 2024 (1715851320852)
2024-06-01 11:10:00,155 [FATAL] Updater:308 - Updater called before beeing initialized
2024-06-01 11:10:00,191 [WARN] DetailPanel:346 - Failed to get advertising image, set to default
2024-06-01 11:10:00,260 [FATAL] Updater:308 - Updater called before beeing initialized
2024-06-01 11:10:00,262 [FATAL] Updater:308 - Updater called before beeing initialized
2024-06-01 11:10:00,262 [FATAL] Updater:308 - Updater called before beeing initialized
2024-06-01 11:10:00,262 [WARN] DetailPanel:346 - Failed to get advertising image, set to default
2024-06-01 11:10:00,263 [FATAL] Updater:308 - Updater called before beeing initialized
2024-06-01 11:10:00,300 [ERROR] Updater:1120 - MainUpdater not yet initialized. External WinMGr cannot be set.
2024-06-01 11:10:00,302 [INFO] Updater:1056 - Updater Version found : 6.9.1
2024-06-01 11:10:00,319 [INFO] ApplicationProperties:184 - Using Application install path: C:\ST\STM32CubeIDE_1.13.1\STM32CubeIDE\plugins\com.st.stm32cube.common.mx_6.9.1.202307191849
2024-06-01 11:10:00,441 [INFO] MainUpdater:2868 - connection check result : 10
2024-06-01 11:10:00,442 [INFO] MainUpdater:285 - Updater Check For Update Now.
2024-06-01 11:10:00,442 [INFO] MicroXplorer:498 - Change Database Version : DB.6.0.91
2024-06-01 11:10:00,450 [INFO] McuFinderGlobals:63 - Set McuFinder mode to 2 (CubeIDE integrated)
2024-06-01 11:10:00,451 [INFO] UserAuth:179 - activating auth plugin
2024-06-01 11:10:00,454 [INFO] UserAuth:393 - Internet connection configuration mode: 1
2024-06-01 11:10:00,482 [INFO] JxBrowserEngine:151 - Initiate JxBrowser Engine with user profile folder
2024-06-01 11:10:00,619 [INFO] CheckServerUpdateThread:120 - End of CheckServer Thread
2024-06-01 11:10:01,172 [INFO] WebApp:157 - Instantiating new browser for Auth
2024-06-01 11:10:01,746 [INFO] WebApp:753 - Register for checkConnection events
2024-06-01 11:10:01,746 [INFO] WebApp:390 - Apply proxy settings
2024-06-01 11:10:01,746 [INFO] WebApp:475 - Chromium requires no authentication
2024-06-01 11:10:01,753 [INFO] WebApp:418 - Direct internet connection detected
2024-06-01 11:10:01,866 [INFO] WebApp:188 - Starting web application
2024-06-01 11:10:01,867 [INFO] WebApp:520 - Web application path used C:\ST\STM32CubeIDE_1.13.1\STM32CubeIDE\plugins\com.st.stm32cube.common.mx_6.9.1.202307191849\db\plugins\mcufinder\reactClient1\index.html
2024-06-01 11:10:02,353 [WARN] PackLoader:240 - Cannot read IP mode file for STMicroelectronics.FP-SNS-MOTENVWB1.1.4.0
2024-06-01 11:10:02,361 [WARN] PackLoader:240 - Cannot read IP mode file for STMicroelectronics.X-CUBE-SMBUS.2.1.0
2024-06-01 11:10:02,366 [WARN] PackLoader:240 - Cannot read IP mode file for STMicroelectronics.X-CUBE-TOUCHGFX.4.23.0
2024-06-01 11:10:02,368 [WARN] PackLoader:240 - Cannot read IP mode file for STMicroelectronics.X-CUBE-TOUCHGFX.4.23.2
2024-06-01 11:10:02,386 [WARN] PackLoader:240 - Cannot read IP mode file for STMicroelectronics.X-CUBE-AZRTOS-F7.1.1.0
2024-06-01 11:10:02,394 [WARN] PackLoader:240 - Cannot read IP mode file for STMicroelectronics.FP-SNS-MOTENV1.4.3.2
2024-06-01 11:10:02,399 [WARN] PackLoader:240 - Cannot read IP mode file for STMicroelectronics.FP-SNS-FLIGHT1.5.0.2
2024-06-01 11:10:02,405 [WARN] PackLoader:240 - Cannot read IP mode file for STMicroelectronics.X-CUBE-DISPLAY.3.0.0
2024-06-01 11:10:02,415 [WARN] PackLoader:240 - Cannot read IP mode file for STMicroelectronics.X-CUBE-BLE1.7.0.0
2024-06-01 11:10:02,419 [WARN] PackLoader:240 - Cannot read IP mode file for emotas.I-CUBE-CANOPEN.1.3.0
2024-06-01 11:10:02,428 [WARN] PackLoader:240 - Cannot read IP mode file for STMicroelectronics.X-CUBE-BLEMGR.3.1.0
2024-06-01 11:10:02,433 [WARN] PackLoader:240 - Cannot read IP mode file for STMicroelectronics.FP-SNS-SMARTAG2.1.2.0
2024-06-01 11:10:02,439 [INFO] LogOutputStream:77 - [STDOUT_REDIRECT] 1 : Invalid condition id : UX_CORESTACK_Condition cause : null
2024-06-01 11:10:02,440 [INFO] LogOutputStream:77 - [STDOUT_REDIRECT] 1 : Invalid condition id : UX_CORESTACK_Condition cause : null
2024-06-01 11:10:02,441 [INFO] LogOutputStream:77 - [STDOUT_REDIRECT] 1 : Invalid condition id : UX_CORESTACK_Condition cause : null
2024-06-01 11:10:02,442 [INFO] LogOutputStream:77 - [STDOUT_REDIRECT] 1 : Invalid condition id : UX_CORESTACK_Condition cause : null
2024-06-01 11:10:02,443 [INFO] LogOutputStream:77 - [STDOUT_REDIRECT] 1 : Invalid condition id : UX_CORESTACK_Condition cause : null
2024-06-01 11:10:02,444 [WARN] PackLoader:240 - Cannot read IP mode file for STMicroelectronics.X-CUBE-AZRTOS-WL.2.0.0
2024-06-01 11:10:02,448 [WARN] PackLoader:240 - Cannot read IP mode file for STMicroelectronics.FP-SNS-MOTENV1.5.0.0
2024-06-01 11:10:02,457 [WARN] PackLoader:240 - Cannot read IP mode file for WES.I-CUBE-Cesium.1.3.0
2024-06-01 11:10:02,461 [WARN] PackLoader:240 - Cannot read IP mode file for STMicroelectronics.X-CUBE-BLE2.3.3.0
2024-06-01 11:10:02,465 [WARN] PackLoader:240 - Cannot read IP mode file for STMicroelectronics.X-CUBE-TCPP.4.1.0
2024-06-01 11:10:02,472 [WARN] PackLoader:240 - Cannot read IP mode file for STMicroelectronics.X-CUBE-ALGOBUILD.1.3.0
2024-06-01 11:10:02,484 [WARN] PackLoader:240 - Cannot read IP mode file for STMicroelectronics.X-CUBE-AZRTOS-G0.1.1.0
2024-06-01 11:10:02,489 [WARN] PackLoader:240 - Cannot read IP mode file for STMicroelectronics.X-CUBE-SAFEA1.1.2.2
2024-06-01 11:10:02,493 [WARN] PackLoader:240 - Cannot read IP mode file for STMicroelectronics.X-CUBE-NFC4.3.0.0
2024-06-01 11:10:02,496 [WARN] PackLoader:240 - Cannot read IP mode file for wolfSSL.I-CUBE-wolfMQTT.1.18.0
2024-06-01 11:10:02,502 [WARN] PackLoader:240 - Cannot read IP mode file for STMicroelectronics.X-CUBE-BLEMGR.3.0.0
2024-06-01 11:10:02,507 [WARN] PackLoader:240 - Cannot read IP mode file for STMicroelectronics.FP-ATR-SIGFOX1.3.2.0
2024-06-01 11:10:02,513 [WARN] PackLoader:240 - Cannot read IP mode file for STMicroelectronics.X-CUBE-EEPRMA1.5.1.0
2024-06-01 11:10:02,544 [WARN] PackLoader:240 - Cannot read IP mode file for SEGGER.I-CUBE-embOS.1.3.1
2024-06-01 11:10:02,641 [WARN] PackLoader:240 - Cannot read IP mode file for STMicroelectronics.X-CUBE-ALGOBUILD.1.4.0
2024-06-01 11:10:02,655 [WARN] PackLoader:240 - Cannot read IP mode file for STMicroelectronics.X-CUBE-GNSS1.6.0.0
2024-06-01 11:10:02,676 [WARN] PackLoader:240 - Cannot read IP mode file for STMicroelectronics.X-CUBE-AZRTOS-F4.1.1.0
2024-06-01 11:10:02,683 [WARN] PackLoader:240 - Cannot read IP mode file for STMicroelectronics.X-CUBE-FREERTOS.1.2.0
2024-06-01 11:10:02,689 [WARN] PackLoader:240 - Cannot read IP mode file for wolfSSL.I-CUBE-wolfSSL.5.6.6
2024-06-01 11:10:02,700 [WARN] PackLoader:240 - Cannot read IP mode file for STMicroelectronics.X-CUBE-AZRTOS-L5.2.0.0
2024-06-01 11:10:02,705 [WARN] PackLoader:240 - Cannot read IP mode file for STMicroelectronics.X-CUBE-EEPRMA1.4.2.0
2024-06-01 11:10:02,714 [WARN] PackLoader:240 - Cannot read IP mode file for STMicroelectronics.X-CUBE-NFC6.3.1.0
2024-06-01 11:10:02,719 [WARN] PackLoader:240 - Cannot read IP mode file for ITTIA_DB.I-CUBE-ITTIADB.8.8.0
2024-06-01 11:10:02,724 [WARN] PackLoader:240 - Cannot read IP mode file for STMicroelectronics.X-CUBE-AI.9.0.0
2024-06-01 11:10:02,731 [WARN] PackLoader:240 - Cannot read IP mode file for STMicroelectronics.X-CUBE-NFC7.1.0.1
2024-06-01 11:10:02,738 [WARN] PackLoader:240 - Cannot read IP mode file for STMicroelectronics.X-CUBE-NFC6.3.0.0
2024-06-01 11:10:02,744 [WARN] PackLoader:240 - Cannot read IP mode file for STMicroelectronics.X-CUBE-AI.8.1.0
2024-06-01 11:10:02,756 [WARN] ConditionMgr:438 - getConditionDescription Invalid condition id : LAN8742 Phy interface Condition cause : null
2024-06-01 11:10:02,757 [WARN] PackLoader:240 - Cannot read IP mode file for STMicroelectronics.X-CUBE-AZRTOS-L4.2.0.0
2024-06-01 11:10:02,758 [WARN] ConditionMgr:1039 - genDependencies : Invalid condition id : LAN8742 Phy interface Condition cause : null
2024-06-01 11:10:02,759 [WARN] ConditionMgr:1039 - genDependencies : Invalid condition id : LAN8742 Phy interface Condition cause : null
2024-06-01 11:10:02,760 [WARN] ConditionMgr:1039 - genDependencies : Invalid condition id : LAN8742 Phy interface Condition cause : null
2024-06-01 11:10:02,767 [WARN] PackLoader:240 - Cannot read IP mode file for STMicroelectronics.X-CUBE-SFXS2LP1.4.0.0
2024-06-01 11:10:02,776 [WARN] ConditionMgr:438 - getConditionDescription Invalid condition id : UX DEVICE CLASS RTOS Condition cause : null
2024-06-01 11:10:02,777 [WARN] ConditionMgr:438 - getConditionDescription Invalid condition id : UX DEVICE CLASS RTOS Condition cause : null
2024-06-01 11:10:02,779 [WARN] PackLoader:240 - Cannot read IP mode file for STMicroelectronics.X-CUBE-AZRTOS-WB.2.0.0
2024-06-01 11:10:02,780 [WARN] ConditionMgr:1039 - genDependencies : Invalid condition id : UX DEVICE CLASS RTOS Condition cause : null
2024-06-01 11:10:02,780 [WARN] ConditionMgr:1039 - genDependencies : Invalid condition id : UX DEVICE CLASS RTOS Condition cause : null
2024-06-01 11:10:02,781 [WARN] ConditionMgr:1039 - genDependencies : Invalid condition id : UX DEVICE CLASS RTOS Condition cause : null
2024-06-01 11:10:02,781 [WARN] ConditionMgr:1039 - genDependencies : Invalid condition id : UX DEVICE CLASS RTOS Condition cause : null
2024-06-01 11:10:02,782 [WARN] ConditionMgr:1039 - genDependencies : Invalid condition id : UX DEVICE CLASS RTOS Condition cause : null
2024-06-01 11:10:02,789 [WARN] PackLoader:240 - Cannot read IP mode file for STMicroelectronics.X-CUBE-SUBG2.5.0.0
2024-06-01 11:10:02,802 [WARN] PackLoader:240 - Cannot read IP mode file for STMicroelectronics.X-CUBE-AZRTOS-G4.2.0.0
2024-06-01 11:10:02,813 [WARN] PackLoader:240 - Cannot read IP mode file for Infineon.AIROC-Wi-Fi-Bluetooth-STM32.1.5.1
2024-06-01 11:10:02,820 [WARN] PackLoader:240 - Cannot read IP mode file for STMicroelectronics.FP-SNS-MOTENVWB1.1.3.1
2024-06-01 11:10:02,825 [WARN] PackLoader:240 - Cannot read IP mode file for STMicroelectronics.X-CUBE-ISPU.2.0.0
2024-06-01 11:10:02,830 [WARN] PackLoader:240 - Cannot read IP mode file for STMicroelectronics.X-CUBE-ALS.1.0.2
2024-06-01 11:10:02,860 [WARN] PackLoader:240 - Cannot read IP mode file for STMicroelectronics.X-CUBE-MEMS1.10.0.0
2024-06-01 11:10:02,920 [WARN] PackLoader:240 - Cannot read IP mode file for STMicroelectronics.X-CUBE-FREERTOS.1.1.0
2024-06-01 11:10:02,924 [WARN] PackLoader:240 - Cannot read IP mode file for portGmbH.I-Cube-SoM-uGOAL.1.1.0
2024-06-01 11:10:02,928 [WARN] PackLoader:240 - Cannot read IP mode file for STMicroelectronics.X-CUBE-ALS.1.0.1
2024-06-01 11:10:02,940 [WARN] PackLoader:240 - Cannot read IP mode file for STMicroelectronics.X-CUBE-AZRTOS-H7RS.1.0.0
2024-06-01 11:10:02,944 [WARN] PackLoader:240 - Cannot read IP mode file for STMicroelectronics.FP-ATR-ASTRA1.2.0.0
2024-06-01 11:10:02,952 [WARN] PackLoader:240 - Cannot read IP mode file for STMicroelectronics.X-CUBE-TOF1.3.4.0
2024-06-01 11:10:02,963 [WARN] PackLoader:240 - Cannot read IP mode file for STMicroelectronics.X-CUBE-TOF1.3.4.1
2024-06-01 11:10:02,980 [WARN] PackLoader:240 - Cannot read IP mode file for STMicroelectronics.X-CUBE-AZRTOS-H7.3.2.0
2024-06-01 11:10:02,983 [INFO] ThirdParty:978 - Integrity check success = true
2024-06-01 11:10:02,983 [INFO] IntegrityCheckThread:100 - exiting critical section [integrity check]
2024-06-01 11:10:02,984 [INFO] IntegrityCheckThread:103 - End integrity checks thread
2024-06-01 11:10:22,386 [ERROR] LogOutputStream:75 - [STDERR_REDIRECT] SLF4J: Failed to load class "org.slf4j.impl.StaticLoggerBinder".
2024-06-01 11:10:22,386 [ERROR] LogOutputStream:75 - [STDERR_REDIRECT] SLF4J: Defaulting to no-operation (NOP) logger implementation
2024-06-01 11:10:22,388 [ERROR] LogOutputStream:75 - [STDERR_REDIRECT] SLF4J: See http://www.slf4j.org/codes.html#StaticLoggerBinder for further details.
2024-06-01 11:28:36,604 [ERROR] LogOutputStream:75 - [STDERR_REDIRECT] 
2024-06-01 11:28:46,016 [INFO] Activator:176 - 


2024-06-01 11:28:46,018 [INFO] Activator:177 - !SESSION log4j initialized
2024-06-01 11:28:49,218 [INFO] LogOutputStream:77 - [STDOUT_REDIRECT] 
2024-06-01 11:29:05,082 [INFO] ApplicationProperties:184 - Using Application install path: C:\ST\STM32CubeIDE_1.13.1\STM32CubeIDE\plugins\com.st.stm32cube.common.mx_6.9.1.202307191849
2024-06-01 11:29:05,101 [INFO] DbMcusXml:78 - Set database path to: C:\ST\STM32CubeIDE_1.13.1\STM32CubeIDE\plugins\com.st.stm32cube.common.mx_6.9.1.202307191849\\db\/mcu/
2024-06-01 11:29:05,101 [INFO] ApiDb:274 - Set plugin database path to: C:\ST\STM32CubeIDE_1.13.1\STM32CubeIDE\plugins\com.st.stm32cube.common.mx_6.9.1.202307191849\\db\/plugins/boardmanager/
2024-06-01 11:29:05,101 [WARN] ApiDb:259 - Overriding images path with different value:  => C:\ST\STM32CubeIDE_1.13.1\STM32CubeIDE\plugins\com.st.stm32cube.common.mx_6.9.1.202307191849\\db\/plugins/mcufinder/images/
2024-06-01 11:29:05,111 [INFO] ApiDb:250 - Set database path to: C:\Users\samue\.stmcufinder\plugins\mcufinder//mcu/
2024-06-01 11:29:05,111 [INFO] DbMcusAds:125 - Set database path to: C:\Users\samue\.stmcufinder\plugins\mcufinder//mcu/
2024-06-01 11:29:05,113 [INFO] CrossReferenceDbSqlite:203 - Set database path to: C:\Users\samue\.stmcufinder\plugins\mcufinder//mcu/cs/
2024-06-01 11:29:05,202 [INFO] RulesReader:64 - Compatibility file has been processed (293 Rules)
2024-06-01 11:29:05,291 [INFO] DbMcusXml:78 - Set database path to: C:\ST\STM32CubeIDE_1.13.1\STM32CubeIDE\plugins\com.st.stm32cube.common.mx_6.9.1.202307191849\\db\/mcu/
2024-06-01 11:29:05,291 [INFO] ApiDb:274 - Set plugin database path to: C:\ST\STM32CubeIDE_1.13.1\STM32CubeIDE\plugins\com.st.stm32cube.common.mx_6.9.1.202307191849\\db\/plugins/boardmanager/
2024-06-01 11:29:05,291 [INFO] ApiDb:261 - Set plugin images path to: C:\ST\STM32CubeIDE_1.13.1\STM32CubeIDE\plugins\com.st.stm32cube.common.mx_6.9.1.202307191849\\db\/plugins/mcufinder/images/
2024-06-01 11:29:05,291 [WARN] DbFile:41 - Overriding database path with different value: C:\Users\samue\.stmcufinder\plugins\mcufinder/ => C:\Users\samue\.stmcufinder\plugins\mcufinder
2024-06-01 11:29:05,291 [INFO] ApiDb:250 - Set database path to: C:\Users\samue\.stmcufinder\plugins\mcufinder//mcu/
2024-06-01 11:29:05,292 [WARN] DbFile:41 - Overriding database path with different value: C:\Users\samue\.stmcufinder\plugins\mcufinder/ => C:\Users\samue\.stmcufinder\plugins\mcufinder
2024-06-01 11:29:05,292 [INFO] DbMcusAds:125 - Set database path to: C:\Users\samue\.stmcufinder\plugins\mcufinder//mcu/
2024-06-01 11:29:05,292 [WARN] DbFile:41 - Overriding database path with different value: C:\Users\samue\.stmcufinder\plugins\mcufinder/ => C:\Users\samue\.stmcufinder\plugins\mcufinder
2024-06-01 11:29:05,292 [WARN] DbFile:41 - Overriding database path with different value: C:\Users\samue\.stmcufinder\plugins\mcufinder/ => C:\Users\samue\.stmcufinder\plugins\mcufinder
2024-06-01 11:29:05,292 [INFO] CrossReferenceDbSqlite:203 - Set database path to: C:\Users\samue\.stmcufinder\plugins\mcufinder//mcu/cs/
2024-06-01 11:29:05,351 [INFO] MainPanel:262 - HeapMemory: 269484032
2024-06-01 11:29:05,412 [INFO] DbMcusXml:78 - Set database path to: C:\ST\STM32CubeIDE_1.13.1\STM32CubeIDE\plugins\com.st.stm32cube.common.mx_6.9.1.202307191849\\db\/mcu/
2024-06-01 11:29:05,412 [INFO] ApiDb:274 - Set plugin database path to: C:\ST\STM32CubeIDE_1.13.1\STM32CubeIDE\plugins\com.st.stm32cube.common.mx_6.9.1.202307191849\\db\/plugins/boardmanager/
2024-06-01 11:29:05,413 [INFO] ApiDb:261 - Set plugin images path to: C:\ST\STM32CubeIDE_1.13.1\STM32CubeIDE\plugins\com.st.stm32cube.common.mx_6.9.1.202307191849\\db\/plugins/mcufinder/images/
2024-06-01 11:29:05,413 [WARN] DbFile:41 - Overriding database path with different value: C:\Users\samue\.stmcufinder\plugins\mcufinder/ => C:\Users\samue\.stmcufinder\plugins\mcufinder
2024-06-01 11:29:05,413 [INFO] ApiDb:250 - Set database path to: C:\Users\samue\.stmcufinder\plugins\mcufinder//mcu/
2024-06-01 11:29:05,413 [WARN] DbFile:41 - Overriding database path with different value: C:\Users\samue\.stmcufinder\plugins\mcufinder/ => C:\Users\samue\.stmcufinder\plugins\mcufinder
2024-06-01 11:29:05,413 [INFO] DbMcusAds:125 - Set database path to: C:\Users\samue\.stmcufinder\plugins\mcufinder//mcu/
2024-06-01 11:29:05,413 [WARN] DbFile:41 - Overriding database path with different value: C:\Users\samue\.stmcufinder\plugins\mcufinder/ => C:\Users\samue\.stmcufinder\plugins\mcufinder
2024-06-01 11:29:05,413 [WARN] DbFile:41 - Overriding database path with different value: C:\Users\samue\.stmcufinder\plugins\mcufinder/ => C:\Users\samue\.stmcufinder\plugins\mcufinder
2024-06-01 11:29:05,413 [INFO] CrossReferenceDbSqlite:203 - Set database path to: C:\Users\samue\.stmcufinder\plugins\mcufinder//mcu/cs/
2024-06-01 11:29:05,425 [INFO] ApplicationProperties:184 - Using Application install path: C:\ST\STM32CubeIDE_1.13.1\STM32CubeIDE\plugins\com.st.stm32cube.common.mx_6.9.1.202307191849
2024-06-01 11:29:05,426 [INFO] PluginManage:196 - Search for loadable plugins [exclusion list=, ]
2024-06-01 11:29:05,427 [INFO] PluginManage:310 - Check plugin analytics
2024-06-01 11:29:05,610 [INFO] AnalyticsPlugin:253 - Accepted Software Licenses: 
2024-06-01 11:29:05,610 [INFO] AnalyticsPlugin:255 - Accepted CMSIS Pack Licenses: 
2024-06-01 11:29:05,610 [INFO] AnalyticsPlugin:257 - Accepted Firmware Licenses: FW.L4.1.18.0
2024-06-01 11:29:05,614 [INFO] PluginManage:359 - Loaded plugin analytics (category:tool,tabindex:-1)
2024-06-01 11:29:05,614 [INFO] PluginManage:310 - Check plugin cadmodel
2024-06-01 11:29:05,619 [INFO] CADModel:105 - Init CAD model plugin
2024-06-01 11:29:05,619 [INFO] PluginManage:359 - Loaded plugin cadmodel (category:power,tabindex:5)
2024-06-01 11:29:05,620 [INFO] PluginManage:310 - Check plugin clock
2024-06-01 11:29:05,630 [INFO] PluginManage:359 - Loaded plugin clock (category:base,tabindex:2)
2024-06-01 11:29:05,631 [INFO] PluginManage:310 - Check plugin ddr
2024-06-01 11:29:05,634 [INFO] PluginManage:359 - Loaded plugin ddr (category:tool,tabindex:6)
2024-06-01 11:29:05,634 [INFO] PluginManage:310 - Check plugin filemanager
2024-06-01 11:29:05,749 [INFO] PluginManage:359 - Loaded plugin filemanager (category:base,tabindex:10)
2024-06-01 11:29:05,749 [INFO] PluginManage:310 - Check plugin ipmanager
2024-06-01 11:29:05,757 [INFO] PluginManage:359 - Loaded plugin ipmanager (category:base,tabindex:5)
2024-06-01 11:29:05,757 [INFO] PluginManage:310 - Check plugin lpbam
2024-06-01 11:29:05,766 [INFO] PluginManage:359 - Loaded plugin lpbam (category:base,tabindex:0)
2024-06-01 11:29:05,766 [INFO] PluginManage:310 - Check plugin memorymap
2024-06-01 11:29:05,781 [INFO] PluginManage:359 - Loaded plugin memorymap (category:base,tabindex:4)
2024-06-01 11:29:05,781 [INFO] PluginManage:310 - Check plugin pinoutandconfiguration
2024-06-01 11:29:05,795 [INFO] PluginManage:359 - Loaded plugin pinoutandconfiguration (category:base,tabindex:1)
2024-06-01 11:29:05,796 [INFO] PluginManage:310 - Check plugin pinoutconfig
2024-06-01 11:29:05,876 [WARN] SupportedApi:132 - Cannot load RTOS API schema: s4s-elt-must-match.1: The content of 'definitions' must match (annotation?, (simpleType | complexType)?, (unique | key | keyref)*)). A problem was found starting at: attribute.
2024-06-01 11:29:05,956 [INFO] PluginManage:359 - Loaded plugin pinoutconfig (category:base,tabindex:0)
2024-06-01 11:29:05,957 [INFO] PluginManage:310 - Check plugin power
2024-06-01 11:29:05,961 [INFO] PluginManage:359 - Loaded plugin power (category:power,tabindex:4)
2024-06-01 11:29:05,961 [INFO] PluginManage:310 - Check plugin projectmanager
2024-06-01 11:29:05,970 [INFO] PluginManage:359 - Loaded plugin projectmanager (category:projectmanager,tabindex:3)
2024-06-01 11:29:05,970 [INFO] PluginManage:310 - Check plugin thirdparty
2024-06-01 11:29:06,045 [INFO] PluginManage:359 - Loaded plugin thirdparty (category:base,tabindex:-1)
2024-06-01 11:29:06,045 [WARN] IntegrityCheckThread:84 - waiting for thirdparty lock release [integrity check]
2024-06-01 11:29:06,045 [INFO] PluginManage:310 - Check plugin tools
2024-06-01 11:29:06,046 [INFO] IntegrityCheckThread:86 - entering critical section [integrity check]
2024-06-01 11:29:06,046 [INFO] ThirdPartyUpdaterWithRetryManager:70 - Updater plugin not ready yet. [1/15]
2024-06-01 11:29:06,047 [INFO] PluginManage:359 - Loaded plugin tools (category:base,tabindex:7)
2024-06-01 11:29:06,047 [INFO] PluginManage:310 - Check plugin tutovideos
2024-06-01 11:29:06,146 [INFO] PluginManage:359 - Loaded plugin tutovideos (category:base,tabindex:-1)
2024-06-01 11:29:06,146 [INFO] PluginManage:310 - Check plugin updater
2024-06-01 11:29:06,151 [INFO] PluginManage:359 - Loaded plugin updater (category:base,tabindex:12)
2024-06-01 11:29:06,151 [INFO] PluginManage:310 - Check plugin userauth
2024-06-01 11:29:06,154 [INFO] UserAuth:113 - Init User Auth plugin
2024-06-01 11:29:06,154 [INFO] PluginManage:359 - Loaded plugin userauth (category:base,tabindex:14)
2024-06-01 11:29:06,154 [INFO] PluginManage:283 - PluginManage : Loaded plugins [17]
2024-06-01 11:29:06,279 [INFO] PinOutPanel:1499 - setPackage(No Configuration,No Configuration)
2024-06-01 11:29:06,350 [INFO] CADModel:165 - CPN selected for project level
2024-06-01 11:29:06,350 [INFO] CADModel:114 - Register for checkConnection events
2024-06-01 11:29:06,359 [INFO] IPUIPlugin:80 - create IPUIPlugin
2024-06-01 11:29:06,359 [INFO] PluginManager:220 - loadIPPluginJar : add adc
2024-06-01 11:29:06,362 [INFO] IPUIPlugin:80 - create IPUIPlugin
2024-06-01 11:29:06,362 [INFO] PluginManager:220 - loadIPPluginJar : add aes
2024-06-01 11:29:06,364 [INFO] IPUIPlugin:80 - create IPUIPlugin
2024-06-01 11:29:06,364 [INFO] PluginManager:220 - loadIPPluginJar : add can
2024-06-01 11:29:06,365 [INFO] IPUIPlugin:80 - create IPUIPlugin
2024-06-01 11:29:06,365 [INFO] PluginManager:220 - loadIPPluginJar : add comp
2024-06-01 11:29:06,367 [INFO] IPUIPlugin:80 - create IPUIPlugin
2024-06-01 11:29:06,367 [INFO] PluginManager:220 - loadIPPluginJar : add cryp
2024-06-01 11:29:06,369 [INFO] IPUIPlugin:80 - create IPUIPlugin
2024-06-01 11:29:06,369 [INFO] PluginManager:220 - loadIPPluginJar : add dfsdm
2024-06-01 11:29:06,372 [INFO] IPUIPlugin:80 - create IPUIPlugin
2024-06-01 11:29:06,372 [INFO] PluginManager:220 - loadIPPluginJar : add dma
2024-06-01 11:29:06,373 [INFO] IPUIPlugin:80 - create IPUIPlugin
2024-06-01 11:29:06,374 [INFO] PluginManager:220 - loadIPPluginJar : add dma3
2024-06-01 11:29:06,374 [INFO] IPUIPlugin:80 - create IPUIPlugin
2024-06-01 11:29:06,374 [INFO] PluginManager:220 - loadIPPluginJar : add fatfs
2024-06-01 11:29:06,377 [INFO] IPUIPlugin:80 - create IPUIPlugin
2024-06-01 11:29:06,377 [INFO] PluginManager:220 - loadIPPluginJar : add fmc
2024-06-01 11:29:06,380 [INFO] IPUIPlugin:80 - create IPUIPlugin
2024-06-01 11:29:06,380 [INFO] PluginManager:220 - loadIPPluginJar : add freertos
2024-06-01 11:29:06,381 [INFO] IPUIPlugin:80 - create IPUIPlugin
2024-06-01 11:29:06,381 [INFO] PluginManager:220 - loadIPPluginJar : add genericplugin
2024-06-01 11:29:06,383 [INFO] IPUIPlugin:80 - create IPUIPlugin
2024-06-01 11:29:06,383 [INFO] PluginManager:220 - loadIPPluginJar : add gfxmmu
2024-06-01 11:29:06,386 [INFO] IPUIPlugin:80 - create IPUIPlugin
2024-06-01 11:29:06,386 [INFO] PluginManager:220 - loadIPPluginJar : add gic
2024-06-01 11:29:06,390 [INFO] IPUIPlugin:80 - create IPUIPlugin
2024-06-01 11:29:06,390 [INFO] PluginManager:220 - loadIPPluginJar : add gpio
2024-06-01 11:29:06,392 [INFO] IPUIPlugin:80 - create IPUIPlugin
2024-06-01 11:29:06,392 [INFO] PluginManager:220 - loadIPPluginJar : add gtzc
2024-06-01 11:29:06,393 [INFO] IPUIPlugin:80 - create IPUIPlugin
2024-06-01 11:29:06,393 [INFO] PluginManager:220 - loadIPPluginJar : add hash
2024-06-01 11:29:06,395 [INFO] IPUIPlugin:80 - create IPUIPlugin
2024-06-01 11:29:06,395 [INFO] PluginManager:220 - loadIPPluginJar : add i2c
2024-06-01 11:29:06,396 [INFO] IPUIPlugin:80 - create IPUIPlugin
2024-06-01 11:29:06,396 [INFO] PluginManager:220 - loadIPPluginJar : add i2s
2024-06-01 11:29:06,398 [INFO] IPUIPlugin:80 - create IPUIPlugin
2024-06-01 11:29:06,398 [INFO] PluginManager:220 - loadIPPluginJar : add i3c
2024-06-01 11:29:06,400 [INFO] IPUIPlugin:80 - create IPUIPlugin
2024-06-01 11:29:06,400 [INFO] PluginManager:220 - loadIPPluginJar : add ipddr
2024-06-01 11:29:06,404 [INFO] IPUIPlugin:80 - create IPUIPlugin
2024-06-01 11:29:06,404 [INFO] PluginManager:220 - loadIPPluginJar : add linkedlist
2024-06-01 11:29:06,406 [INFO] IPUIPlugin:80 - create IPUIPlugin
2024-06-01 11:29:06,406 [INFO] PluginManager:220 - loadIPPluginJar : add lorawan
2024-06-01 11:29:06,407 [INFO] IPUIPlugin:80 - create IPUIPlugin
2024-06-01 11:29:06,408 [INFO] PluginManager:220 - loadIPPluginJar : add ltdc
2024-06-01 11:29:06,412 [INFO] IPUIPlugin:80 - create IPUIPlugin
2024-06-01 11:29:06,412 [INFO] PluginManager:220 - loadIPPluginJar : add mdma
2024-06-01 11:29:06,415 [INFO] IPUIPlugin:80 - create IPUIPlugin
2024-06-01 11:29:06,415 [INFO] PluginManager:220 - loadIPPluginJar : add nvic
2024-06-01 11:29:06,417 [INFO] IPUIPlugin:80 - create IPUIPlugin
2024-06-01 11:29:06,417 [INFO] PluginManager:220 - loadIPPluginJar : add opamp
2024-06-01 11:29:06,418 [INFO] IPUIPlugin:80 - create IPUIPlugin
2024-06-01 11:29:06,419 [INFO] PluginManager:220 - loadIPPluginJar : add openamp
2024-06-01 11:29:06,420 [INFO] IPUIPlugin:80 - create IPUIPlugin
2024-06-01 11:29:06,420 [INFO] PluginManager:220 - loadIPPluginJar : add pdm2pcm
2024-06-01 11:29:06,424 [INFO] IPUIPlugin:80 - create IPUIPlugin
2024-06-01 11:29:06,426 [INFO] PluginManager:220 - loadIPPluginJar : add plateformsettings
2024-06-01 11:29:06,427 [INFO] IPUIPlugin:80 - create IPUIPlugin
2024-06-01 11:29:06,427 [INFO] PluginManager:220 - loadIPPluginJar : add quadspi
2024-06-01 11:29:06,429 [INFO] IPUIPlugin:80 - create IPUIPlugin
2024-06-01 11:29:06,430 [INFO] PluginManager:220 - loadIPPluginJar : add resmgrutility
2024-06-01 11:29:06,431 [INFO] IPUIPlugin:80 - create IPUIPlugin
2024-06-01 11:29:06,431 [INFO] PluginManager:220 - loadIPPluginJar : add sai
2024-06-01 11:29:06,433 [INFO] IPUIPlugin:80 - create IPUIPlugin
2024-06-01 11:29:06,433 [INFO] PluginManager:220 - loadIPPluginJar : add spi
2024-06-01 11:29:06,435 [INFO] IPUIPlugin:80 - create IPUIPlugin
2024-06-01 11:29:06,435 [INFO] PluginManager:220 - loadIPPluginJar : add stm32_wpan
2024-06-01 11:29:06,436 [INFO] IPUIPlugin:80 - create IPUIPlugin
2024-06-01 11:29:06,436 [INFO] PluginManager:220 - loadIPPluginJar : add tim
2024-06-01 11:29:06,438 [INFO] IPUIPlugin:80 - create IPUIPlugin
2024-06-01 11:29:06,438 [INFO] PluginManager:220 - loadIPPluginJar : add touchsensing
2024-06-01 11:29:06,440 [INFO] IPUIPlugin:80 - create IPUIPlugin
2024-06-01 11:29:06,440 [INFO] PluginManager:220 - loadIPPluginJar : add tracer_emb
2024-06-01 11:29:06,441 [INFO] IPUIPlugin:80 - create IPUIPlugin
2024-06-01 11:29:06,441 [INFO] PluginManager:220 - loadIPPluginJar : add ts
2024-06-01 11:29:06,443 [INFO] IPUIPlugin:80 - create IPUIPlugin
2024-06-01 11:29:06,443 [INFO] PluginManager:220 - loadIPPluginJar : add tsc
2024-06-01 11:29:06,445 [INFO] IPUIPlugin:80 - create IPUIPlugin
2024-06-01 11:29:06,445 [INFO] PluginManager:220 - loadIPPluginJar : add ucpd
2024-06-01 11:29:06,477 [INFO] IPUIPlugin:80 - create IPUIPlugin
2024-06-01 11:29:06,478 [INFO] PluginManager:220 - loadIPPluginJar : add usart
2024-06-01 11:29:06,479 [INFO] IPUIPlugin:80 - create IPUIPlugin
2024-06-01 11:29:06,479 [INFO] PluginManager:220 - loadIPPluginJar : add usbx
2024-06-01 11:29:06,586 [INFO] CADModel:165 - CPN selected for project level
2024-06-01 11:29:06,586 [INFO] CADModel:114 - Register for checkConnection events
2024-06-01 11:29:06,587 [FATAL] Updater:308 - Updater called before beeing initialized
2024-06-01 11:29:06,587 [ERROR] CADModel:125 - Updater not yet initialized, retry later 
2024-06-01 11:29:06,657 [INFO] CADModel:165 - CPN selected for project level
2024-06-01 11:29:06,657 [INFO] CADModel:114 - Register for checkConnection events
2024-06-01 11:29:06,657 [FATAL] Updater:308 - Updater called before beeing initialized
2024-06-01 11:29:06,657 [ERROR] CADModel:125 - Updater not yet initialized, retry later 
2024-06-01 11:29:06,659 [FATAL] Updater:308 - Updater called before beeing initialized
2024-06-01 11:29:06,729 [FATAL] Updater:308 - Updater called before beeing initialized
2024-06-01 11:29:06,735 [INFO] DbMcusAds:53 - JSON generation date=Thu May 16 11:22:00 CEST 2024 (1715851320852)
2024-06-01 11:29:06,735 [FATAL] Updater:308 - Updater called before beeing initialized
2024-06-01 11:29:06,769 [WARN] DetailPanel:346 - Failed to get advertising image, set to default
2024-06-01 11:29:06,847 [FATAL] Updater:308 - Updater called before beeing initialized
2024-06-01 11:29:06,848 [FATAL] Updater:308 - Updater called before beeing initialized
2024-06-01 11:29:06,849 [FATAL] Updater:308 - Updater called before beeing initialized
2024-06-01 11:29:06,849 [WARN] DetailPanel:346 - Failed to get advertising image, set to default
2024-06-01 11:29:06,849 [FATAL] Updater:308 - Updater called before beeing initialized
2024-06-01 11:29:06,873 [ERROR] Updater:1120 - MainUpdater not yet initialized. External WinMGr cannot be set.
2024-06-01 11:29:06,875 [INFO] Updater:1056 - Updater Version found : 6.9.1
2024-06-01 11:29:06,883 [INFO] ApplicationProperties:184 - Using Application install path: C:\ST\STM32CubeIDE_1.13.1\STM32CubeIDE\plugins\com.st.stm32cube.common.mx_6.9.1.202307191849
2024-06-01 11:29:07,037 [INFO] MainUpdater:2868 - connection check result : 10
2024-06-01 11:29:07,038 [INFO] MainUpdater:285 - Updater Check For Update Now.
2024-06-01 11:29:07,038 [INFO] MicroXplorer:498 - Change Database Version : DB.6.0.91
2024-06-01 11:29:07,044 [INFO] McuFinderGlobals:63 - Set McuFinder mode to 2 (CubeIDE integrated)
2024-06-01 11:29:07,045 [INFO] UserAuth:179 - activating auth plugin
2024-06-01 11:29:07,046 [INFO] UserAuth:393 - Internet connection configuration mode: 1
2024-06-01 11:29:07,061 [INFO] JxBrowserEngine:151 - Initiate JxBrowser Engine with user profile folder
2024-06-01 11:29:07,187 [INFO] CheckServerUpdateThread:120 - End of CheckServer Thread
2024-06-01 11:29:07,522 [INFO] WebApp:157 - Instantiating new browser for Auth
2024-06-01 11:29:07,829 [INFO] WebApp:753 - Register for checkConnection events
2024-06-01 11:29:07,829 [INFO] WebApp:390 - Apply proxy settings
2024-06-01 11:29:07,829 [INFO] WebApp:475 - Chromium requires no authentication
2024-06-01 11:29:07,833 [INFO] WebApp:418 - Direct internet connection detected
2024-06-01 11:29:07,925 [INFO] WebApp:188 - Starting web application
2024-06-01 11:29:07,925 [INFO] WebApp:520 - Web application path used C:\ST\STM32CubeIDE_1.13.1\STM32CubeIDE\plugins\com.st.stm32cube.common.mx_6.9.1.202307191849\db\plugins\mcufinder\reactClient1\index.html
2024-06-01 11:29:09,220 [WARN] PackLoader:240 - Cannot read IP mode file for STMicroelectronics.FP-SNS-MOTENVWB1.1.4.0
2024-06-01 11:29:09,225 [WARN] PackLoader:240 - Cannot read IP mode file for STMicroelectronics.X-CUBE-SMBUS.2.1.0
2024-06-01 11:29:09,228 [WARN] PackLoader:240 - Cannot read IP mode file for STMicroelectronics.X-CUBE-TOUCHGFX.4.23.0
2024-06-01 11:29:09,230 [WARN] PackLoader:240 - Cannot read IP mode file for STMicroelectronics.X-CUBE-TOUCHGFX.4.23.2
2024-06-01 11:29:09,247 [WARN] PackLoader:240 - Cannot read IP mode file for STMicroelectronics.X-CUBE-AZRTOS-F7.1.1.0
2024-06-01 11:29:09,254 [WARN] PackLoader:240 - Cannot read IP mode file for STMicroelectronics.FP-SNS-MOTENV1.4.3.2
2024-06-01 11:29:09,259 [WARN] PackLoader:240 - Cannot read IP mode file for STMicroelectronics.FP-SNS-FLIGHT1.5.0.2
2024-06-01 11:29:09,264 [WARN] PackLoader:240 - Cannot read IP mode file for STMicroelectronics.X-CUBE-DISPLAY.3.0.0
2024-06-01 11:29:09,274 [WARN] PackLoader:240 - Cannot read IP mode file for STMicroelectronics.X-CUBE-BLE1.7.0.0
2024-06-01 11:29:09,278 [WARN] PackLoader:240 - Cannot read IP mode file for emotas.I-CUBE-CANOPEN.1.3.0
2024-06-01 11:29:09,284 [WARN] PackLoader:240 - Cannot read IP mode file for STMicroelectronics.X-CUBE-BLEMGR.3.1.0
2024-06-01 11:29:09,288 [WARN] PackLoader:240 - Cannot read IP mode file for STMicroelectronics.FP-SNS-SMARTAG2.1.2.0
2024-06-01 11:29:09,294 [INFO] LogOutputStream:77 - [STDOUT_REDIRECT] 1 : Invalid condition id : UX_CORESTACK_Condition cause : null
2024-06-01 11:29:09,295 [INFO] LogOutputStream:77 - [STDOUT_REDIRECT] 1 : Invalid condition id : UX_CORESTACK_Condition cause : null
2024-06-01 11:29:09,296 [INFO] LogOutputStream:77 - [STDOUT_REDIRECT] 1 : Invalid condition id : UX_CORESTACK_Condition cause : null
2024-06-01 11:29:09,296 [INFO] LogOutputStream:77 - [STDOUT_REDIRECT] 1 : Invalid condition id : UX_CORESTACK_Condition cause : null
2024-06-01 11:29:09,297 [INFO] LogOutputStream:77 - [STDOUT_REDIRECT] 1 : Invalid condition id : UX_CORESTACK_Condition cause : null
2024-06-01 11:29:09,299 [WARN] PackLoader:240 - Cannot read IP mode file for STMicroelectronics.X-CUBE-AZRTOS-WL.2.0.0
2024-06-01 11:29:09,301 [WARN] PackLoader:240 - Cannot read IP mode file for STMicroelectronics.FP-SNS-MOTENV1.5.0.0
2024-06-01 11:29:09,307 [WARN] PackLoader:240 - Cannot read IP mode file for WES.I-CUBE-Cesium.1.3.0
2024-06-01 11:29:09,310 [WARN] PackLoader:240 - Cannot read IP mode file for STMicroelectronics.X-CUBE-BLE2.3.3.0
2024-06-01 11:29:09,314 [WARN] PackLoader:240 - Cannot read IP mode file for STMicroelectronics.X-CUBE-TCPP.4.1.0
2024-06-01 11:29:09,319 [WARN] PackLoader:240 - Cannot read IP mode file for STMicroelectronics.X-CUBE-ALGOBUILD.1.3.0
2024-06-01 11:29:09,328 [WARN] PackLoader:240 - Cannot read IP mode file for STMicroelectronics.X-CUBE-AZRTOS-G0.1.1.0
2024-06-01 11:29:09,333 [WARN] PackLoader:240 - Cannot read IP mode file for STMicroelectronics.X-CUBE-SAFEA1.1.2.2
2024-06-01 11:29:09,337 [WARN] PackLoader:240 - Cannot read IP mode file for STMicroelectronics.X-CUBE-NFC4.3.0.0
2024-06-01 11:29:09,340 [WARN] PackLoader:240 - Cannot read IP mode file for wolfSSL.I-CUBE-wolfMQTT.1.18.0
2024-06-01 11:29:09,345 [WARN] PackLoader:240 - Cannot read IP mode file for STMicroelectronics.X-CUBE-BLEMGR.3.0.0
2024-06-01 11:29:09,349 [WARN] PackLoader:240 - Cannot read IP mode file for STMicroelectronics.FP-ATR-SIGFOX1.3.2.0
2024-06-01 11:29:09,353 [WARN] PackLoader:240 - Cannot read IP mode file for STMicroelectronics.X-CUBE-EEPRMA1.5.1.0
2024-06-01 11:29:09,408 [WARN] PackLoader:240 - Cannot read IP mode file for SEGGER.I-CUBE-embOS.1.3.1
2024-06-01 11:29:09,433 [WARN] PackLoader:240 - Cannot read IP mode file for STMicroelectronics.X-CUBE-ALGOBUILD.1.4.0
2024-06-01 11:29:09,437 [WARN] PackLoader:240 - Cannot read IP mode file for STMicroelectronics.X-CUBE-GNSS1.6.0.0
2024-06-01 11:29:09,449 [WARN] PackLoader:240 - Cannot read IP mode file for STMicroelectronics.X-CUBE-AZRTOS-F4.1.1.0
2024-06-01 11:29:09,454 [WARN] PackLoader:240 - Cannot read IP mode file for STMicroelectronics.X-CUBE-FREERTOS.1.2.0
2024-06-01 11:29:09,457 [WARN] PackLoader:240 - Cannot read IP mode file for wolfSSL.I-CUBE-wolfSSL.5.6.6
2024-06-01 11:29:09,481 [WARN] PackLoader:240 - Cannot read IP mode file for STMicroelectronics.X-CUBE-AZRTOS-L5.2.0.0
2024-06-01 11:29:09,487 [WARN] PackLoader:240 - Cannot read IP mode file for STMicroelectronics.X-CUBE-EEPRMA1.4.2.0
2024-06-01 11:29:09,494 [WARN] PackLoader:240 - Cannot read IP mode file for STMicroelectronics.X-CUBE-NFC6.3.1.0
2024-06-01 11:29:09,500 [WARN] PackLoader:240 - Cannot read IP mode file for ITTIA_DB.I-CUBE-ITTIADB.8.8.0
2024-06-01 11:29:09,503 [WARN] PackLoader:240 - Cannot read IP mode file for STMicroelectronics.X-CUBE-AI.9.0.0
2024-06-01 11:29:09,507 [WARN] PackLoader:240 - Cannot read IP mode file for STMicroelectronics.X-CUBE-NFC7.1.0.1
2024-06-01 11:29:09,511 [WARN] PackLoader:240 - Cannot read IP mode file for STMicroelectronics.X-CUBE-NFC6.3.0.0
2024-06-01 11:29:09,514 [WARN] PackLoader:240 - Cannot read IP mode file for STMicroelectronics.X-CUBE-AI.8.1.0
2024-06-01 11:29:09,524 [WARN] ConditionMgr:438 - getConditionDescription Invalid condition id : LAN8742 Phy interface Condition cause : null
2024-06-01 11:29:09,525 [WARN] PackLoader:240 - Cannot read IP mode file for STMicroelectronics.X-CUBE-AZRTOS-L4.2.0.0
2024-06-01 11:29:09,526 [WARN] ConditionMgr:1039 - genDependencies : Invalid condition id : LAN8742 Phy interface Condition cause : null
2024-06-01 11:29:09,526 [WARN] ConditionMgr:1039 - genDependencies : Invalid condition id : LAN8742 Phy interface Condition cause : null
2024-06-01 11:29:09,527 [WARN] ConditionMgr:1039 - genDependencies : Invalid condition id : LAN8742 Phy interface Condition cause : null
2024-06-01 11:29:09,532 [WARN] PackLoader:240 - Cannot read IP mode file for STMicroelectronics.X-CUBE-SFXS2LP1.4.0.0
2024-06-01 11:29:09,539 [WARN] ConditionMgr:438 - getConditionDescription Invalid condition id : UX DEVICE CLASS RTOS Condition cause : null
2024-06-01 11:29:09,540 [WARN] ConditionMgr:438 - getConditionDescription Invalid condition id : UX DEVICE CLASS RTOS Condition cause : null
2024-06-01 11:29:09,541 [WARN] PackLoader:240 - Cannot read IP mode file for STMicroelectronics.X-CUBE-AZRTOS-WB.2.0.0
2024-06-01 11:29:09,541 [WARN] ConditionMgr:1039 - genDependencies : Invalid condition id : UX DEVICE CLASS RTOS Condition cause : null
2024-06-01 11:29:09,541 [WARN] ConditionMgr:1039 - genDependencies : Invalid condition id : UX DEVICE CLASS RTOS Condition cause : null
2024-06-01 11:29:09,541 [WARN] ConditionMgr:1039 - genDependencies : Invalid condition id : UX DEVICE CLASS RTOS Condition cause : null
2024-06-01 11:29:09,543 [WARN] ConditionMgr:1039 - genDependencies : Invalid condition id : UX DEVICE CLASS RTOS Condition cause : null
2024-06-01 11:29:09,543 [WARN] ConditionMgr:1039 - genDependencies : Invalid condition id : UX DEVICE CLASS RTOS Condition cause : null
2024-06-01 11:29:09,550 [WARN] PackLoader:240 - Cannot read IP mode file for STMicroelectronics.X-CUBE-SUBG2.5.0.0
2024-06-01 11:29:09,559 [WARN] PackLoader:240 - Cannot read IP mode file for STMicroelectronics.X-CUBE-AZRTOS-G4.2.0.0
2024-06-01 11:29:09,568 [WARN] PackLoader:240 - Cannot read IP mode file for Infineon.AIROC-Wi-Fi-Bluetooth-STM32.1.5.1
2024-06-01 11:29:09,573 [WARN] PackLoader:240 - Cannot read IP mode file for STMicroelectronics.FP-SNS-MOTENVWB1.1.3.1
2024-06-01 11:29:09,577 [WARN] PackLoader:240 - Cannot read IP mode file for STMicroelectronics.X-CUBE-ISPU.2.0.0
2024-06-01 11:29:09,581 [WARN] PackLoader:240 - Cannot read IP mode file for STMicroelectronics.X-CUBE-ALS.1.0.2
2024-06-01 11:29:09,606 [WARN] PackLoader:240 - Cannot read IP mode file for STMicroelectronics.X-CUBE-MEMS1.10.0.0
2024-06-01 11:29:09,665 [WARN] PackLoader:240 - Cannot read IP mode file for STMicroelectronics.X-CUBE-FREERTOS.1.1.0
2024-06-01 11:29:09,670 [WARN] PackLoader:240 - Cannot read IP mode file for portGmbH.I-Cube-SoM-uGOAL.1.1.0
2024-06-01 11:29:09,673 [WARN] PackLoader:240 - Cannot read IP mode file for STMicroelectronics.X-CUBE-ALS.1.0.1
2024-06-01 11:29:09,681 [WARN] PackLoader:240 - Cannot read IP mode file for STMicroelectronics.X-CUBE-AZRTOS-H7RS.1.0.0
2024-06-01 11:29:09,685 [WARN] PackLoader:240 - Cannot read IP mode file for STMicroelectronics.FP-ATR-ASTRA1.2.0.0
2024-06-01 11:29:09,691 [WARN] PackLoader:240 - Cannot read IP mode file for STMicroelectronics.X-CUBE-TOF1.3.4.0
2024-06-01 11:29:09,701 [WARN] PackLoader:240 - Cannot read IP mode file for STMicroelectronics.X-CUBE-TOF1.3.4.1
2024-06-01 11:29:09,718 [WARN] PackLoader:240 - Cannot read IP mode file for STMicroelectronics.X-CUBE-AZRTOS-H7.3.2.0
2024-06-01 11:29:09,719 [INFO] ThirdParty:978 - Integrity check success = true
2024-06-01 11:29:09,720 [INFO] IntegrityCheckThread:100 - exiting critical section [integrity check]
2024-06-01 11:29:09,720 [INFO] IntegrityCheckThread:103 - End integrity checks thread
2024-06-01 11:29:15,634 [INFO] McuFinderGlobals:63 - Set McuFinder mode to 2 (CubeIDE integrated)
2024-06-01 11:29:15,637 [INFO] MainUpdater:2868 - connection check result : 10
2024-06-01 11:29:15,638 [INFO] MainUpdater:2868 - connection check result : 10
2024-06-01 11:29:15,668 [INFO] MicroXplorer:468 - Change Database Path : 
2024-06-01 11:29:15,669 [INFO] MicroXplorer:498 - Change Database Version : DB.6.0.91
2024-06-01 11:29:15,671 [WARN] ThirdParty:871 - waiting for thirdparty lock release [close project]
2024-06-01 11:29:15,671 [INFO] ThirdParty:873 - entering critical section [close project]
2024-06-01 11:29:15,671 [INFO] ThirdParty:883 - exiting critical section [close project]
2024-06-01 11:29:15,672 [INFO] PinOutPanel:1499 - setPackage(No Configuration,No Configuration)
2024-06-01 11:29:15,675 [INFO] UtilMem:75 - Begin LoadConfig() Used Memory: 165717216 Bytes (269484032)
2024-06-01 11:29:15,676 [INFO] MicroXplorer:468 - Change Database Path : 
2024-06-01 11:29:15,676 [INFO] MicroXplorer:498 - Change Database Version : DB.6.0.91
2024-06-01 11:29:15,676 [INFO] OpenFileManager:308 - Change cursor
2024-06-01 11:29:15,688 [INFO] Mcu:1946 - Initializing MCU STM32L432K(B-C)Ux STM32L432KCUx STM32L432KCU3
2024-06-01 11:29:16,417 [INFO] Context:659 - Trying to add GPIOservice into a context  which must be forbidden
2024-06-01 11:29:16,870 [INFO] RtosManager:555 - Registered RTOS mode: class=CMSIS, group=RTOS, mode=CMSIS_V1, owner=FREERTOS
2024-06-01 11:29:16,870 [INFO] RtosManager:555 - Registered RTOS mode: class=CMSIS, group=RTOS2, mode=CMSIS_V2, owner=FREERTOS
2024-06-01 11:29:16,870 [INFO] RtosManager:555 - Registered RTOS mode: class=RTOS, group=Core, mode=CMSIS_V1, owner=FREERTOS
2024-06-01 11:29:16,870 [INFO] RtosManager:555 - Registered RTOS mode: class=RTOS, group=Core, mode=CMSIS_V2, owner=FREERTOS
2024-06-01 11:29:16,870 [WARN] ModelIntegratedComponent:184 - Missing modes for component STMicroelectronics:FreeRTOS:0.0.1:STMicroelectronics:RTOS:FreeRTOS:Core:::10.2.0:
2024-06-01 11:29:16,879 [WARN] ModelIntegratedComponent:63 - No mode defined for component null
2024-06-01 11:29:16,879 [WARN] ModelIntegratedComponent:63 - No mode defined for component null
2024-06-01 11:29:16,879 [WARN] ModelIntegratedComponent:63 - No mode defined for component null
2024-06-01 11:29:16,879 [WARN] ModelIntegratedComponent:63 - No mode defined for component null
2024-06-01 11:29:16,879 [WARN] ModelIntegratedComponent:63 - No mode defined for component null
2024-06-01 11:29:16,880 [WARN] ModelIntegratedComponent:63 - No mode defined for component null
2024-06-01 11:29:16,880 [WARN] ModelIntegratedComponent:63 - No mode defined for component null
2024-06-01 11:29:16,880 [WARN] ModelIntegratedComponent:63 - No mode defined for component null
2024-06-01 11:29:16,880 [WARN] ModelIntegratedComponent:63 - No mode defined for component null
2024-06-01 11:29:16,880 [WARN] ModelIntegratedComponent:63 - No mode defined for component null
2024-06-01 11:29:16,880 [WARN] ModelIntegratedComponent:63 - No mode defined for component null
2024-06-01 11:29:16,880 [WARN] ModelIntegratedComponent:63 - No mode defined for component null
2024-06-01 11:29:16,880 [WARN] ModelIntegratedComponent:63 - No mode defined for component null
2024-06-01 11:29:16,880 [WARN] ModelIntegratedComponent:63 - No mode defined for component null
2024-06-01 11:29:16,880 [WARN] ModelIntegratedComponent:63 - No mode defined for component null
2024-06-01 11:29:16,880 [WARN] ModelIntegratedComponent:63 - No mode defined for component null
2024-06-01 11:29:16,880 [WARN] ModelIntegratedComponent:63 - No mode defined for component null
2024-06-01 11:29:16,880 [WARN] ModelIntegratedComponent:63 - No mode defined for component null
2024-06-01 11:29:16,880 [WARN] ModelIntegratedComponent:63 - No mode defined for component null
2024-06-01 11:29:16,880 [WARN] ModelIntegratedComponent:63 - No mode defined for component null
2024-06-01 11:29:16,880 [WARN] ModelIntegratedComponent:63 - No mode defined for component null
2024-06-01 11:29:16,880 [WARN] ModelIntegratedComponent:63 - No mode defined for component null
2024-06-01 11:29:16,880 [WARN] ModelIntegratedComponent:63 - No mode defined for component null
2024-06-01 11:29:16,880 [WARN] ModelIntegratedComponent:63 - No mode defined for component null
2024-06-01 11:29:16,880 [WARN] ModelIntegratedComponent:63 - No mode defined for component null
2024-06-01 11:29:16,880 [WARN] ModelIntegratedComponent:63 - No mode defined for component null
2024-06-01 11:29:16,880 [WARN] ModelIntegratedComponent:63 - No mode defined for component null
2024-06-01 11:29:16,880 [WARN] ModelIntegratedComponent:63 - No mode defined for component null
2024-06-01 11:29:16,880 [WARN] ModelIntegratedComponent:63 - No mode defined for component null
2024-06-01 11:29:16,881 [WARN] ModelIntegratedComponent:63 - No mode defined for component null
2024-06-01 11:29:16,881 [WARN] ModelIntegratedComponent:63 - No mode defined for component null
2024-06-01 11:29:16,881 [WARN] ModelIntegratedComponent:63 - No mode defined for component null
2024-06-01 11:29:16,881 [WARN] ModelIntegratedComponent:63 - No mode defined for component null
2024-06-01 11:29:16,961 [INFO] ThirdPartyModel:298 - Start build external matchings
2024-06-01 11:29:17,221 [INFO] ThirdPartyModel:316 - End build external matchings
2024-06-01 11:29:17,230 [INFO] RtosManager:919 - Current active RTOS is FREERTOS [Cortex-M4NS]
2024-06-01 11:29:17,236 [INFO] ImportTextPane:194 - (OptionalMessage_ERROR) IP (RCC) : Invalid parameter (48CLKFreq_Value)
2024-06-01 11:29:17,236 [INFO] ImportTextPane:194 - (OptionalMessage_ERROR) IP (RCC) : Invalid parameter (FamilyName)
2024-06-01 11:29:17,237 [INFO] ImportTextPane:194 - (OptionalMessage_ERROR) IP (RCC) : Invalid parameter (HSI16_VALUE)
2024-06-01 11:29:17,237 [INFO] ImportTextPane:194 - (OptionalMessage_ERROR) IP (RCC) : Invalid parameter (LPTIMFreq_Value)
2024-06-01 11:29:17,237 [INFO] ImportTextPane:194 - (OptionalMessage_ERROR) IP (RCC) : Invalid parameter (LPUARTFreq_Value)
2024-06-01 11:29:17,237 [INFO] ImportTextPane:194 - (OptionalMessage_ERROR) IP (RCC) : Invalid parameter (MCOPinFreq_Value)
2024-06-01 11:29:17,237 [INFO] ImportTextPane:194 - (OptionalMessage_ERROR) IP (RCC) : Invalid parameter (PLLCLKFreq_Value)
2024-06-01 11:29:17,237 [INFO] ImportTextPane:194 - (OptionalMessage_ERROR) IP (RCC) : Invalid parameter (PLLMUL)
2024-06-01 11:29:17,237 [INFO] ImportTextPane:194 - (OptionalMessage_ERROR) IP (RCC) : Invalid parameter (RTCHSEDivFreq_Value)
2024-06-01 11:29:17,238 [INFO] ImportTextPane:194 - (OptionalMessage_ERROR) IP (RCC) : Invalid parameter (TIMFreq_Value)
2024-06-01 11:29:17,238 [INFO] ImportTextPane:194 - (OptionalMessage_ERROR) IP (RCC) : Invalid parameter (TimerFreq_Value)
2024-06-01 11:29:17,385 [INFO] UtilMem:75 - End LoadConfig() Used Memory: 187267336 Bytes (269484032)
2024-06-01 11:29:17,464 [INFO] ApiDb:581 - Connected to CubeFinder SQLite database (C:\Users\samue\.stmcufinder\plugins\mcufinder\mcu\cube-finder-db.db)
2024-06-01 11:29:17,531 [INFO] ApiDb:668 - CubeFinder database Data Model version=2.1
2024-06-01 11:29:17,531 [INFO] ApiDb:669 - CubeFinder database Configuration version=3.0.39
2024-06-01 11:29:17,532 [INFO] ApiDb:670 - CubeFinder database generation date=2024-05-16 (1715872938)
2024-06-01 11:29:17,532 [INFO] ApiDb:671 - CubeFinder database FW Pack versions=[FP-ATR-ASTRA1_V2.0.0, FP-SNS-FLIGHT1_V5.0.1, FP-SNS-FLIGHT1_V5.0.2, FP-SNS-MOTENV1_V4.3.1, FP-SNS-MOTENV1_V4.3.2, FP-SNS-MOTENV1_V5.0.0, FP-SNS-MOTENVWB1_V1.4.0, FP-SNS-SMARTAG2_V1.2.0, STM32Cube_FW_C0_V1.1.0, STM32Cube_FW_F4_V1.28.0, STM32Cube_FW_F7_V1.17.0, STM32Cube_FW_G0_V1.6.2, STM32Cube_FW_G4_V1.5.2, STM32Cube_FW_H5_V0.5.1, STM32Cube_FW_H5_V1.1.1, STM32Cube_FW_H5_V1.2.0, STM32Cube_FW_H5_V1.2.0RC4, STM32Cube_FW_H7RS_V1.0.0, STM32Cube_FW_H7RS_V1.0.0RC4, STM32Cube_FW_H7_V1.11.0, STM32Cube_FW_L0_V1.12.2, STM32Cube_FW_L5_V1.5.1, STM32Cube_FW_U0_V1.0.0, STM32Cube_FW_U0_V1.0.0RC1, STM32Cube_FW_U5_V1.3.0RC4, STM32Cube_FW_U5_V1.5.0, STM32Cube_FW_U5_V1.5.0RC1, STM32Cube_FW_WBA_V1.0.0RC1, STM32Cube_FW_WBA_V1.2.0, STM32Cube_FW_WBA_V1.2.0RC2, STM32Cube_FW_WBA_V1.3.0, STM32Cube_FW_WBA_V1.3.0RC1, STM32Cube_FW_WB_V1.15.0RC1, STM32Cube_FW_WB_V1.16.0, STM32Cube_FW_WB_V1.16.0RC2, STM32Cube_FW_WB_V1.18.0, STM32Cube_FW_WB_V1.19.0, STM32Cube_FW_WL_V1.3.0, X-CUBE-ALGOBUILD_V1.4.0, X-CUBE-ALS_V1.0.1, X-CUBE-AZRTOS-F4_V1.1.0, X-CUBE-AZRTOS-F7_V1.1.0, X-CUBE-AZRTOS-G0_V1.1.0, X-CUBE-AZRTOS-G4_V2.0.0, X-CUBE-AZRTOS-H7_V3.2.0, X-CUBE-AZRTOS-L4_V1.0.0, X-CUBE-AZRTOS-L4_V2.0.0, X-CUBE-AZRTOS-L5_V1.1.0, X-CUBE-AZRTOS-WB_V2.0.0, X-CUBE-AZRTOS-WL_V2.0.0, X-CUBE-BLE1_V7.0.0, X-CUBE-BLE2_V3.3.0, X-CUBE-BLEMGR_V3.1.0, X-CUBE-EEPRMA1_V4.1.0, X-CUBE-EEPRMA1_V5.1.0, X-CUBE-FREERTOS_V1.1.0, X-CUBE-GNSS1_V6.0.0, X-CUBE-MEMS1_V10.0.0, X-CUBE-MEMS1_V9.1.0, X-CUBE-MEMS1_V9.4.0, X-CUBE-MEMS1_V9.6.0, X-CUBE-NFC4_V3.0.0, X-CUBE-NFC7_V1.0.1, X-CUBE-SFXS2LP1_V4.0.0, X-CUBE-SUBG2_V5.0.0, X-CUBE-TOF1_V3.4.0]
2024-06-01 11:29:19,080 [INFO] ApiDb:240 - Found 323 in-development CPN: [B-G473E-ZEST1S, B-WB1M-WPAN1, B-WL5M-SUBG1, NUCLEO-C031C6, NUCLEO-H503RB, NUCLEO-H563ZI, NUCLEO-U545RE-Q, NUCLEO-U5A5ZJ-Q, NUCLEO-WBA52CG, STEVAL-PROTEUS1, STEVAL-SMARTAG2, STEVAL-STWINBX1, STM320518-EVAL, STM32C0116-DK, STM32C011D6Y3TR, STM32C011D6Y6TR, STM32C011F4P3, STM32C011F4P6, STM32C011F4U3, STM32C011F4U6TR, STM32C011F6P3, STM32C011F6P6, STM32C011F6U3, STM32C011F6U6TR, STM32C011J4M3, STM32C011J4M6, STM32C011J6M3, STM32C011J6M6, STM32C0316-DK, STM32C031C4T3, STM32C031C4T6, STM32C031C4U3, STM32C031C4U6, STM32C031C6T3, STM32C031C6T6, STM32C031C6U3, STM32C031C6U6, STM32C031F4P3, STM32C031F4P6, STM32C031F6P3, STM32C031F6P6, STM32C031G4U3, STM32C031G4U6, STM32C031G6U3, STM32C031G6U6, STM32C031K4T3, STM32C031K4T6, STM32C031K4U3, STM32C031K4U6, STM32C031K6T3, STM32C031K6T6, STM32C031K6U3, STM32C031K6U6, STM32G071K8TXN, STM32G071K8UXN, STM32G081GBU6N, STM32G081KBT6N, STM32G081KBUXN, STM32G0B1CCT6N, STM32G0B1KCT6, STM32G0B1NEY6TR, STM32G0B1RCT6N, STM32G0C1CCT6, STM32G0C1CCT6N, STM32G0C1CCU6N, STM32G0C1CET6N, STM32G0C1CEU6N, STM32G0C1KCT6, STM32G0C1NEY6TR, STM32G0C1RCI6N, STM32G0C1RCT6N, STM32G0C1REI6N, STM32G0C1RET6N, STM32G0C1VCI6, STM32G0C1VEI6, STM32G471CCT6, STM32G471CCU6, STM32G471CET3, STM32G471CET6, STM32G471CEU3, STM32G471CEU6, STM32G471MCT6, STM32G471MET3, STM32G471MET6, STM32G471MEY6TR, STM32G471QCT6, STM32G471QET3, STM32G471RCT6, STM32G471RET3, STM32G471RET6, STM32G471VCH6, STM32G471VCI6, STM32G471VCT6, STM32G471VEH3, STM32G471VEH6, STM32G471VEI3, STM32G471VEI6, STM32G471VET3, STM32G471VET6, STM32G474CCT6, STM32H503CBT6, STM32H503CBU6, STM32H503EBY6TR, STM32H503KBU6, STM32H503RBT6, STM32H562AGI6, STM32H562AII6, STM32H562IGK6, STM32H562IGT6, STM32H562IIK6, STM32H562IIT6, STM32H562RGT6, STM32H562RGV6, STM32H562RIT6, STM32H562RIV6, STM32H562VGT6, STM32H562VIT6, STM32H562ZGT6, STM32H562ZIT6, STM32H563AGI6, STM32H563AII3Q, STM32H563AII6, STM32H563IGK6, STM32H563IGT6, STM32H563IIK3Q, STM32H563IIK6, STM32H563IIT3Q, STM32H563IIT6, STM32H563MIY3QTR, STM32H563RGT6, STM32H563RGV6, STM32H563RIT6, STM32H563RIV6, STM32H563VGT6, STM32H563VIT3Q, STM32H563VIT6, STM32H563ZGT6, STM32H563ZIT3Q, STM32H563ZIT6, STM32H573AII3Q, STM32H573AII6, STM32H573I-DK, STM32H573IIK3Q, STM32H573IIK6, STM32H573IIT3Q, STM32H573IIT6, STM32H573MIY3QTR, STM32H573RIT6, STM32H573RIV6, STM32H573VIT3Q, STM32H573VIT6, STM32H573ZIT3Q, STM32H573ZIT6, STM32L4R5QGI6STR, STM32MP131AAE3, STM32MP131AAF3, STM32MP131AAG3, STM32MP131CAE3, STM32MP131CAF3, STM32MP131CAG3, STM32MP131DAE7, STM32MP131DAF7, STM32MP131DAG7, STM32MP131FAE7, STM32MP131FAF7, STM32MP131FAG7, STM32MP133AAE3, STM32MP133AAF3, STM32MP133AAG3, STM32MP133CAE3, STM32MP133CAF3, STM32MP133CAG3, STM32MP133DAE7, STM32MP133DAF7, STM32MP133DAG7, STM32MP133FAE7, STM32MP133FAF7, STM32MP133FAG7, STM32MP135AAE3, STM32MP135AAF3, STM32MP135AAG3, STM32MP135CAE3, STM32MP135CAF3, STM32MP135CAG3, STM32MP135DAE7, STM32MP135DAF7, STM32MP135DAG7, STM32MP135F-DK, STM32MP135FAE7, STM32MP135FAF7, STM32MP135FAF7T, STM32MP135FAF7U, STM32MP135FAG7, STM32U535CBT6, STM32U535CBT6Q, STM32U535CBU6, STM32U535CBU6Q, STM32U535CCT6, STM32U535CCT6Q, STM32U535CCU6, STM32U535CCU6Q, STM32U535CET6, STM32U535CET6Q, STM32U535CEU6, STM32U535CEU6Q, STM32U535JEY6QTR, STM32U535NCY6QTR, STM32U535NEY6QTR, STM32U535RBI6, STM32U535RBI6Q, STM32U535RBT6, STM32U535RBT6Q, STM32U535RCI6, STM32U535RCI6Q, STM32U535RCT6, STM32U535RCT6Q, STM32U535REI6, STM32U535REI6Q, STM32U535RET6, STM32U535RET6Q, STM32U535VCI6, STM32U535VCI6Q, STM32U535VCT6, STM32U535VCT6Q, STM32U535VEI6, STM32U535VEI6Q, STM32U535VET6, STM32U535VET6Q, STM32U545CET6, STM32U545CET6Q, STM32U545CEU6, STM32U545CEU6Q, STM32U545JEY6QTR, STM32U545NEY6QTR, STM32U545REI6, STM32U545REI6Q, STM32U545RET6, STM32U545RET6Q, STM32U545VEI6, STM32U545VEI6Q, STM32U545VET6, STM32U545VET6Q, STM32U595AIH6, STM32U595AIH6Q, STM32U595AJH6, STM32U595AJH6Q, STM32U595QII6, STM32U595QII6Q, STM32U595QJI6, STM32U595QJI6Q, STM32U595RIT6, STM32U595RIT6Q, STM32U595RJT6, STM32U595RJT6Q, STM32U595VIT6, STM32U595VIT6Q, STM32U595VJT6, STM32U595VJT6Q, STM32U595ZIT6, STM32U595ZIT6Q, STM32U595ZIY6QTR, STM32U595ZJT6, STM32U595ZJT6Q, STM32U595ZJY6QTR, STM32U599BJY6QTR, STM32U599NIH6Q, STM32U599NJH6Q, STM32U599VIT6Q, STM32U599VJT6, STM32U599VJT6Q, STM32U599ZIT6Q, STM32U599ZIY6QTR, STM32U599ZJT6Q, STM32U599ZJY6QTR, STM32U5A5AJH6, STM32U5A5AJH6Q, STM32U5A5QJI6, STM32U5A5QJI6Q, STM32U5A5RJT6, STM32U5A5RJT6Q, STM32U5A5VJT6, STM32U5A5VJT6Q, STM32U5A5ZJT6, STM32U5A5ZJT6Q, STM32U5A5ZJY6QTR, STM32U5A9BJY6QTR, STM32U5A9J-DK, STM32U5A9NJH6Q, STM32U5A9VJT6Q, STM32U5A9ZJT6Q, STM32U5A9ZJY6QTR, STM32U5F7VIT6, STM32U5F7VIT6Q, STM32U5F7VJT6, STM32U5F7VJT6Q, STM32U5F9BJY6QTR, STM32U5F9NJH6Q, STM32U5F9VIT6Q, STM32U5F9VJT6Q, STM32U5F9ZIJ6QTR, STM32U5F9ZIT6Q, STM32U5F9ZJJ6QTR, STM32U5F9ZJT6Q, STM32U5G7VJT6, STM32U5G7VJT6Q, STM32U5G9BJY6QTR, STM32U5G9J-DK1, STM32U5G9J-DK2, STM32U5G9NJH6Q, STM32U5G9VJT6Q, STM32U5G9ZJJ6QTR, STM32U5G9ZJT6Q, STM32WB1MMCH6, STM32WBA52CEU6, STM32WBA52CEU6T, STM32WBA52CGU6, STM32WBA52CGU6T, STM32WBA52KEU6, STM32WBA52KEU6T, STM32WBA52KGU6, STM32WBA52KGU6T, STM32WL5MOCH6, STM32WL5MOCH6TR]
2024-06-01 11:29:19,084 [INFO] DbMcus:217 - Found 4073 MCUs, 4073 are supported
2024-06-01 11:29:19,085 [INFO] ApiDb:423 - Load user favorites file C:\Users\samue/.stm32cubeide/favorites.mcus.txt: 1 item(s)
2024-06-01 11:29:19,085 [INFO] ApiDb:427 - User favorites MCUs=[STM32L432KCU3]
2024-06-01 11:29:19,086 [INFO] DbMcus:223 - Set 1 / 1 favorites MCUs
2024-06-01 11:29:19,331 [WARN] ThirdParty:833 - waiting for thirdparty lock release [change project]
2024-06-01 11:29:19,331 [INFO] ThirdParty:835 - entering critical section [change project]
2024-06-01 11:29:19,332 [INFO] ThirdParty:1030 - CMSIS Pack Vendor :STMicroelectronics USBPD 4.1
2024-06-01 11:29:19,332 [INFO] ThirdParty:1030 - CMSIS Pack Vendor :STMicroelectronics X-CUBE-GNSS1 6.0.0
2024-06-01 11:29:19,332 [INFO] ThirdParty:1030 - CMSIS Pack Vendor :STMicroelectronics USB_HOST 2.0.0
2024-06-01 11:29:19,332 [INFO] ThirdParty:1030 - CMSIS Pack Vendor :STMicroelectronics FP-SNS-MOTENVWB1 1.4.0
2024-06-01 11:29:19,332 [INFO] ThirdParty:1030 - CMSIS Pack Vendor :STMicroelectronics X-CUBE-AZRTOS-F4 1.1.0
2024-06-01 11:29:19,332 [INFO] ThirdParty:1030 - CMSIS Pack Vendor :STMicroelectronics LIBJPEG 8.0.0
2024-06-01 11:29:19,332 [INFO] ThirdParty:1030 - CMSIS Pack Vendor :STMicroelectronics X-CUBE-SMBUS 2.1.0
2024-06-01 11:29:19,332 [INFO] ThirdParty:1030 - CMSIS Pack Vendor :STMicroelectronics USB_DEVICE 3.0.0
2024-06-01 11:29:19,332 [INFO] ThirdParty:1030 - CMSIS Pack Vendor :STMicroelectronics X-CUBE-TCPP 4.1.0
2024-06-01 11:29:19,332 [INFO] ThirdParty:1030 - CMSIS Pack Vendor :STMicroelectronics X-CUBE-FREERTOS 1.2.0
2024-06-01 11:29:19,332 [INFO] ThirdParty:1030 - CMSIS Pack Vendor :STMicroelectronics X-CUBE-AZRTOS-WB 2.0.0
2024-06-01 11:29:19,332 [INFO] ThirdParty:1030 - CMSIS Pack Vendor :wolfSSL I-CUBE-wolfSSL 5.6.6
2024-06-01 11:29:19,332 [INFO] ThirdParty:1030 - CMSIS Pack Vendor :STMicroelectronics X-CUBE-TOUCHGFX 4.23.0
2024-06-01 11:29:19,332 [INFO] ThirdParty:1030 - CMSIS Pack Vendor :STMicroelectronics X-CUBE-TOUCHGFX 4.23.2
2024-06-01 11:29:19,332 [INFO] ThirdParty:1030 - CMSIS Pack Vendor :STMicroelectronics X-CUBE-AZRTOS-F7 1.1.0
2024-06-01 11:29:19,332 [INFO] ThirdParty:1030 - CMSIS Pack Vendor :STMicroelectronics X-CUBE-AZRTOS-L5 2.0.0
2024-06-01 11:29:19,332 [INFO] ThirdParty:1030 - CMSIS Pack Vendor :STMicroelectronics USB_DEVICE 2.0.0
2024-06-01 11:29:19,332 [INFO] ThirdParty:1030 - CMSIS Pack Vendor :STMicroelectronics X-CUBE-EEPRMA1 4.2.0
2024-06-01 11:29:19,332 [INFO] ThirdParty:1030 - CMSIS Pack Vendor :STMicroelectronics X-CUBE-NFC6 3.1.0
2024-06-01 11:29:19,332 [INFO] ThirdParty:1030 - CMSIS Pack Vendor :ITTIA_DB I-CUBE-ITTIADB 8.8.0
2024-06-01 11:29:19,332 [INFO] ThirdParty:1030 - CMSIS Pack Vendor :STMicroelectronics FP-SNS-MOTENV1 4.3.2
2024-06-01 11:29:19,332 [INFO] ThirdParty:1030 - CMSIS Pack Vendor :STMicroelectronics X-CUBE-ALGOBUILD 1.3.0
2024-06-01 11:29:19,332 [INFO] ThirdParty:1030 - CMSIS Pack Vendor :STMicroelectronics FreeRTOS 0.0.1
2024-06-01 11:29:19,332 [INFO] ThirdParty:1030 - CMSIS Pack Vendor :STMicroelectronics X-CUBE-AZRTOS-G0 1.1.0
2024-06-01 11:29:19,332 [INFO] ThirdParty:1030 - CMSIS Pack Vendor :STMicroelectronics X-CUBE-SAFEA1 1.2.2
2024-06-01 11:29:19,332 [INFO] ThirdParty:1030 - CMSIS Pack Vendor :STMicroelectronics X-CUBE-NFC4 3.0.0
2024-06-01 11:29:19,332 [INFO] ThirdParty:1030 - CMSIS Pack Vendor :STMicroelectronics X-CUBE-SUBG2 5.0.0
2024-06-01 11:29:19,332 [INFO] ThirdParty:1030 - CMSIS Pack Vendor :STMicroelectronics STM32_WPAN 1.0.0
2024-06-01 11:29:19,332 [INFO] ThirdParty:1030 - CMSIS Pack Vendor :wolfSSL I-CUBE-wolfMQTT 1.18.0
2024-06-01 11:29:19,332 [INFO] ThirdParty:1030 - CMSIS Pack Vendor :STMicroelectronics lwIP 2.0.3
2024-06-01 11:29:19,332 [INFO] ThirdParty:1030 - CMSIS Pack Vendor :STMicroelectronics FP-SNS-FLIGHT1 5.0.2
2024-06-01 11:29:19,332 [INFO] ThirdParty:1030 - CMSIS Pack Vendor :STMicroelectronics USB_HOST 1.0.0
2024-06-01 11:29:19,332 [INFO] ThirdParty:1030 - CMSIS Pack Vendor :STMicroelectronics X-CUBE-AI 9.0.0
2024-06-01 11:29:19,333 [INFO] ThirdParty:1030 - CMSIS Pack Vendor :STMicroelectronics X-CUBE-AZRTOS-G4 2.0.0
2024-06-01 11:29:19,333 [INFO] ThirdParty:1030 - CMSIS Pack Vendor :STMicroelectronics PDM2PCM 3.1.0
2024-06-01 11:29:19,333 [INFO] ThirdParty:1030 - CMSIS Pack Vendor :Infineon AIROC-Wi-Fi-Bluetooth-STM32 1.5.1
2024-06-01 11:29:19,333 [INFO] ThirdParty:1030 - CMSIS Pack Vendor :STMicroelectronics X-CUBE-BLEMGR 3.0.0
2024-06-01 11:29:19,333 [INFO] ThirdParty:1030 - CMSIS Pack Vendor :STMicroelectronics PDM2PCM 3.3.0
2024-06-01 11:29:19,333 [INFO] ThirdParty:1030 - CMSIS Pack Vendor :STMicroelectronics X-CUBE-DISPLAY 3.0.0
2024-06-01 11:29:19,333 [INFO] ThirdParty:1030 - CMSIS Pack Vendor :STMicroelectronics FP-SNS-MOTENVWB1 1.3.1
2024-06-01 11:29:19,333 [INFO] ThirdParty:1030 - CMSIS Pack Vendor :STMicroelectronics X-CUBE-BLE1 7.0.0
2024-06-01 11:29:19,333 [INFO] ThirdParty:1030 - CMSIS Pack Vendor :STMicroelectronics FP-ATR-SIGFOX1 3.2.0
2024-06-01 11:29:19,333 [INFO] ThirdParty:1030 - CMSIS Pack Vendor :STMicroelectronics X-CUBE-ISPU 2.0.0
2024-06-01 11:29:19,333 [INFO] ThirdParty:1030 - CMSIS Pack Vendor :STMicroelectronics X-CUBE-EEPRMA1 5.1.0
2024-06-01 11:29:19,333 [INFO] ThirdParty:1030 - CMSIS Pack Vendor :STMicroelectronics HAL Drivers 0.0.0
2024-06-01 11:29:19,333 [INFO] ThirdParty:1030 - CMSIS Pack Vendor :STMicroelectronics MBEDTLS 2.16.2
2024-06-01 11:29:19,333 [INFO] ThirdParty:1030 - CMSIS Pack Vendor :STMicroelectronics X-CUBE-ALS 1.0.2
2024-06-01 11:29:19,333 [INFO] ThirdParty:1030 - CMSIS Pack Vendor :emotas I-CUBE-CANOPEN 1.3.0
2024-06-01 11:29:19,333 [INFO] ThirdParty:1030 - CMSIS Pack Vendor :STMicroelectronics X-CUBE-MEMS1 10.0.0
2024-06-01 11:29:19,333 [INFO] ThirdParty:1030 - CMSIS Pack Vendor :STMicroelectronics X-CUBE-FREERTOS 1.1.0
2024-06-01 11:29:19,333 [INFO] ThirdParty:1030 - CMSIS Pack Vendor :STMicroelectronics X-CUBE-NFC7 1.0.1
2024-06-01 11:29:19,333 [INFO] ThirdParty:1030 - CMSIS Pack Vendor :STMicroelectronics MBEDTLS 2.14.1
2024-06-01 11:29:19,333 [INFO] ThirdParty:1030 - CMSIS Pack Vendor :STMicroelectronics X-CUBE-NFC6 3.0.0
2024-06-01 11:29:19,333 [INFO] ThirdParty:1030 - CMSIS Pack Vendor :portGmbH I-Cube-SoM-uGOAL 1.1.0
2024-06-01 11:29:19,333 [INFO] ThirdParty:1030 - CMSIS Pack Vendor :STMicroelectronics X-CUBE-ALS 1.0.1
2024-06-01 11:29:19,333 [INFO] ThirdParty:1030 - CMSIS Pack Vendor :STMicroelectronics X-CUBE-BLEMGR 3.1.0
2024-06-01 11:29:19,333 [INFO] ThirdParty:1030 - CMSIS Pack Vendor :STMicroelectronics ThreadX 1.0.0
2024-06-01 11:29:19,333 [INFO] ThirdParty:1030 - CMSIS Pack Vendor :STMicroelectronics FP-SNS-SMARTAG2 1.2.0
2024-06-01 11:29:19,333 [INFO] ThirdParty:1030 - CMSIS Pack Vendor :STMicroelectronics X-CUBE-AZRTOS-WL 2.0.0
2024-06-01 11:29:19,333 [INFO] ThirdParty:1030 - CMSIS Pack Vendor :SEGGER I-CUBE-embOS 1.3.1
2024-06-01 11:29:19,333 [INFO] ThirdParty:1030 - CMSIS Pack Vendor :STMicroelectronics X-CUBE-ALGOBUILD 1.4.0
2024-06-01 11:29:19,333 [INFO] ThirdParty:1030 - CMSIS Pack Vendor :STMicroelectronics FP-SNS-MOTENV1 5.0.0
2024-06-01 11:29:19,333 [INFO] ThirdParty:1030 - CMSIS Pack Vendor :STMicroelectronics USB_DEVICE 1.0.0
2024-06-01 11:29:19,333 [INFO] ThirdParty:1030 - CMSIS Pack Vendor :STMicroelectronics X-CUBE-AI 8.1.0
2024-06-01 11:29:19,333 [INFO] ThirdParty:1030 - CMSIS Pack Vendor :STMicroelectronics X-CUBE-AZRTOS-H7RS 1.0.0
2024-06-01 11:29:19,333 [INFO] ThirdParty:1030 - CMSIS Pack Vendor :STMicroelectronics X-CUBE-AZRTOS-L4 2.0.0
2024-06-01 11:29:19,333 [INFO] ThirdParty:1030 - CMSIS Pack Vendor :STMicroelectronics ThreadX 0.0.2
2024-06-01 11:29:19,333 [INFO] ThirdParty:1030 - CMSIS Pack Vendor :WES I-CUBE-Cesium 1.3.0
2024-06-01 11:29:19,333 [INFO] ThirdParty:1030 - CMSIS Pack Vendor :STMicroelectronics FP-ATR-ASTRA1 2.0.0
2024-06-01 11:29:19,333 [INFO] ThirdParty:1030 - CMSIS Pack Vendor :STMicroelectronics lwIP 2.1.2
2024-06-01 11:29:19,333 [INFO] ThirdParty:1030 - CMSIS Pack Vendor :STMicroelectronics X-CUBE-SFXS2LP1 4.0.0
2024-06-01 11:29:19,333 [INFO] ThirdParty:1030 - CMSIS Pack Vendor :STMicroelectronics X-CUBE-BLE2 3.3.0
2024-06-01 11:29:19,333 [INFO] ThirdParty:1030 - CMSIS Pack Vendor :STMicroelectronics X-CUBE-TOF1 3.4.0
2024-06-01 11:29:19,333 [INFO] ThirdParty:1030 - CMSIS Pack Vendor :STMicroelectronics X-CUBE-TOF1 3.4.1
2024-06-01 11:29:19,333 [INFO] ThirdParty:1030 - CMSIS Pack Vendor :STMicroelectronics X-CUBE-AZRTOS-H7 3.2.0
2024-06-01 11:29:19,333 [INFO] ThirdParty:1030 - CMSIS Pack Vendor :STMicroelectronics PDM2PCM 3.2.0
2024-06-01 11:29:19,333 [INFO] ThirdParty:841 - exiting critical section [change project]
2024-06-01 11:29:19,534 [INFO] PinOutPanel:1499 - setPackage(No Configuration,No Configuration)
2024-06-01 11:29:19,535 [INFO] PinOutPanel:1499 - setPackage(STM32L432KCUx,UFQFPN32)
2024-06-01 11:29:19,882 [INFO] UtilMem:75 - Before build in PCC Used Memory: 222149800 Bytes (269484032)
2024-06-01 11:29:20,603 [INFO] UtilMem:75 - After build in PCC Used Memory: 212187736 Bytes (269484032)
2024-06-01 11:29:20,694 [INFO] ApiDbMcu:507 - Load IP Config File for FREERTOS
2024-06-01 11:29:20,708 [INFO] IPUIPlugin:80 - create IPUIPlugin
2024-06-01 11:29:20,708 [INFO] IPUIPlugin:80 - create IPUIPlugin
2024-06-01 11:29:20,708 [INFO] IPUIPlugin:80 - create IPUIPlugin
2024-06-01 11:29:20,708 [INFO] IPUIPlugin:80 - create IPUIPlugin
2024-06-01 11:29:20,708 [INFO] IPUIPlugin:80 - create IPUIPlugin
2024-06-01 11:29:20,708 [INFO] IPUIPlugin:80 - create IPUIPlugin
2024-06-01 11:29:20,708 [INFO] IPUIPlugin:80 - create IPUIPlugin
2024-06-01 11:29:20,708 [INFO] IPUIPlugin:80 - create IPUIPlugin
2024-06-01 11:29:20,708 [INFO] IPUIPlugin:80 - create IPUIPlugin
2024-06-01 11:29:20,708 [INFO] IPUIPlugin:80 - create IPUIPlugin
2024-06-01 11:29:20,708 [INFO] IPUIPlugin:80 - create IPUIPlugin
2024-06-01 11:29:20,708 [INFO] IPUIPlugin:80 - create IPUIPlugin
2024-06-01 11:29:20,709 [INFO] IPUIPlugin:80 - create IPUIPlugin
2024-06-01 11:29:20,709 [INFO] IPUIPlugin:80 - create IPUIPlugin
2024-06-01 11:29:20,709 [INFO] IPUIPlugin:80 - create IPUIPlugin
2024-06-01 11:29:20,709 [INFO] IPUIPlugin:80 - create IPUIPlugin
2024-06-01 11:29:20,709 [INFO] IPUIPlugin:80 - create IPUIPlugin
2024-06-01 11:29:20,709 [INFO] IPUIPlugin:80 - create IPUIPlugin
2024-06-01 11:29:20,710 [INFO] IPUIPlugin:80 - create IPUIPlugin
2024-06-01 11:29:20,710 [INFO] IPUIPlugin:80 - create IPUIPlugin
2024-06-01 11:29:20,710 [INFO] IPUIPlugin:80 - create IPUIPlugin
2024-06-01 11:29:20,710 [INFO] IPUIPlugin:80 - create IPUIPlugin
2024-06-01 11:29:20,710 [INFO] IPUIPlugin:80 - create IPUIPlugin
2024-06-01 11:29:20,710 [INFO] IPUIPlugin:80 - create IPUIPlugin
2024-06-01 11:29:20,710 [INFO] IPUIPlugin:80 - create IPUIPlugin
2024-06-01 11:29:20,710 [INFO] IPUIPlugin:80 - create IPUIPlugin
2024-06-01 11:29:20,710 [INFO] IPUIPlugin:80 - create IPUIPlugin
2024-06-01 11:29:20,710 [INFO] IPUIPlugin:80 - create IPUIPlugin
2024-06-01 11:29:20,710 [INFO] IPUIPlugin:80 - create IPUIPlugin
2024-06-01 11:29:20,710 [INFO] IPUIPlugin:80 - create IPUIPlugin
2024-06-01 11:29:20,710 [INFO] IPUIPlugin:80 - create IPUIPlugin
2024-06-01 11:29:20,710 [INFO] IPUIPlugin:80 - create IPUIPlugin
2024-06-01 11:29:20,711 [INFO] IPUIPlugin:80 - create IPUIPlugin
2024-06-01 11:29:20,711 [INFO] IPUIPlugin:80 - create IPUIPlugin
2024-06-01 11:29:20,711 [INFO] IPUIPlugin:80 - create IPUIPlugin
2024-06-01 11:29:20,711 [INFO] IPUIPlugin:80 - create IPUIPlugin
2024-06-01 11:29:20,711 [INFO] IPUIPlugin:80 - create IPUIPlugin
2024-06-01 11:29:20,711 [INFO] IPUIPlugin:80 - create IPUIPlugin
2024-06-01 11:29:20,714 [INFO] IPUIPlugin:80 - create IPUIPlugin
2024-06-01 11:29:20,714 [INFO] IPUIPlugin:80 - create IPUIPlugin
2024-06-01 11:29:20,714 [INFO] IPUIPlugin:80 - create IPUIPlugin
2024-06-01 11:29:20,744 [WARN] FreeRTOS:1023 - Null or empty value: should not occur! (nothing added to the table)
2024-06-01 11:29:20,860 [INFO] CADModel:165 - CPN selected for project levelSTM32L432KCU3
2024-06-01 11:29:20,860 [INFO] CADModel:114 - Register for checkConnection events
2024-06-01 11:29:20,861 [INFO] RtosManager:697 - Active RTOS found at IOC load: FREERTOS [Cortex-M4NS]
2024-06-01 11:29:20,899 [INFO] OpenFileManager:328 - Restore cursor
2024-06-01 11:29:28,351 [ERROR] LogOutputStream:75 - [STDERR_REDIRECT] SLF4J: Failed to load class "org.slf4j.impl.StaticLoggerBinder".
2024-06-01 11:29:28,352 [ERROR] LogOutputStream:75 - [STDERR_REDIRECT] SLF4J: Defaulting to no-operation (NOP) logger implementation
2024-06-01 11:29:28,352 [ERROR] LogOutputStream:75 - [STDERR_REDIRECT] SLF4J: See http://www.slf4j.org/codes.html#StaticLoggerBinder for further details.
2024-06-01 20:04:06,462 [ERROR] ConfigurationRetriever:142 - IOException on connection: Read timed out
2024-06-01 20:04:08,489 [ERROR] ConfigurationRetriever:142 - IOException on connection: Read timed out
2024-06-01 20:04:10,516 [ERROR] ConfigurationRetriever:142 - IOException on connection: Read timed out
2024-06-01 21:09:27,218 [ERROR] LogOutputStream:75 - [STDERR_REDIRECT] 
